<?xml version="1.0" encoding="utf-8"?>
<TestRun id="fab80e87-97ac-4641-8691-cad2f7ca5105" name="@macbookpro 2026-08-04 18:56:53" xmlns="http://microsoft.com/schemas/VisualStudio/TeamTest/2010">
  <Times creation="2026-08-04T18:56:53.8208920+10:00" queuing="2026-08-04T18:56:53.8208920+10:00" start="2026-08-04T18:56:53.3520370+10:00" finish="2026-08-04T18:56:53.8424320+10:00" />
  <TestSettings name="default" id="2a41047d-22bb-40f4-a5a1-aa66decbbfe1">
    <Deployment runDeploymentRoot="_macbookpro_2026-08-04_18_56_53" />
  </TestSettings>
  <Results>
    <UnitTestResult executionId="8def8e68-da09-4d6d-9139-450e7e12f4ff" testId="2df55b6a-7f8e-4661-6944-b0470eb1dba0" testName="SecureFlow.Tests.Security.AuthorizationBoundaryTests.NormalUserCannotUseAdministratorFunctions" computerName="macbookpro" duration="00:00:00.0000742" startTime="2026-08-04T18:56:53.7966950+10:00" endTime="2026-08-04T18:56:53.7967190+10:00" testType="13cdc9d9-ddb5-4fa4-a97d-d965ccfc6d4b" outcome="Passed" testListId="8c84fa94-04c1-424b-9868-57a2d4851a1d" relativeResultsDirectory="8def8e68-da09-4d6d-9139-450e7e12f4ff" />
    <UnitTestResult executionId="bf3aebb9-ba64-4833-b67b-e67e0f923577" testId="1c7a1c16-66f3-58fa-7369-52b3fb1d3ee0" testName="SecureFlow.Tests.FileUploadValidatorTests.RemovesPathTraversalFromOriginalName" computerName="macbookpro" duration="00:00:00.0078343" startTime="2026-08-04T18:56:53.7561240+10:00" endTime="2026-08-04T18:56:53.7688390+10:00" testType="13cdc9d9-ddb5-4fa4-a97d-d965ccfc6d4b" outcome="Passed" testListId="8c84fa94-04c1-424b-9868-57a2d4851a1d" relativeResultsDirectory="bf3aebb9-ba64-4833-b67b-e67e0f923577" />
    <UnitTestResult executionId="3f4f4341-d7ae-41af-aacf-6108ed685407" testId="be1fc026-2d50-57eb-2401-9a4f1dc54635" testName="SecureFlow.Tests.Security.UploadAndAuthenticationControlTests.ContentSecurityPolicyDisallowsInlineStyles" computerName="macbookpro" duration="00:00:00.0000754" startTime="2026-08-04T18:56:53.7976840+10:00" endTime="2026-08-04T18:56:53.7977060+10:00" testType="13cdc9d9-ddb5-4fa4-a97d-d965ccfc6d4b" outcome="Passed" testListId="8c84fa94-04c1-424b-9868-57a2d4851a1d" relativeResultsDirectory="3f4f4341-d7ae-41af-aacf-6108ed685407" />
    <UnitTestResult executionId="c722b741-099a-4461-82e4-5b17644b12a8" testId="5c653dd1-ffff-4153-2a7c-fca9eb8e2b7b" testName="SecureFlow.Tests.Security.AuthorizationBoundaryTests.NonOwnerCannotModifyAnotherUsersTicket" computerName="macbookpro" duration="00:00:00.0000268" startTime="2026-08-04T18:56:53.7968490+10:00" endTime="2026-08-04T18:56:53.7968710+10:00" testType="13cdc9d9-ddb5-4fa4-a97d-d965ccfc6d4b" outcome="Passed" testListId="8c84fa94-04c1-424b-9868-57a2d4851a1d" relativeResultsDirectory="c722b741-099a-4461-82e4-5b17644b12a8" />
    <UnitTestResult executionId="3e287d98-6e62-4cca-8e8f-f4393d5c7b6f" testId="bef68d10-0705-1255-6a16-8f0ce06f02a4" testName="SecureFlow.Tests.TicketAccessServiceTests.AdminCanReadAnotherUsersTicket" computerName="macbookpro" duration="00:00:00.0000383" startTime="2026-08-04T18:56:53.7898020+10:00" endTime="2026-08-04T18:56:53.7898960+10:00" testType="13cdc9d9-ddb5-4fa4-a97d-d965ccfc6d4b" outcome="Passed" testListId="8c84fa94-04c1-424b-9868-57a2d4851a1d" relativeResultsDirectory="3e287d98-6e62-4cca-8e8f-f4393d5c7b6f" />
    <UnitTestResult executionId="fffb91fc-421f-4bb6-a57a-665700d5ef4c" testId="a26dd8fc-691b-a791-136a-59481c1639e4" testName="SecureFlow.Tests.TicketAccessServiceTests.AdminCanUseAdminFunctions" computerName="macbookpro" duration="00:00:00.0000388" startTime="2026-08-04T18:56:53.7905670+10:00" endTime="2026-08-04T18:56:53.7906360+10:00" testType="13cdc9d9-ddb5-4fa4-a97d-d965ccfc6d4b" outcome="Passed" testListId="8c84fa94-04c1-424b-9868-57a2d4851a1d" relativeResultsDirectory="fffb91fc-421f-4bb6-a57a-665700d5ef4c" />
    <UnitTestResult executionId="dacd5c99-a13c-4fd6-b97f-9729c65f8f72" testId="4fa492d3-4b45-cb80-5d37-2e3569fd365a" testName="SecureFlow.Tests.Security.FileSecurityScannerTests.AcceptsPngSignature" computerName="macbookpro" duration="00:00:00.0002055" startTime="2026-08-04T18:56:53.7957400+10:00" endTime="2026-08-04T18:56:53.7957640+10:00" testType="13cdc9d9-ddb5-4fa4-a97d-d965ccfc6d4b" outcome="Passed" testListId="8c84fa94-04c1-424b-9868-57a2d4851a1d" relativeResultsDirectory="dacd5c99-a13c-4fd6-b97f-9729c65f8f72" />
    <UnitTestResult executionId="e5f6689d-1f80-4c8c-9676-3d7b6b0bf3cf" testId="b0feb852-b9cc-7990-5e12-3bc112d2910f" testName="SecureFlow.Tests.Security.AuthorizationBoundaryTests.AdministratorCanUseAdministratorFunctions" computerName="macbookpro" duration="00:00:00.0000204" startTime="2026-08-04T18:56:53.7969240+10:00" endTime="2026-08-04T18:56:53.7969470+10:00" testType="13cdc9d9-ddb5-4fa4-a97d-d965ccfc6d4b" outcome="Passed" testListId="8c84fa94-04c1-424b-9868-57a2d4851a1d" relativeResultsDirectory="e5f6689d-1f80-4c8c-9676-3d7b6b0bf3cf" />
    <UnitTestResult executionId="d2d5d34d-50c3-4889-8932-bb47255c5c26" testId="f42adb4a-59b6-6ae8-661d-3f316da65d36" testName="SecureFlow.Tests.FileUploadValidatorTests.AllowsPdfWithinSizeLimit" computerName="macbookpro" duration="00:00:00.0001575" startTime="2026-08-04T18:56:53.7903850+10:00" endTime="2026-08-04T18:56:53.7948940+10:00" testType="13cdc9d9-ddb5-4fa4-a97d-d965ccfc6d4b" outcome="Passed" testListId="8c84fa94-04c1-424b-9868-57a2d4851a1d" relativeResultsDirectory="d2d5d34d-50c3-4889-8932-bb47255c5c26" />
    <UnitTestResult executionId="403d3dd2-9a3e-4bf2-932a-40ec02128e56" testId="a61064cc-70a2-b961-162a-af3e222f1ebf" testName="SecureFlow.Tests.Security.AuthorizationBoundaryTests.AdminControllerRequiresTheAdministratorRole" computerName="macbookpro" duration="00:00:00.0167254" startTime="2026-08-04T18:56:53.7553210+10:00" endTime="2026-08-04T18:56:53.7966380+10:00" testType="13cdc9d9-ddb5-4fa4-a97d-d965ccfc6d4b" outcome="Passed" testListId="8c84fa94-04c1-424b-9868-57a2d4851a1d" relativeResultsDirectory="403d3dd2-9a3e-4bf2-932a-40ec02128e56" />
    <UnitTestResult executionId="dcb8c5de-45d5-4fca-8bdd-e36bf905da84" testId="6ab458e2-6527-87e6-1ea0-35f1b2f5354b" testName="SecureFlow.Tests.TicketAccessServiceTests.UserCannotModifyAnotherUsersTicket" computerName="macbookpro" duration="00:00:00.0000641" startTime="2026-08-04T18:56:53.7901970+10:00" endTime="2026-08-04T18:56:53.7902240+10:00" testType="13cdc9d9-ddb5-4fa4-a97d-d965ccfc6d4b" outcome="Passed" testListId="8c84fa94-04c1-424b-9868-57a2d4851a1d" relativeResultsDirectory="dcb8c5de-45d5-4fca-8bdd-e36bf905da84" />
    <UnitTestResult executionId="f637562f-1c7b-4123-840f-4aeab4a2e81e" testId="1afc4212-9e34-5bf9-c93c-a664cbc7d83d" testName="SecureFlow.Tests.FileUploadValidatorTests.RejectsMismatchedContentType" computerName="macbookpro" duration="00:00:00.0000691" startTime="2026-08-04T18:56:53.7950820+10:00" endTime="2026-08-04T18:56:53.7951070+10:00" testType="13cdc9d9-ddb5-4fa4-a97d-d965ccfc6d4b" outcome="Passed" testListId="8c84fa94-04c1-424b-9868-57a2d4851a1d" relativeResultsDirectory="f637562f-1c7b-4123-840f-4aeab4a2e81e" />
    <UnitTestResult executionId="7dbb09c8-2abc-4d64-b881-9e7ee2d6bb74" testId="df9b6f1d-c67d-01c8-c195-e9c059fa6d61" testName="SecureFlow.Tests.Security.FileSecurityScannerTests.AcceptsPdfWithPdfSignature" computerName="macbookpro" duration="00:00:00.0078917" startTime="2026-08-04T18:56:53.7561140+10:00" endTime="2026-08-04T18:56:53.7688970+10:00" testType="13cdc9d9-ddb5-4fa4-a97d-d965ccfc6d4b" outcome="Passed" testListId="8c84fa94-04c1-424b-9868-57a2d4851a1d" relativeResultsDirectory="7dbb09c8-2abc-4d64-b881-9e7ee2d6bb74" />
    <UnitTestResult executionId="c2dc807f-88ca-4747-ab0e-224e6d94f82d" testId="f1116a2b-3506-e158-3498-dbfaf7276798" testName="SecureFlow.Tests.Security.AuthorizationBoundaryTests.OwnerCanReadAndModifyOwnTicket" computerName="macbookpro" duration="00:00:00.0000386" startTime="2026-08-04T18:56:53.7970740+10:00" endTime="2026-08-04T18:56:53.7970960+10:00" testType="13cdc9d9-ddb5-4fa4-a97d-d965ccfc6d4b" outcome="Passed" testListId="8c84fa94-04c1-424b-9868-57a2d4851a1d" relativeResultsDirectory="c2dc807f-88ca-4747-ab0e-224e6d94f82d" />
    <UnitTestResult executionId="05b1c4d1-769e-4b8f-92d1-afceea108227" testId="6d1a9017-0d3d-ade1-16fe-6a7205479c05" testName="SecureFlow.Tests.TicketAccessServiceTests.UserCannotReadAnotherUsersTicket" computerName="macbookpro" duration="00:00:00.0068975" startTime="2026-08-04T18:56:53.7560980+10:00" endTime="2026-08-04T18:56:53.7664850+10:00" testType="13cdc9d9-ddb5-4fa4-a97d-d965ccfc6d4b" outcome="Passed" testListId="8c84fa94-04c1-424b-9868-57a2d4851a1d" relativeResultsDirectory="05b1c4d1-769e-4b8f-92d1-afceea108227" />
    <UnitTestResult executionId="447830e4-b751-4149-a8c0-be87c245edfe" testId="b44d7ce5-63e1-d654-eefa-ed4ca2def114" testName="SecureFlow.Tests.Security.FileSecurityScannerTests.RejectsPdfWithHtmlContent" computerName="macbookpro" duration="00:00:00.0003088" startTime="2026-08-04T18:56:53.7948630+10:00" endTime="2026-08-04T18:56:53.7951440+10:00" testType="13cdc9d9-ddb5-4fa4-a97d-d965ccfc6d4b" outcome="Passed" testListId="8c84fa94-04c1-424b-9868-57a2d4851a1d" relativeResultsDirectory="447830e4-b751-4149-a8c0-be87c245edfe" />
    <UnitTestResult executionId="67a6a563-6013-448a-8e8b-ab3b251baae3" testId="2d0c1e9c-6e7b-7e99-51a2-803823ddc622" testName="SecureFlow.Tests.Security.AuthorizationBoundaryTests.TicketsControllerRequiresAuthentication" computerName="macbookpro" duration="00:00:00.0001224" startTime="2026-08-04T18:56:53.7969990+10:00" endTime="2026-08-04T18:56:53.7970210+10:00" testType="13cdc9d9-ddb5-4fa4-a97d-d965ccfc6d4b" outcome="Passed" testListId="8c84fa94-04c1-424b-9868-57a2d4851a1d" relativeResultsDirectory="67a6a563-6013-448a-8e8b-ab3b251baae3" />
    <UnitTestResult executionId="b4b431cd-a596-4f06-9e6d-a8dabcedc94d" testId="aa0ddf90-33dc-1800-98bc-7eaa3d4bd56c" testName="SecureFlow.Tests.CreateTicketViewModelTests.ShortTitleFailsValidation" computerName="macbookpro" duration="00:00:00.0024575" startTime="2026-08-04T18:56:53.7898430+10:00" endTime="2026-08-04T18:56:53.7961800+10:00" testType="13cdc9d9-ddb5-4fa4-a97d-d965ccfc6d4b" outcome="Passed" testListId="8c84fa94-04c1-424b-9868-57a2d4851a1d" relativeResultsDirectory="b4b431cd-a596-4f06-9e6d-a8dabcedc94d" />
    <UnitTestResult executionId="1b0b7ee2-2a60-4666-b45d-1f4bbbb7ed1a" testId="adfa2f9c-a294-0421-c87f-bf2acf82e005" testName="SecureFlow.Tests.Security.AuthorizationBoundaryTests.AdministratorCanReadAndModifyAnyTicket" computerName="macbookpro" duration="00:00:00.0000324" startTime="2026-08-04T18:56:53.7971470+10:00" endTime="2026-08-04T18:56:53.7971690+10:00" testType="13cdc9d9-ddb5-4fa4-a97d-d965ccfc6d4b" outcome="Passed" testListId="8c84fa94-04c1-424b-9868-57a2d4851a1d" relativeResultsDirectory="1b0b7ee2-2a60-4666-b45d-1f4bbbb7ed1a" />
    <UnitTestResult executionId="2b525d21-ffc7-4612-9c2d-9642f2fa4cd8" testId="f13165c1-67d7-6835-343f-3aa303c0c9c2" testName="SecureFlow.Tests.TicketAccessServiceTests.OwnerCanReadOwnTicket" computerName="macbookpro" duration="00:00:00.0000524" startTime="2026-08-04T18:56:53.7902920+10:00" endTime="2026-08-04T18:56:53.7904120+10:00" testType="13cdc9d9-ddb5-4fa4-a97d-d965ccfc6d4b" outcome="Passed" testListId="8c84fa94-04c1-424b-9868-57a2d4851a1d" relativeResultsDirectory="2b525d21-ffc7-4612-9c2d-9642f2fa4cd8" />
    <UnitTestResult executionId="d5777f8b-267a-4ac2-9e1b-4b5ef641edae" testId="6c0c88a0-56a2-2140-5b29-a98e262a53c1" testName="SecureFlow.Tests.Security.AuthorizationBoundaryTests.NonOwnerCannotReadAnotherUsersTicket" computerName="macbookpro" duration="00:00:00.0000936" startTime="2026-08-04T18:56:53.7967740+10:00" endTime="2026-08-04T18:56:53.7967960+10:00" testType="13cdc9d9-ddb5-4fa4-a97d-d965ccfc6d4b" outcome="Passed" testListId="8c84fa94-04c1-424b-9868-57a2d4851a1d" relativeResultsDirectory="d5777f8b-267a-4ac2-9e1b-4b5ef641edae" />
    <UnitTestResult executionId="b508e3aa-064a-4574-8e52-552fab9b3573" testId="8dbfedc5-8319-ce88-d6af-ff68295e8fcb" testName="SecureFlow.Tests.FileUploadValidatorTests.RejectsExecutableExtension" computerName="macbookpro" duration="00:00:00.0000599" startTime="2026-08-04T18:56:53.7736510+10:00" endTime="2026-08-04T18:56:53.7900590+10:00" testType="13cdc9d9-ddb5-4fa4-a97d-d965ccfc6d4b" outcome="Passed" testListId="8c84fa94-04c1-424b-9868-57a2d4851a1d" relativeResultsDirectory="b508e3aa-064a-4574-8e52-552fab9b3573" />
    <UnitTestResult executionId="81b7c9c9-5578-4844-93e8-a626c8b1ea1e" testId="26616ac5-c6e7-a752-66da-bace189355f2" testName="SecureFlow.Tests.FileUploadValidatorTests.RejectsEmptyFile" computerName="macbookpro" duration="00:00:00.0000701" startTime="2026-08-04T18:56:53.7949960+10:00" endTime="2026-08-04T18:56:53.7950220+10:00" testType="13cdc9d9-ddb5-4fa4-a97d-d965ccfc6d4b" outcome="Passed" testListId="8c84fa94-04c1-424b-9868-57a2d4851a1d" relativeResultsDirectory="81b7c9c9-5578-4844-93e8-a626c8b1ea1e" />
    <UnitTestResult executionId="3ee59597-753e-469a-825c-4ee63db4811e" testId="bb7382a3-6637-b15c-0d67-0f751ff2787f" testName="SecureFlow.Tests.FileUploadValidatorTests.RejectsOversizedFile" computerName="macbookpro" duration="00:00:00.0000820" startTime="2026-08-04T18:56:53.7901380+10:00" endTime="2026-08-04T18:56:53.7903010+10:00" testType="13cdc9d9-ddb5-4fa4-a97d-d965ccfc6d4b" outcome="Passed" testListId="8c84fa94-04c1-424b-9868-57a2d4851a1d" relativeResultsDirectory="3ee59597-753e-469a-825c-4ee63db4811e" />
    <UnitTestResult executionId="a73b06ab-1e51-45af-9e08-c241f2220ebd" testId="0d92c874-d39c-3b78-9cf5-5eed75ec2056" testName="SecureFlow.Tests.Security.FileSecurityScannerTests.AcceptsValidUtf8Text" computerName="macbookpro" duration="00:00:00.0002713" startTime="2026-08-04T18:56:53.7951990+10:00" endTime="2026-08-04T18:56:53.7952220+10:00" testType="13cdc9d9-ddb5-4fa4-a97d-d965ccfc6d4b" outcome="Passed" testListId="8c84fa94-04c1-424b-9868-57a2d4851a1d" relativeResultsDirectory="a73b06ab-1e51-45af-9e08-c241f2220ebd" />
    <UnitTestResult executionId="257df0f5-e1b8-4da5-b7df-b4e19af278ce" testId="cbbd54a8-23c5-bdbf-e886-a4608bb79c6c" testName="SecureFlow.Tests.CreateTicketViewModelTests.ValidInputPassesValidation" computerName="macbookpro" duration="00:00:00.0074220" startTime="2026-08-04T18:56:53.7560510+10:00" endTime="2026-08-04T18:56:53.7688830+10:00" testType="13cdc9d9-ddb5-4fa4-a97d-d965ccfc6d4b" outcome="Passed" testListId="8c84fa94-04c1-424b-9868-57a2d4851a1d" relativeResultsDirectory="257df0f5-e1b8-4da5-b7df-b4e19af278ce" />
    <UnitTestResult executionId="4612b1ac-ed92-49c9-9b4d-6a11f277218f" testId="4ebedf60-660c-8484-95e7-f7654b526541" testName="SecureFlow.Tests.CreateTicketViewModelTests.ShortDescriptionFailsValidation" computerName="macbookpro" duration="00:00:00.0001281" startTime="2026-08-04T18:56:53.7965610+10:00" endTime="2026-08-04T18:56:53.7965870+10:00" testType="13cdc9d9-ddb5-4fa4-a97d-d965ccfc6d4b" outcome="Passed" testListId="8c84fa94-04c1-424b-9868-57a2d4851a1d" relativeResultsDirectory="4612b1ac-ed92-49c9-9b4d-6a11f277218f" />
    <UnitTestResult executionId="3358d1b8-4c6a-435e-b12f-c04582f2068a" testId="afa781c6-a3e7-1a11-19e0-0f6671446614" testName="SecureFlow.Tests.TicketAccessServiceTests.NormalUserCannotUseAdminFunctions" computerName="macbookpro" duration="00:00:00.0000326" startTime="2026-08-04T18:56:53.7904750+10:00" endTime="2026-08-04T18:56:53.7905040+10:00" testType="13cdc9d9-ddb5-4fa4-a97d-d965ccfc6d4b" outcome="Passed" testListId="8c84fa94-04c1-424b-9868-57a2d4851a1d" relativeResultsDirectory="3358d1b8-4c6a-435e-b12f-c04582f2068a" />
    <UnitTestResult executionId="985feb0b-5e03-4aff-9a17-85c61b16447b" testId="b5cc5777-c913-daac-88dc-81a1a60f441f" testName="SecureFlow.Tests.Security.UploadAndAuthenticationControlTests.LoginLimiterPartitionsBySourceAddress" computerName="macbookpro" duration="00:00:00.0193768" startTime="2026-08-04T18:56:53.7560820+10:00" endTime="2026-08-04T18:56:53.7972150+10:00" testType="13cdc9d9-ddb5-4fa4-a97d-d965ccfc6d4b" outcome="Passed" testListId="8c84fa94-04c1-424b-9868-57a2d4851a1d" relativeResultsDirectory="985feb0b-5e03-4aff-9a17-85c61b16447b" />
    <UnitTestResult executionId="d825e57a-4fac-4016-8648-3f6b614e39a8" testId="e7e26588-9078-6ffd-0318-8d302168c6fa" testName="SecureFlow.Tests.Security.FileSecurityScannerTests.RejectsTextContainingNullBytes" computerName="macbookpro" duration="00:00:00.0002199" startTime="2026-08-04T18:56:53.7960880+10:00" endTime="2026-08-04T18:56:53.7961290+10:00" testType="13cdc9d9-ddb5-4fa4-a97d-d965ccfc6d4b" outcome="Passed" testListId="8c84fa94-04c1-424b-9868-57a2d4851a1d" relativeResultsDirectory="d825e57a-4fac-4016-8648-3f6b614e39a8" />
    <UnitTestResult executionId="b259e8f2-485b-482e-9c7c-7a6edfa7dad1" testId="f5f7bd53-add0-1781-6cb5-55110c0a90f7" testName="SecureFlow.Tests.Security.UploadAndAuthenticationControlTests.LoginLimiterNormalisesIpv4MappedAddress" computerName="macbookpro" duration="00:00:00.0021812" startTime="2026-08-04T18:56:53.7977580+10:00" endTime="2026-08-04T18:56:53.7977790+10:00" testType="13cdc9d9-ddb5-4fa4-a97d-d965ccfc6d4b" outcome="Passed" testListId="8c84fa94-04c1-424b-9868-57a2d4851a1d" relativeResultsDirectory="b259e8f2-485b-482e-9c7c-7a6edfa7dad1" />
    <UnitTestResult executionId="872784e6-1b47-4eff-89cf-45cdc20247bc" testId="2eee42e3-7a2a-3503-6f30-3a6f02b58d64" testName="SecureFlow.Tests.Security.FileSecurityScannerTests.RejectsHarmlessSecurityTestMarker" computerName="macbookpro" duration="00:00:00.0001932" startTime="2026-08-04T18:56:53.7952770+10:00" endTime="2026-08-04T18:56:53.7956780+10:00" testType="13cdc9d9-ddb5-4fa4-a97d-d965ccfc6d4b" outcome="Passed" testListId="8c84fa94-04c1-424b-9868-57a2d4851a1d" relativeResultsDirectory="872784e6-1b47-4eff-89cf-45cdc20247bc" />
    <UnitTestResult executionId="cfd5c34a-357a-4106-a5dd-618861f09acb" testId="3fe5a69d-6127-1f18-1b47-f173831ddb8b" testName="SecureFlow.Tests.Security.FileSecurityScannerTests.AcceptsJpegSignature" computerName="macbookpro" duration="00:00:00.0002992" startTime="2026-08-04T18:56:53.7898550+10:00" endTime="2026-08-04T18:56:53.7905930+10:00" testType="13cdc9d9-ddb5-4fa4-a97d-d965ccfc6d4b" outcome="Passed" testListId="8c84fa94-04c1-424b-9868-57a2d4851a1d" relativeResultsDirectory="cfd5c34a-357a-4106-a5dd-618861f09acb" />
    <UnitTestResult executionId="089c492b-c9cc-4bae-987d-2a7c2a461af4" testId="ca19abad-9dcd-1c21-6221-9ead7ac05ef7" testName="SecureFlow.Tests.Security.UploadAndAuthenticationControlTests.UploadEndpointLimitsRequestBeforeModelBinding" computerName="macbookpro" duration="00:00:00.0033761" startTime="2026-08-04T18:56:53.7976030+10:00" endTime="2026-08-04T18:56:53.7976270+10:00" testType="13cdc9d9-ddb5-4fa4-a97d-d965ccfc6d4b" outcome="Passed" testListId="8c84fa94-04c1-424b-9868-57a2d4851a1d" relativeResultsDirectory="089c492b-c9cc-4bae-987d-2a7c2a461af4" />
  </Results>
  <TestDefinitions>
    <UnitTest name="SecureFlow.Tests.Security.UploadAndAuthenticationControlTests.LoginLimiterPartitionsBySourceAddress" storage="/private/var/folders/ky/bqbnhcbj7771c_n3v78353vh0000gn/t/secureflow-phase6-final.hgztkt/secureflow-security-lab/tests/secureflow.tests/bin/release/net10.0/secureflow.tests.dll" id="b5cc5777-c913-daac-88dc-81a1a60f441f">
      <Execution id="985feb0b-5e03-4aff-9a17-85c61b16447b" />
      <TestMethod codeBase="/private/var/folders/ky/bqbnhcbj7771c_n3v78353vh0000gn/T/secureflow-phase6-final.HGZTKt/SecureFlow-Security-Lab/tests/SecureFlow.Tests/bin/Release/net10.0/SecureFlow.Tests.dll" adapterTypeName="executor://xunit/VsTestRunner3/netcore/" className="SecureFlow.Tests.Security.UploadAndAuthenticationControlTests" name="LoginLimiterPartitionsBySourceAddress" />
    </UnitTest>
    <UnitTest name="SecureFlow.Tests.Security.AuthorizationBoundaryTests.AdminControllerRequiresTheAdministratorRole" storage="/private/var/folders/ky/bqbnhcbj7771c_n3v78353vh0000gn/t/secureflow-phase6-final.hgztkt/secureflow-security-lab/tests/secureflow.tests/bin/release/net10.0/secureflow.tests.dll" id="a61064cc-70a2-b961-162a-af3e222f1ebf">
      <Execution id="403d3dd2-9a3e-4bf2-932a-40ec02128e56" />
      <TestMethod codeBase="/private/var/folders/ky/bqbnhcbj7771c_n3v78353vh0000gn/T/secureflow-phase6-final.HGZTKt/SecureFlow-Security-Lab/tests/SecureFlow.Tests/bin/Release/net10.0/SecureFlow.Tests.dll" adapterTypeName="executor://xunit/VsTestRunner3/netcore/" className="SecureFlow.Tests.Security.AuthorizationBoundaryTests" name="AdminControllerRequiresTheAdministratorRole" />
    </UnitTest>
    <UnitTest name="SecureFlow.Tests.TicketAccessServiceTests.OwnerCanReadOwnTicket" storage="/private/var/folders/ky/bqbnhcbj7771c_n3v78353vh0000gn/t/secureflow-phase6-final.hgztkt/secureflow-security-lab/tests/secureflow.tests/bin/release/net10.0/secureflow.tests.dll" id="f13165c1-67d7-6835-343f-3aa303c0c9c2">
      <Execution id="2b525d21-ffc7-4612-9c2d-9642f2fa4cd8" />
      <TestMethod codeBase="/private/var/folders/ky/bqbnhcbj7771c_n3v78353vh0000gn/T/secureflow-phase6-final.HGZTKt/SecureFlow-Security-Lab/tests/SecureFlow.Tests/bin/Release/net10.0/SecureFlow.Tests.dll" adapterTypeName="executor://xunit/VsTestRunner3/netcore/" className="SecureFlow.Tests.TicketAccessServiceTests" name="OwnerCanReadOwnTicket" />
    </UnitTest>
    <UnitTest name="SecureFlow.Tests.TicketAccessServiceTests.UserCannotReadAnotherUsersTicket" storage="/private/var/folders/ky/bqbnhcbj7771c_n3v78353vh0000gn/t/secureflow-phase6-final.hgztkt/secureflow-security-lab/tests/secureflow.tests/bin/release/net10.0/secureflow.tests.dll" id="6d1a9017-0d3d-ade1-16fe-6a7205479c05">
      <Execution id="05b1c4d1-769e-4b8f-92d1-afceea108227" />
      <TestMethod codeBase="/private/var/folders/ky/bqbnhcbj7771c_n3v78353vh0000gn/T/secureflow-phase6-final.HGZTKt/SecureFlow-Security-Lab/tests/SecureFlow.Tests/bin/Release/net10.0/SecureFlow.Tests.dll" adapterTypeName="executor://xunit/VsTestRunner3/netcore/" className="SecureFlow.Tests.TicketAccessServiceTests" name="UserCannotReadAnotherUsersTicket" />
    </UnitTest>
    <UnitTest name="SecureFlow.Tests.Security.FileSecurityScannerTests.RejectsTextContainingNullBytes" storage="/private/var/folders/ky/bqbnhcbj7771c_n3v78353vh0000gn/t/secureflow-phase6-final.hgztkt/secureflow-security-lab/tests/secureflow.tests/bin/release/net10.0/secureflow.tests.dll" id="e7e26588-9078-6ffd-0318-8d302168c6fa">
      <Execution id="d825e57a-4fac-4016-8648-3f6b614e39a8" />
      <TestMethod codeBase="/private/var/folders/ky/bqbnhcbj7771c_n3v78353vh0000gn/T/secureflow-phase6-final.HGZTKt/SecureFlow-Security-Lab/tests/SecureFlow.Tests/bin/Release/net10.0/SecureFlow.Tests.dll" adapterTypeName="executor://xunit/VsTestRunner3/netcore/" className="SecureFlow.Tests.Security.FileSecurityScannerTests" name="RejectsTextContainingNullBytes" />
    </UnitTest>
    <UnitTest name="SecureFlow.Tests.FileUploadValidatorTests.AllowsPdfWithinSizeLimit" storage="/private/var/folders/ky/bqbnhcbj7771c_n3v78353vh0000gn/t/secureflow-phase6-final.hgztkt/secureflow-security-lab/tests/secureflow.tests/bin/release/net10.0/secureflow.tests.dll" id="f42adb4a-59b6-6ae8-661d-3f316da65d36">
      <Execution id="d2d5d34d-50c3-4889-8932-bb47255c5c26" />
      <TestMethod codeBase="/private/var/folders/ky/bqbnhcbj7771c_n3v78353vh0000gn/T/secureflow-phase6-final.HGZTKt/SecureFlow-Security-Lab/tests/SecureFlow.Tests/bin/Release/net10.0/SecureFlow.Tests.dll" adapterTypeName="executor://xunit/VsTestRunner3/netcore/" className="SecureFlow.Tests.FileUploadValidatorTests" name="AllowsPdfWithinSizeLimit" />
    </UnitTest>
    <UnitTest name="SecureFlow.Tests.FileUploadValidatorTests.RejectsOversizedFile" storage="/private/var/folders/ky/bqbnhcbj7771c_n3v78353vh0000gn/t/secureflow-phase6-final.hgztkt/secureflow-security-lab/tests/secureflow.tests/bin/release/net10.0/secureflow.tests.dll" id="bb7382a3-6637-b15c-0d67-0f751ff2787f">
      <Execution id="3ee59597-753e-469a-825c-4ee63db4811e" />
      <TestMethod codeBase="/private/var/folders/ky/bqbnhcbj7771c_n3v78353vh0000gn/T/secureflow-phase6-final.HGZTKt/SecureFlow-Security-Lab/tests/SecureFlow.Tests/bin/Release/net10.0/SecureFlow.Tests.dll" adapterTypeName="executor://xunit/VsTestRunner3/netcore/" className="SecureFlow.Tests.FileUploadValidatorTests" name="RejectsOversizedFile" />
    </UnitTest>
    <UnitTest name="SecureFlow.Tests.CreateTicketViewModelTests.ShortTitleFailsValidation" storage="/private/var/folders/ky/bqbnhcbj7771c_n3v78353vh0000gn/t/secureflow-phase6-final.hgztkt/secureflow-security-lab/tests/secureflow.tests/bin/release/net10.0/secureflow.tests.dll" id="aa0ddf90-33dc-1800-98bc-7eaa3d4bd56c">
      <Execution id="b4b431cd-a596-4f06-9e6d-a8dabcedc94d" />
      <TestMethod codeBase="/private/var/folders/ky/bqbnhcbj7771c_n3v78353vh0000gn/T/secureflow-phase6-final.HGZTKt/SecureFlow-Security-Lab/tests/SecureFlow.Tests/bin/Release/net10.0/SecureFlow.Tests.dll" adapterTypeName="executor://xunit/VsTestRunner3/netcore/" className="SecureFlow.Tests.CreateTicketViewModelTests" name="ShortTitleFailsValidation" />
    </UnitTest>
    <UnitTest name="SecureFlow.Tests.Security.AuthorizationBoundaryTests.OwnerCanReadAndModifyOwnTicket" storage="/private/var/folders/ky/bqbnhcbj7771c_n3v78353vh0000gn/t/secureflow-phase6-final.hgztkt/secureflow-security-lab/tests/secureflow.tests/bin/release/net10.0/secureflow.tests.dll" id="f1116a2b-3506-e158-3498-dbfaf7276798">
      <Execution id="c2dc807f-88ca-4747-ab0e-224e6d94f82d" />
      <TestMethod codeBase="/private/var/folders/ky/bqbnhcbj7771c_n3v78353vh0000gn/T/secureflow-phase6-final.HGZTKt/SecureFlow-Security-Lab/tests/SecureFlow.Tests/bin/Release/net10.0/SecureFlow.Tests.dll" adapterTypeName="executor://xunit/VsTestRunner3/netcore/" className="SecureFlow.Tests.Security.AuthorizationBoundaryTests" name="OwnerCanReadAndModifyOwnTicket" />
    </UnitTest>
    <UnitTest name="SecureFlow.Tests.Security.UploadAndAuthenticationControlTests.UploadEndpointLimitsRequestBeforeModelBinding" storage="/private/var/folders/ky/bqbnhcbj7771c_n3v78353vh0000gn/t/secureflow-phase6-final.hgztkt/secureflow-security-lab/tests/secureflow.tests/bin/release/net10.0/secureflow.tests.dll" id="ca19abad-9dcd-1c21-6221-9ead7ac05ef7">
      <Execution id="089c492b-c9cc-4bae-987d-2a7c2a461af4" />
      <TestMethod codeBase="/private/var/folders/ky/bqbnhcbj7771c_n3v78353vh0000gn/T/secureflow-phase6-final.HGZTKt/SecureFlow-Security-Lab/tests/SecureFlow.Tests/bin/Release/net10.0/SecureFlow.Tests.dll" adapterTypeName="executor://xunit/VsTestRunner3/netcore/" className="SecureFlow.Tests.Security.UploadAndAuthenticationControlTests" name="UploadEndpointLimitsRequestBeforeModelBinding" />
    </UnitTest>
    <UnitTest name="SecureFlow.Tests.Security.AuthorizationBoundaryTests.AdministratorCanUseAdministratorFunctions" storage="/private/var/folders/ky/bqbnhcbj7771c_n3v78353vh0000gn/t/secureflow-phase6-final.hgztkt/secureflow-security-lab/tests/secureflow.tests/bin/release/net10.0/secureflow.tests.dll" id="b0feb852-b9cc-7990-5e12-3bc112d2910f">
      <Execution id="e5f6689d-1f80-4c8c-9676-3d7b6b0bf3cf" />
      <TestMethod codeBase="/private/var/folders/ky/bqbnhcbj7771c_n3v78353vh0000gn/T/secureflow-phase6-final.HGZTKt/SecureFlow-Security-Lab/tests/SecureFlow.Tests/bin/Release/net10.0/SecureFlow.Tests.dll" adapterTypeName="executor://xunit/VsTestRunner3/netcore/" className="SecureFlow.Tests.Security.AuthorizationBoundaryTests" name="AdministratorCanUseAdministratorFunctions" />
    </UnitTest>
    <UnitTest name="SecureFlow.Tests.Security.FileSecurityScannerTests.AcceptsValidUtf8Text" storage="/private/var/folders/ky/bqbnhcbj7771c_n3v78353vh0000gn/t/secureflow-phase6-final.hgztkt/secureflow-security-lab/tests/secureflow.tests/bin/release/net10.0/secureflow.tests.dll" id="0d92c874-d39c-3b78-9cf5-5eed75ec2056">
      <Execution id="a73b06ab-1e51-45af-9e08-c241f2220ebd" />
      <TestMethod codeBase="/private/var/folders/ky/bqbnhcbj7771c_n3v78353vh0000gn/T/secureflow-phase6-final.HGZTKt/SecureFlow-Security-Lab/tests/SecureFlow.Tests/bin/Release/net10.0/SecureFlow.Tests.dll" adapterTypeName="executor://xunit/VsTestRunner3/netcore/" className="SecureFlow.Tests.Security.FileSecurityScannerTests" name="AcceptsValidUtf8Text" />
    </UnitTest>
    <UnitTest name="SecureFlow.Tests.FileUploadValidatorTests.RejectsEmptyFile" storage="/private/var/folders/ky/bqbnhcbj7771c_n3v78353vh0000gn/t/secureflow-phase6-final.hgztkt/secureflow-security-lab/tests/secureflow.tests/bin/release/net10.0/secureflow.tests.dll" id="26616ac5-c6e7-a752-66da-bace189355f2">
      <Execution id="81b7c9c9-5578-4844-93e8-a626c8b1ea1e" />
      <TestMethod codeBase="/private/var/folders/ky/bqbnhcbj7771c_n3v78353vh0000gn/T/secureflow-phase6-final.HGZTKt/SecureFlow-Security-Lab/tests/SecureFlow.Tests/bin/Release/net10.0/SecureFlow.Tests.dll" adapterTypeName="executor://xunit/VsTestRunner3/netcore/" className="SecureFlow.Tests.FileUploadValidatorTests" name="RejectsEmptyFile" />
    </UnitTest>
    <UnitTest name="SecureFlow.Tests.Security.FileSecurityScannerTests.AcceptsPdfWithPdfSignature" storage="/private/var/folders/ky/bqbnhcbj7771c_n3v78353vh0000gn/t/secureflow-phase6-final.hgztkt/secureflow-security-lab/tests/secureflow.tests/bin/release/net10.0/secureflow.tests.dll" id="df9b6f1d-c67d-01c8-c195-e9c059fa6d61">
      <Execution id="7dbb09c8-2abc-4d64-b881-9e7ee2d6bb74" />
      <TestMethod codeBase="/private/var/folders/ky/bqbnhcbj7771c_n3v78353vh0000gn/T/secureflow-phase6-final.HGZTKt/SecureFlow-Security-Lab/tests/SecureFlow.Tests/bin/Release/net10.0/SecureFlow.Tests.dll" adapterTypeName="executor://xunit/VsTestRunner3/netcore/" className="SecureFlow.Tests.Security.FileSecurityScannerTests" name="AcceptsPdfWithPdfSignature" />
    </UnitTest>
    <UnitTest name="SecureFlow.Tests.FileUploadValidatorTests.RejectsExecutableExtension" storage="/private/var/folders/ky/bqbnhcbj7771c_n3v78353vh0000gn/t/secureflow-phase6-final.hgztkt/secureflow-security-lab/tests/secureflow.tests/bin/release/net10.0/secureflow.tests.dll" id="8dbfedc5-8319-ce88-d6af-ff68295e8fcb">
      <Execution id="b508e3aa-064a-4574-8e52-552fab9b3573" />
      <TestMethod codeBase="/private/var/folders/ky/bqbnhcbj7771c_n3v78353vh0000gn/T/secureflow-phase6-final.HGZTKt/SecureFlow-Security-Lab/tests/SecureFlow.Tests/bin/Release/net10.0/SecureFlow.Tests.dll" adapterTypeName="executor://xunit/VsTestRunner3/netcore/" className="SecureFlow.Tests.FileUploadValidatorTests" name="RejectsExecutableExtension" />
    </UnitTest>
    <UnitTest name="SecureFlow.Tests.FileUploadValidatorTests.RemovesPathTraversalFromOriginalName" storage="/private/var/folders/ky/bqbnhcbj7771c_n3v78353vh0000gn/t/secureflow-phase6-final.hgztkt/secureflow-security-lab/tests/secureflow.tests/bin/release/net10.0/secureflow.tests.dll" id="1c7a1c16-66f3-58fa-7369-52b3fb1d3ee0">
      <Execution id="bf3aebb9-ba64-4833-b67b-e67e0f923577" />
      <TestMethod codeBase="/private/var/folders/ky/bqbnhcbj7771c_n3v78353vh0000gn/T/secureflow-phase6-final.HGZTKt/SecureFlow-Security-Lab/tests/SecureFlow.Tests/bin/Release/net10.0/SecureFlow.Tests.dll" adapterTypeName="executor://xunit/VsTestRunner3/netcore/" className="SecureFlow.Tests.FileUploadValidatorTests" name="RemovesPathTraversalFromOriginalName" />
    </UnitTest>
    <UnitTest name="SecureFlow.Tests.TicketAccessServiceTests.NormalUserCannotUseAdminFunctions" storage="/private/var/folders/ky/bqbnhcbj7771c_n3v78353vh0000gn/t/secureflow-phase6-final.hgztkt/secureflow-security-lab/tests/secureflow.tests/bin/release/net10.0/secureflow.tests.dll" id="afa781c6-a3e7-1a11-19e0-0f6671446614">
      <Execution id="3358d1b8-4c6a-435e-b12f-c04582f2068a" />
      <TestMethod codeBase="/private/var/folders/ky/bqbnhcbj7771c_n3v78353vh0000gn/T/secureflow-phase6-final.HGZTKt/SecureFlow-Security-Lab/tests/SecureFlow.Tests/bin/Release/net10.0/SecureFlow.Tests.dll" adapterTypeName="executor://xunit/VsTestRunner3/netcore/" className="SecureFlow.Tests.TicketAccessServiceTests" name="NormalUserCannotUseAdminFunctions" />
    </UnitTest>
    <UnitTest name="SecureFlow.Tests.Security.UploadAndAuthenticationControlTests.LoginLimiterNormalisesIpv4MappedAddress" storage="/private/var/folders/ky/bqbnhcbj7771c_n3v78353vh0000gn/t/secureflow-phase6-final.hgztkt/secureflow-security-lab/tests/secureflow.tests/bin/release/net10.0/secureflow.tests.dll" id="f5f7bd53-add0-1781-6cb5-55110c0a90f7">
      <Execution id="b259e8f2-485b-482e-9c7c-7a6edfa7dad1" />
      <TestMethod codeBase="/private/var/folders/ky/bqbnhcbj7771c_n3v78353vh0000gn/T/secureflow-phase6-final.HGZTKt/SecureFlow-Security-Lab/tests/SecureFlow.Tests/bin/Release/net10.0/SecureFlow.Tests.dll" adapterTypeName="executor://xunit/VsTestRunner3/netcore/" className="SecureFlow.Tests.Security.UploadAndAuthenticationControlTests" name="LoginLimiterNormalisesIpv4MappedAddress" />
    </UnitTest>
    <UnitTest name="SecureFlow.Tests.TicketAccessServiceTests.AdminCanReadAnotherUsersTicket" storage="/private/var/folders/ky/bqbnhcbj7771c_n3v78353vh0000gn/t/secureflow-phase6-final.hgztkt/secureflow-security-lab/tests/secureflow.tests/bin/release/net10.0/secureflow.tests.dll" id="bef68d10-0705-1255-6a16-8f0ce06f02a4">
      <Execution id="3e287d98-6e62-4cca-8e8f-f4393d5c7b6f" />
      <TestMethod codeBase="/private/var/folders/ky/bqbnhcbj7771c_n3v78353vh0000gn/T/secureflow-phase6-final.HGZTKt/SecureFlow-Security-Lab/tests/SecureFlow.Tests/bin/Release/net10.0/SecureFlow.Tests.dll" adapterTypeName="executor://xunit/VsTestRunner3/netcore/" className="SecureFlow.Tests.TicketAccessServiceTests" name="AdminCanReadAnotherUsersTicket" />
    </UnitTest>
    <UnitTest name="SecureFlow.Tests.Security.FileSecurityScannerTests.RejectsHarmlessSecurityTestMarker" storage="/private/var/folders/ky/bqbnhcbj7771c_n3v78353vh0000gn/t/secureflow-phase6-final.hgztkt/secureflow-security-lab/tests/secureflow.tests/bin/release/net10.0/secureflow.tests.dll" id="2eee42e3-7a2a-3503-6f30-3a6f02b58d64">
      <Execution id="872784e6-1b47-4eff-89cf-45cdc20247bc" />
      <TestMethod codeBase="/private/var/folders/ky/bqbnhcbj7771c_n3v78353vh0000gn/T/secureflow-phase6-final.HGZTKt/SecureFlow-Security-Lab/tests/SecureFlow.Tests/bin/Release/net10.0/SecureFlow.Tests.dll" adapterTypeName="executor://xunit/VsTestRunner3/netcore/" className="SecureFlow.Tests.Security.FileSecurityScannerTests" name="RejectsHarmlessSecurityTestMarker" />
    </UnitTest>
    <UnitTest name="SecureFlow.Tests.Security.FileSecurityScannerTests.AcceptsPngSignature" storage="/private/var/folders/ky/bqbnhcbj7771c_n3v78353vh0000gn/t/secureflow-phase6-final.hgztkt/secureflow-security-lab/tests/secureflow.tests/bin/release/net10.0/secureflow.tests.dll" id="4fa492d3-4b45-cb80-5d37-2e3569fd365a">
      <Execution id="dacd5c99-a13c-4fd6-b97f-9729c65f8f72" />
      <TestMethod codeBase="/private/var/folders/ky/bqbnhcbj7771c_n3v78353vh0000gn/T/secureflow-phase6-final.HGZTKt/SecureFlow-Security-Lab/tests/SecureFlow.Tests/bin/Release/net10.0/SecureFlow.Tests.dll" adapterTypeName="executor://xunit/VsTestRunner3/netcore/" className="SecureFlow.Tests.Security.FileSecurityScannerTests" name="AcceptsPngSignature" />
    </UnitTest>
    <UnitTest name="SecureFlow.Tests.Security.AuthorizationBoundaryTests.NormalUserCannotUseAdministratorFunctions" storage="/private/var/folders/ky/bqbnhcbj7771c_n3v78353vh0000gn/t/secureflow-phase6-final.hgztkt/secureflow-security-lab/tests/secureflow.tests/bin/release/net10.0/secureflow.tests.dll" id="2df55b6a-7f8e-4661-6944-b0470eb1dba0">
      <Execution id="8def8e68-da09-4d6d-9139-450e7e12f4ff" />
      <TestMethod codeBase="/private/var/folders/ky/bqbnhcbj7771c_n3v78353vh0000gn/T/secureflow-phase6-final.HGZTKt/SecureFlow-Security-Lab/tests/SecureFlow.Tests/bin/Release/net10.0/SecureFlow.Tests.dll" adapterTypeName="executor://xunit/VsTestRunner3/netcore/" className="SecureFlow.Tests.Security.AuthorizationBoundaryTests" name="NormalUserCannotUseAdministratorFunctions" />
    </UnitTest>
    <UnitTest name="SecureFlow.Tests.CreateTicketViewModelTests.ShortDescriptionFailsValidation" storage="/private/var/folders/ky/bqbnhcbj7771c_n3v78353vh0000gn/t/secureflow-phase6-final.hgztkt/secureflow-security-lab/tests/secureflow.tests/bin/release/net10.0/secureflow.tests.dll" id="4ebedf60-660c-8484-95e7-f7654b526541">
      <Execution id="4612b1ac-ed92-49c9-9b4d-6a11f277218f" />
      <TestMethod codeBase="/private/var/folders/ky/bqbnhcbj7771c_n3v78353vh0000gn/T/secureflow-phase6-final.HGZTKt/SecureFlow-Security-Lab/tests/SecureFlow.Tests/bin/Release/net10.0/SecureFlow.Tests.dll" adapterTypeName="executor://xunit/VsTestRunner3/netcore/" className="SecureFlow.Tests.CreateTicketViewModelTests" name="ShortDescriptionFailsValidation" />
    </UnitTest>
    <UnitTest name="SecureFlow.Tests.Security.AuthorizationBoundaryTests.NonOwnerCannotReadAnotherUsersTicket" storage="/private/var/folders/ky/bqbnhcbj7771c_n3v78353vh0000gn/t/secureflow-phase6-final.hgztkt/secureflow-security-lab/tests/secureflow.tests/bin/release/net10.0/secureflow.tests.dll" id="6c0c88a0-56a2-2140-5b29-a98e262a53c1">
      <Execution id="d5777f8b-267a-4ac2-9e1b-4b5ef641edae" />
      <TestMethod codeBase="/private/var/folders/ky/bqbnhcbj7771c_n3v78353vh0000gn/T/secureflow-phase6-final.HGZTKt/SecureFlow-Security-Lab/tests/SecureFlow.Tests/bin/Release/net10.0/SecureFlow.Tests.dll" adapterTypeName="executor://xunit/VsTestRunner3/netcore/" className="SecureFlow.Tests.Security.AuthorizationBoundaryTests" name="NonOwnerCannotReadAnotherUsersTicket" />
    </UnitTest>
    <UnitTest name="SecureFlow.Tests.TicketAccessServiceTests.UserCannotModifyAnotherUsersTicket" storage="/private/var/folders/ky/bqbnhcbj7771c_n3v78353vh0000gn/t/secureflow-phase6-final.hgztkt/secureflow-security-lab/tests/secureflow.tests/bin/release/net10.0/secureflow.tests.dll" id="6ab458e2-6527-87e6-1ea0-35f1b2f5354b">
      <Execution id="dcb8c5de-45d5-4fca-8bdd-e36bf905da84" />
      <TestMethod codeBase="/private/var/folders/ky/bqbnhcbj7771c_n3v78353vh0000gn/T/secureflow-phase6-final.HGZTKt/SecureFlow-Security-Lab/tests/SecureFlow.Tests/bin/Release/net10.0/SecureFlow.Tests.dll" adapterTypeName="executor://xunit/VsTestRunner3/netcore/" className="SecureFlow.Tests.TicketAccessServiceTests" name="UserCannotModifyAnotherUsersTicket" />
    </UnitTest>
    <UnitTest name="SecureFlow.Tests.Security.UploadAndAuthenticationControlTests.ContentSecurityPolicyDisallowsInlineStyles" storage="/private/var/folders/ky/bqbnhcbj7771c_n3v78353vh0000gn/t/secureflow-phase6-final.hgztkt/secureflow-security-lab/tests/secureflow.tests/bin/release/net10.0/secureflow.tests.dll" id="be1fc026-2d50-57eb-2401-9a4f1dc54635">
      <Execution id="3f4f4341-d7ae-41af-aacf-6108ed685407" />
      <TestMethod codeBase="/private/var/folders/ky/bqbnhcbj7771c_n3v78353vh0000gn/T/secureflow-phase6-final.HGZTKt/SecureFlow-Security-Lab/tests/SecureFlow.Tests/bin/Release/net10.0/SecureFlow.Tests.dll" adapterTypeName="executor://xunit/VsTestRunner3/netcore/" className="SecureFlow.Tests.Security.UploadAndAuthenticationControlTests" name="ContentSecurityPolicyDisallowsInlineStyles" />
    </UnitTest>
    <UnitTest name="SecureFlow.Tests.Security.AuthorizationBoundaryTests.AdministratorCanReadAndModifyAnyTicket" storage="/private/var/folders/ky/bqbnhcbj7771c_n3v78353vh0000gn/t/secureflow-phase6-final.hgztkt/secureflow-security-lab/tests/secureflow.tests/bin/release/net10.0/secureflow.tests.dll" id="adfa2f9c-a294-0421-c87f-bf2acf82e005">
      <Execution id="1b0b7ee2-2a60-4666-b45d-1f4bbbb7ed1a" />
      <TestMethod codeBase="/private/var/folders/ky/bqbnhcbj7771c_n3v78353vh0000gn/T/secureflow-phase6-final.HGZTKt/SecureFlow-Security-Lab/tests/SecureFlow.Tests/bin/Release/net10.0/SecureFlow.Tests.dll" adapterTypeName="executor://xunit/VsTestRunner3/netcore/" className="SecureFlow.Tests.Security.AuthorizationBoundaryTests" name="AdministratorCanReadAndModifyAnyTicket" />
    </UnitTest>
    <UnitTest name="SecureFlow.Tests.CreateTicketViewModelTests.ValidInputPassesValidation" storage="/private/var/folders/ky/bqbnhcbj7771c_n3v78353vh0000gn/t/secureflow-phase6-final.hgztkt/secureflow-security-lab/tests/secureflow.tests/bin/release/net10.0/secureflow.tests.dll" id="cbbd54a8-23c5-bdbf-e886-a4608bb79c6c">
      <Execution id="257df0f5-e1b8-4da5-b7df-b4e19af278ce" />
      <TestMethod codeBase="/private/var/folders/ky/bqbnhcbj7771c_n3v78353vh0000gn/T/secureflow-phase6-final.HGZTKt/SecureFlow-Security-Lab/tests/SecureFlow.Tests/bin/Release/net10.0/SecureFlow.Tests.dll" adapterTypeName="executor://xunit/VsTestRunner3/netcore/" className="SecureFlow.Tests.CreateTicketViewModelTests" name="ValidInputPassesValidation" />
    </UnitTest>
    <UnitTest name="SecureFlow.Tests.FileUploadValidatorTests.RejectsMismatchedContentType" storage="/private/var/folders/ky/bqbnhcbj7771c_n3v78353vh0000gn/t/secureflow-phase6-final.hgztkt/secureflow-security-lab/tests/secureflow.tests/bin/release/net10.0/secureflow.tests.dll" id="1afc4212-9e34-5bf9-c93c-a664cbc7d83d">
      <Execution id="f637562f-1c7b-4123-840f-4aeab4a2e81e" />
      <TestMethod codeBase="/private/var/folders/ky/bqbnhcbj7771c_n3v78353vh0000gn/T/secureflow-phase6-final.HGZTKt/SecureFlow-Security-Lab/tests/SecureFlow.Tests/bin/Release/net10.0/SecureFlow.Tests.dll" adapterTypeName="executor://xunit/VsTestRunner3/netcore/" className="SecureFlow.Tests.FileUploadValidatorTests" name="RejectsMismatchedContentType" />
    </UnitTest>
    <UnitTest name="SecureFlow.Tests.Security.FileSecurityScannerTests.RejectsPdfWithHtmlContent" storage="/private/var/folders/ky/bqbnhcbj7771c_n3v78353vh0000gn/t/secureflow-phase6-final.hgztkt/secureflow-security-lab/tests/secureflow.tests/bin/release/net10.0/secureflow.tests.dll" id="b44d7ce5-63e1-d654-eefa-ed4ca2def114">
      <Execution id="447830e4-b751-4149-a8c0-be87c245edfe" />
      <TestMethod codeBase="/private/var/folders/ky/bqbnhcbj7771c_n3v78353vh0000gn/T/secureflow-phase6-final.HGZTKt/SecureFlow-Security-Lab/tests/SecureFlow.Tests/bin/Release/net10.0/SecureFlow.Tests.dll" adapterTypeName="executor://xunit/VsTestRunner3/netcore/" className="SecureFlow.Tests.Security.FileSecurityScannerTests" name="RejectsPdfWithHtmlContent" />
    </UnitTest>
    <UnitTest name="SecureFlow.Tests.TicketAccessServiceTests.AdminCanUseAdminFunctions" storage="/private/var/folders/ky/bqbnhcbj7771c_n3v78353vh0000gn/t/secureflow-phase6-final.hgztkt/secureflow-security-lab/tests/secureflow.tests/bin/release/net10.0/secureflow.tests.dll" id="a26dd8fc-691b-a791-136a-59481c1639e4">
      <Execution id="fffb91fc-421f-4bb6-a57a-665700d5ef4c" />
      <TestMethod codeBase="/private/var/folders/ky/bqbnhcbj7771c_n3v78353vh0000gn/T/secureflow-phase6-final.HGZTKt/SecureFlow-Security-Lab/tests/SecureFlow.Tests/bin/Release/net10.0/SecureFlow.Tests.dll" adapterTypeName="executor://xunit/VsTestRunner3/netcore/" className="SecureFlow.Tests.TicketAccessServiceTests" name="AdminCanUseAdminFunctions" />
    </UnitTest>
    <UnitTest name="SecureFlow.Tests.Security.AuthorizationBoundaryTests.NonOwnerCannotModifyAnotherUsersTicket" storage="/private/var/folders/ky/bqbnhcbj7771c_n3v78353vh0000gn/t/secureflow-phase6-final.hgztkt/secureflow-security-lab/tests/secureflow.tests/bin/release/net10.0/secureflow.tests.dll" id="5c653dd1-ffff-4153-2a7c-fca9eb8e2b7b">
      <Execution id="c722b741-099a-4461-82e4-5b17644b12a8" />
      <TestMethod codeBase="/private/var/folders/ky/bqbnhcbj7771c_n3v78353vh0000gn/T/secureflow-phase6-final.HGZTKt/SecureFlow-Security-Lab/tests/SecureFlow.Tests/bin/Release/net10.0/SecureFlow.Tests.dll" adapterTypeName="executor://xunit/VsTestRunner3/netcore/" className="SecureFlow.Tests.Security.AuthorizationBoundaryTests" name="NonOwnerCannotModifyAnotherUsersTicket" />
    </UnitTest>
    <UnitTest name="SecureFlow.Tests.Security.AuthorizationBoundaryTests.TicketsControllerRequiresAuthentication" storage="/private/var/folders/ky/bqbnhcbj7771c_n3v78353vh0000gn/t/secureflow-phase6-final.hgztkt/secureflow-security-lab/tests/secureflow.tests/bin/release/net10.0/secureflow.tests.dll" id="2d0c1e9c-6e7b-7e99-51a2-803823ddc622">
      <Execution id="67a6a563-6013-448a-8e8b-ab3b251baae3" />
      <TestMethod codeBase="/private/var/folders/ky/bqbnhcbj7771c_n3v78353vh0000gn/T/secureflow-phase6-final.HGZTKt/SecureFlow-Security-Lab/tests/SecureFlow.Tests/bin/Release/net10.0/SecureFlow.Tests.dll" adapterTypeName="executor://xunit/VsTestRunner3/netcore/" className="SecureFlow.Tests.Security.AuthorizationBoundaryTests" name="TicketsControllerRequiresAuthentication" />
    </UnitTest>
    <UnitTest name="SecureFlow.Tests.Security.FileSecurityScannerTests.AcceptsJpegSignature" storage="/private/var/folders/ky/bqbnhcbj7771c_n3v78353vh0000gn/t/secureflow-phase6-final.hgztkt/secureflow-security-lab/tests/secureflow.tests/bin/release/net10.0/secureflow.tests.dll" id="3fe5a69d-6127-1f18-1b47-f173831ddb8b">
      <Execution id="cfd5c34a-357a-4106-a5dd-618861f09acb" />
      <TestMethod codeBase="/private/var/folders/ky/bqbnhcbj7771c_n3v78353vh0000gn/T/secureflow-phase6-final.HGZTKt/SecureFlow-Security-Lab/tests/SecureFlow.Tests/bin/Release/net10.0/SecureFlow.Tests.dll" adapterTypeName="executor://xunit/VsTestRunner3/netcore/" className="SecureFlow.Tests.Security.FileSecurityScannerTests" name="AcceptsJpegSignature" />
    </UnitTest>
  </TestDefinitions>
  <TestEntries>
    <TestEntry testId="2df55b6a-7f8e-4661-6944-b0470eb1dba0" executionId="8def8e68-da09-4d6d-9139-450e7e12f4ff" testListId="8c84fa94-04c1-424b-9868-57a2d4851a1d" />
    <TestEntry testId="1c7a1c16-66f3-58fa-7369-52b3fb1d3ee0" executionId="bf3aebb9-ba64-4833-b67b-e67e0f923577" testListId="8c84fa94-04c1-424b-9868-57a2d4851a1d" />
    <TestEntry testId="be1fc026-2d50-57eb-2401-9a4f1dc54635" executionId="3f4f4341-d7ae-41af-aacf-6108ed685407" testListId="8c84fa94-04c1-424b-9868-57a2d4851a1d" />
    <TestEntry testId="5c653dd1-ffff-4153-2a7c-fca9eb8e2b7b" executionId="c722b741-099a-4461-82e4-5b17644b12a8" testListId="8c84fa94-04c1-424b-9868-57a2d4851a1d" />
    <TestEntry testId="bef68d10-0705-1255-6a16-8f0ce06f02a4" executionId="3e287d98-6e62-4cca-8e8f-f4393d5c7b6f" testListId="8c84fa94-04c1-424b-9868-57a2d4851a1d" />
    <TestEntry testId="a26dd8fc-691b-a791-136a-59481c1639e4" executionId="fffb91fc-421f-4bb6-a57a-665700d5ef4c" testListId="8c84fa94-04c1-424b-9868-57a2d4851a1d" />
    <TestEntry testId="4fa492d3-4b45-cb80-5d37-2e3569fd365a" executionId="dacd5c99-a13c-4fd6-b97f-9729c65f8f72" testListId="8c84fa94-04c1-424b-9868-57a2d4851a1d" />
    <TestEntry testId="b0feb852-b9cc-7990-5e12-3bc112d2910f" executionId="e5f6689d-1f80-4c8c-9676-3d7b6b0bf3cf" testListId="8c84fa94-04c1-424b-9868-57a2d4851a1d" />
    <TestEntry testId="f42adb4a-59b6-6ae8-661d-3f316da65d36" executionId="d2d5d34d-50c3-4889-8932-bb47255c5c26" testListId="8c84fa94-04c1-424b-9868-57a2d4851a1d" />
    <TestEntry testId="a61064cc-70a2-b961-162a-af3e222f1ebf" executionId="403d3dd2-9a3e-4bf2-932a-40ec02128e56" testListId="8c84fa94-04c1-424b-9868-57a2d4851a1d" />
    <TestEntry testId="6ab458e2-6527-87e6-1ea0-35f1b2f5354b" executionId="dcb8c5de-45d5-4fca-8bdd-e36bf905da84" testListId="8c84fa94-04c1-424b-9868-57a2d4851a1d" />
    <TestEntry testId="1afc4212-9e34-5bf9-c93c-a664cbc7d83d" executionId="f637562f-1c7b-4123-840f-4aeab4a2e81e" testListId="8c84fa94-04c1-424b-9868-57a2d4851a1d" />
    <TestEntry testId="df9b6f1d-c67d-01c8-c195-e9c059fa6d61" executionId="7dbb09c8-2abc-4d64-b881-9e7ee2d6bb74" testListId="8c84fa94-04c1-424b-9868-57a2d4851a1d" />
    <TestEntry testId="f1116a2b-3506-e158-3498-dbfaf7276798" executionId="c2dc807f-88ca-4747-ab0e-224e6d94f82d" testListId="8c84fa94-04c1-424b-9868-57a2d4851a1d" />
    <TestEntry testId="6d1a9017-0d3d-ade1-16fe-6a7205479c05" executionId="05b1c4d1-769e-4b8f-92d1-afceea108227" testListId="8c84fa94-04c1-424b-9868-57a2d4851a1d" />
    <TestEntry testId="b44d7ce5-63e1-d654-eefa-ed4ca2def114" executionId="447830e4-b751-4149-a8c0-be87c245edfe" testListId="8c84fa94-04c1-424b-9868-57a2d4851a1d" />
    <TestEntry testId="2d0c1e9c-6e7b-7e99-51a2-803823ddc622" executionId="67a6a563-6013-448a-8e8b-ab3b251baae3" testListId="8c84fa94-04c1-424b-9868-57a2d4851a1d" />
    <TestEntry testId="aa0ddf90-33dc-1800-98bc-7eaa3d4bd56c" executionId="b4b431cd-a596-4f06-9e6d-a8dabcedc94d" testListId="8c84fa94-04c1-424b-9868-57a2d4851a1d" />
    <TestEntry testId="adfa2f9c-a294-0421-c87f-bf2acf82e005" executionId="1b0b7ee2-2a60-4666-b45d-1f4bbbb7ed1a" testListId="8c84fa94-04c1-424b-9868-57a2d4851a1d" />
    <TestEntry testId="f13165c1-67d7-6835-343f-3aa303c0c9c2" executionId="2b525d21-ffc7-4612-9c2d-9642f2fa4cd8" testListId="8c84fa94-04c1-424b-9868-57a2d4851a1d" />
    <TestEntry testId="6c0c88a0-56a2-2140-5b29-a98e262a53c1" executionId="d5777f8b-267a-4ac2-9e1b-4b5ef641edae" testListId="8c84fa94-04c1-424b-9868-57a2d4851a1d" />
    <TestEntry testId="8dbfedc5-8319-ce88-d6af-ff68295e8fcb" executionId="b508e3aa-064a-4574-8e52-552fab9b3573" testListId="8c84fa94-04c1-424b-9868-57a2d4851a1d" />
    <TestEntry testId="26616ac5-c6e7-a752-66da-bace189355f2" executionId="81b7c9c9-5578-4844-93e8-a626c8b1ea1e" testListId="8c84fa94-04c1-424b-9868-57a2d4851a1d" />
    <TestEntry testId="bb7382a3-6637-b15c-0d67-0f751ff2787f" executionId="3ee59597-753e-469a-825c-4ee63db4811e" testListId="8c84fa94-04c1-424b-9868-57a2d4851a1d" />
    <TestEntry testId="0d92c874-d39c-3b78-9cf5-5eed75ec2056" executionId="a73b06ab-1e51-45af-9e08-c241f2220ebd" testListId="8c84fa94-04c1-424b-9868-57a2d4851a1d" />
    <TestEntry testId="cbbd54a8-23c5-bdbf-e886-a4608bb79c6c" executionId="257df0f5-e1b8-4da5-b7df-b4e19af278ce" testListId="8c84fa94-04c1-424b-9868-57a2d4851a1d" />
    <TestEntry testId="4ebedf60-660c-8484-95e7-f7654b526541" executionId="4612b1ac-ed92-49c9-9b4d-6a11f277218f" testListId="8c84fa94-04c1-424b-9868-57a2d4851a1d" />
    <TestEntry testId="afa781c6-a3e7-1a11-19e0-0f6671446614" executionId="3358d1b8-4c6a-435e-b12f-c04582f2068a" testListId="8c84fa94-04c1-424b-9868-57a2d4851a1d" />
    <TestEntry testId="b5cc5777-c913-daac-88dc-81a1a60f441f" executionId="985feb0b-5e03-4aff-9a17-85c61b16447b" testListId="8c84fa94-04c1-424b-9868-57a2d4851a1d" />
    <TestEntry testId="e7e26588-9078-6ffd-0318-8d302168c6fa" executionId="d825e57a-4fac-4016-8648-3f6b614e39a8" testListId="8c84fa94-04c1-424b-9868-57a2d4851a1d" />
    <TestEntry testId="f5f7bd53-add0-1781-6cb5-55110c0a90f7" executionId="b259e8f2-485b-482e-9c7c-7a6edfa7dad1" testListId="8c84fa94-04c1-424b-9868-57a2d4851a1d" />
    <TestEntry testId="2eee42e3-7a2a-3503-6f30-3a6f02b58d64" executionId="872784e6-1b47-4eff-89cf-45cdc20247bc" testListId="8c84fa94-04c1-424b-9868-57a2d4851a1d" />
    <TestEntry testId="3fe5a69d-6127-1f18-1b47-f173831ddb8b" executionId="cfd5c34a-357a-4106-a5dd-618861f09acb" testListId="8c84fa94-04c1-424b-9868-57a2d4851a1d" />
    <TestEntry testId="ca19abad-9dcd-1c21-6221-9ead7ac05ef7" executionId="089c492b-c9cc-4bae-987d-2a7c2a461af4" testListId="8c84fa94-04c1-424b-9868-57a2d4851a1d" />
  </TestEntries>
  <TestLists>
    <TestList name="Results Not in a List" id="8c84fa94-04c1-424b-9868-57a2d4851a1d" />
    <TestList name="All Loaded Results" id="19431567-8539-422a-85d7-44ee4e166bda" />
  </TestLists>
  <ResultSummary outcome="Completed">
    <Counters total="34" executed="34" passed="34" failed="0" error="0" timeout="0" aborted="0" inconclusive="0" passedButRunAborted="0" notRunnable="0" notExecuted="0" disconnected="0" warning="0" completed="0" inProgress="0" pending="0" />
    <Output>
      <StdOut>[xUnit.net 00:00:00.00] xUnit.net VSTest Adapter v3.1.4+50e68bbb8b (64-bit .NET 10.0.10)
[xUnit.net 00:00:00.05]   Discovering: SecureFlow.Tests
[xUnit.net 00:00:00.07]   Discovered:  SecureFlow.Tests
[xUnit.net 00:00:00.08]   Starting:    SecureFlow.Tests
[xUnit.net 00:00:00.14]   Finished:    SecureFlow.Tests
</StdOut>
    </Output>
  </ResultSummary>
</TestRun>