<?xml version="1.0" encoding="utf-8"?>
<TestRun id="4314323c-15c9-41ae-8e6d-b194481196b6" name="@macbookpro 2026-08-05 03:44:47" xmlns="http://microsoft.com/schemas/VisualStudio/TeamTest/2010">
  <Times creation="2026-08-05T03:44:47.4354850+10:00" queuing="2026-08-05T03:44:47.4354850+10:00" start="2026-08-05T03:44:46.9664410+10:00" finish="2026-08-05T03:44:47.4547490+10:00" />
  <TestSettings name="default" id="c65bb115-602f-4c12-8e0e-15b81235ca54">
    <Deployment runDeploymentRoot="_macbookpro_2026-08-05_03_44_47" />
  </TestSettings>
  <Results>
    <UnitTestResult executionId="8da8f8a2-3a33-41ed-9f9c-fbc9882a2d29" testId="2d0c1e9c-6e7b-7e99-51a2-803823ddc622" testName="SecureFlow.Tests.Security.AuthorizationBoundaryTests.TicketsControllerRequiresAuthentication" computerName="macbookpro" duration="00:00:00.0000860" startTime="2026-08-05T03:44:47.4171050+10:00" endTime="2026-08-05T03:44:47.4171270+10:00" testType="13cdc9d9-ddb5-4fa4-a97d-d965ccfc6d4b" outcome="Passed" testListId="8c84fa94-04c1-424b-9868-57a2d4851a1d" relativeResultsDirectory="8da8f8a2-3a33-41ed-9f9c-fbc9882a2d29" />
    <UnitTestResult executionId="5b72bd0b-3895-4437-b9e7-70af63821dcc" testId="0d92c874-d39c-3b78-9cf5-5eed75ec2056" testName="SecureFlow.Tests.Security.FileSecurityScannerTests.AcceptsValidUtf8Text" computerName="macbookpro" duration="00:00:00.0005185" startTime="2026-08-05T03:44:47.4157040+10:00" endTime="2026-08-05T03:44:47.4160140+10:00" testType="13cdc9d9-ddb5-4fa4-a97d-d965ccfc6d4b" outcome="Passed" testListId="8c84fa94-04c1-424b-9868-57a2d4851a1d" relativeResultsDirectory="5b72bd0b-3895-4437-b9e7-70af63821dcc" />
    <UnitTestResult executionId="9537dab8-f2d0-42bd-bff7-4446ecfe9d9f" testId="f1116a2b-3506-e158-3498-dbfaf7276798" testName="SecureFlow.Tests.Security.AuthorizationBoundaryTests.OwnerCanReadAndModifyOwnTicket" computerName="macbookpro" duration="00:00:00.0000292" startTime="2026-08-05T03:44:47.4171800+10:00" endTime="2026-08-05T03:44:47.4172020+10:00" testType="13cdc9d9-ddb5-4fa4-a97d-d965ccfc6d4b" outcome="Passed" testListId="8c84fa94-04c1-424b-9868-57a2d4851a1d" relativeResultsDirectory="9537dab8-f2d0-42bd-bff7-4446ecfe9d9f" />
    <UnitTestResult executionId="d18916a4-c323-43b3-a8b0-e8baef02acf8" testId="afa781c6-a3e7-1a11-19e0-0f6671446614" testName="SecureFlow.Tests.TicketAccessServiceTests.NormalUserCannotUseAdminFunctions" computerName="macbookpro" duration="00:00:00.0000342" startTime="2026-08-05T03:44:47.4106340+10:00" endTime="2026-08-05T03:44:47.4107130+10:00" testType="13cdc9d9-ddb5-4fa4-a97d-d965ccfc6d4b" outcome="Passed" testListId="8c84fa94-04c1-424b-9868-57a2d4851a1d" relativeResultsDirectory="d18916a4-c323-43b3-a8b0-e8baef02acf8" />
    <UnitTestResult executionId="7ff9ad88-1ab6-43f4-af39-c43150346f3f" testId="26616ac5-c6e7-a752-66da-bace189355f2" testName="SecureFlow.Tests.FileUploadValidatorTests.RejectsEmptyFile" computerName="macbookpro" duration="00:00:00.0000258" startTime="2026-08-05T03:44:47.4109420+10:00" endTime="2026-08-05T03:44:47.4109690+10:00" testType="13cdc9d9-ddb5-4fa4-a97d-d965ccfc6d4b" outcome="Passed" testListId="8c84fa94-04c1-424b-9868-57a2d4851a1d" relativeResultsDirectory="7ff9ad88-1ab6-43f4-af39-c43150346f3f" />
    <UnitTestResult executionId="0965607d-3087-4795-bb93-48d86d80548e" testId="cbbd54a8-23c5-bdbf-e886-a4608bb79c6c" testName="SecureFlow.Tests.CreateTicketViewModelTests.ValidInputPassesValidation" computerName="macbookpro" duration="00:00:00.0086591" startTime="2026-08-05T03:44:47.3798470+10:00" endTime="2026-08-05T03:44:47.4155450+10:00" testType="13cdc9d9-ddb5-4fa4-a97d-d965ccfc6d4b" outcome="Passed" testListId="8c84fa94-04c1-424b-9868-57a2d4851a1d" relativeResultsDirectory="0965607d-3087-4795-bb93-48d86d80548e" />
    <UnitTestResult executionId="aa61920a-56a8-4f5b-93ca-d03c210f34af" testId="bb7382a3-6637-b15c-0d67-0f751ff2787f" testName="SecureFlow.Tests.FileUploadValidatorTests.RejectsOversizedFile" computerName="macbookpro" duration="00:00:00.0000748" startTime="2026-08-05T03:44:47.4105430+10:00" endTime="2026-08-05T03:44:47.4106650+10:00" testType="13cdc9d9-ddb5-4fa4-a97d-d965ccfc6d4b" outcome="Passed" testListId="8c84fa94-04c1-424b-9868-57a2d4851a1d" relativeResultsDirectory="aa61920a-56a8-4f5b-93ca-d03c210f34af" />
    <UnitTestResult executionId="e41a8f04-14a7-4e32-bc78-318ce2a86009" testId="ca19abad-9dcd-1c21-6221-9ead7ac05ef7" testName="SecureFlow.Tests.Security.UploadAndAuthenticationControlTests.UploadEndpointLimitsRequestBeforeModelBinding" computerName="macbookpro" duration="00:00:00.0033369" startTime="2026-08-05T03:44:47.4173750+10:00" endTime="2026-08-05T03:44:47.4173990+10:00" testType="13cdc9d9-ddb5-4fa4-a97d-d965ccfc6d4b" outcome="Passed" testListId="8c84fa94-04c1-424b-9868-57a2d4851a1d" relativeResultsDirectory="e41a8f04-14a7-4e32-bc78-318ce2a86009" />
    <UnitTestResult executionId="08fded4b-2f51-401f-b5dc-808757fa00c7" testId="b0feb852-b9cc-7990-5e12-3bc112d2910f" testName="SecureFlow.Tests.Security.AuthorizationBoundaryTests.AdministratorCanUseAdministratorFunctions" computerName="macbookpro" duration="00:00:00.0000179" startTime="2026-08-05T03:44:47.4170310+10:00" endTime="2026-08-05T03:44:47.4170530+10:00" testType="13cdc9d9-ddb5-4fa4-a97d-d965ccfc6d4b" outcome="Passed" testListId="8c84fa94-04c1-424b-9868-57a2d4851a1d" relativeResultsDirectory="08fded4b-2f51-401f-b5dc-808757fa00c7" />
    <UnitTestResult executionId="44c1e11c-b54e-4b44-85bd-2092ca2a55a1" testId="2df55b6a-7f8e-4661-6944-b0470eb1dba0" testName="SecureFlow.Tests.Security.AuthorizationBoundaryTests.NormalUserCannotUseAdministratorFunctions" computerName="macbookpro" duration="00:00:00.0000259" startTime="2026-08-05T03:44:47.4167950+10:00" endTime="2026-08-05T03:44:47.4168210+10:00" testType="13cdc9d9-ddb5-4fa4-a97d-d965ccfc6d4b" outcome="Passed" testListId="8c84fa94-04c1-424b-9868-57a2d4851a1d" relativeResultsDirectory="44c1e11c-b54e-4b44-85bd-2092ca2a55a1" />
    <UnitTestResult executionId="0e3f4cef-3172-4807-ae65-94b6cf57a415" testId="b44d7ce5-63e1-d654-eefa-ed4ca2def114" testName="SecureFlow.Tests.Security.FileSecurityScannerTests.RejectsPdfWithHtmlContent" computerName="macbookpro" duration="00:00:00.0007347" startTime="2026-08-05T03:44:47.4151480+10:00" endTime="2026-08-05T03:44:47.4156440+10:00" testType="13cdc9d9-ddb5-4fa4-a97d-d965ccfc6d4b" outcome="Passed" testListId="8c84fa94-04c1-424b-9868-57a2d4851a1d" relativeResultsDirectory="0e3f4cef-3172-4807-ae65-94b6cf57a415" />
    <UnitTestResult executionId="01333527-c8fc-4d01-b686-3316d19be110" testId="be1fc026-2d50-57eb-2401-9a4f1dc54635" testName="SecureFlow.Tests.Security.UploadAndAuthenticationControlTests.ContentSecurityPolicyDisallowsInlineStyles" computerName="macbookpro" duration="00:00:00.0000699" startTime="2026-08-05T03:44:47.4177450+10:00" endTime="2026-08-05T03:44:47.4177690+10:00" testType="13cdc9d9-ddb5-4fa4-a97d-d965ccfc6d4b" outcome="Passed" testListId="8c84fa94-04c1-424b-9868-57a2d4851a1d" relativeResultsDirectory="01333527-c8fc-4d01-b686-3316d19be110" />
    <UnitTestResult executionId="6840f5af-d179-4925-8ecc-c8f0c76734ca" testId="5c653dd1-ffff-4153-2a7c-fca9eb8e2b7b" testName="SecureFlow.Tests.Security.AuthorizationBoundaryTests.NonOwnerCannotModifyAnotherUsersTicket" computerName="macbookpro" duration="00:00:00.0000243" startTime="2026-08-05T03:44:47.4169550+10:00" endTime="2026-08-05T03:44:47.4169780+10:00" testType="13cdc9d9-ddb5-4fa4-a97d-d965ccfc6d4b" outcome="Passed" testListId="8c84fa94-04c1-424b-9868-57a2d4851a1d" relativeResultsDirectory="6840f5af-d179-4925-8ecc-c8f0c76734ca" />
    <UnitTestResult executionId="4e26143a-02a1-48db-b96e-aef1bd206db1" testId="f5f7bd53-add0-1781-6cb5-55110c0a90f7" testName="SecureFlow.Tests.Security.UploadAndAuthenticationControlTests.LoginLimiterNormalisesIpv4MappedAddress" computerName="macbookpro" duration="00:00:00.0021588" startTime="2026-08-05T03:44:47.4178230+10:00" endTime="2026-08-05T03:44:47.4178450+10:00" testType="13cdc9d9-ddb5-4fa4-a97d-d965ccfc6d4b" outcome="Passed" testListId="8c84fa94-04c1-424b-9868-57a2d4851a1d" relativeResultsDirectory="4e26143a-02a1-48db-b96e-aef1bd206db1" />
    <UnitTestResult executionId="18c8541a-69e7-4109-89f0-9fd39eb88082" testId="1afc4212-9e34-5bf9-c93c-a664cbc7d83d" testName="SecureFlow.Tests.FileUploadValidatorTests.RejectsMismatchedContentType" computerName="macbookpro" duration="00:00:00.0000245" startTime="2026-08-05T03:44:47.4110280+10:00" endTime="2026-08-05T03:44:47.4141070+10:00" testType="13cdc9d9-ddb5-4fa4-a97d-d965ccfc6d4b" outcome="Passed" testListId="8c84fa94-04c1-424b-9868-57a2d4851a1d" relativeResultsDirectory="18c8541a-69e7-4109-89f0-9fd39eb88082" />
    <UnitTestResult executionId="350154ed-c6fb-461c-a7ed-b1d209d60c37" testId="6d1a9017-0d3d-ade1-16fe-6a7205479c05" testName="SecureFlow.Tests.TicketAccessServiceTests.UserCannotReadAnotherUsersTicket" computerName="macbookpro" duration="00:00:00.0064450" startTime="2026-08-05T03:44:47.3797950+10:00" endTime="2026-08-05T03:44:47.3888770+10:00" testType="13cdc9d9-ddb5-4fa4-a97d-d965ccfc6d4b" outcome="Passed" testListId="8c84fa94-04c1-424b-9868-57a2d4851a1d" relativeResultsDirectory="350154ed-c6fb-461c-a7ed-b1d209d60c37" />
    <UnitTestResult executionId="86a5987a-932d-4fff-bade-6280a97b6cd4" testId="b5cc5777-c913-daac-88dc-81a1a60f441f" testName="SecureFlow.Tests.Security.UploadAndAuthenticationControlTests.LoginLimiterPartitionsBySourceAddress" computerName="macbookpro" duration="00:00:00.0187906" startTime="2026-08-05T03:44:47.3790720+10:00" endTime="2026-08-05T03:44:47.4173210+10:00" testType="13cdc9d9-ddb5-4fa4-a97d-d965ccfc6d4b" outcome="Passed" testListId="8c84fa94-04c1-424b-9868-57a2d4851a1d" relativeResultsDirectory="86a5987a-932d-4fff-bade-6280a97b6cd4" />
    <UnitTestResult executionId="87806943-0976-4ee5-afca-4ea35ed5b3d0" testId="f13165c1-67d7-6835-343f-3aa303c0c9c2" testName="SecureFlow.Tests.TicketAccessServiceTests.OwnerCanReadOwnTicket" computerName="macbookpro" duration="00:00:00.0000422" startTime="2026-08-05T03:44:47.4104810+10:00" endTime="2026-08-05T03:44:47.4105690+10:00" testType="13cdc9d9-ddb5-4fa4-a97d-d965ccfc6d4b" outcome="Passed" testListId="8c84fa94-04c1-424b-9868-57a2d4851a1d" relativeResultsDirectory="87806943-0976-4ee5-afca-4ea35ed5b3d0" />
    <UnitTestResult executionId="4f491ef2-57ea-4b94-9403-7faad33773bf" testId="f42adb4a-59b6-6ae8-661d-3f316da65d36" testName="SecureFlow.Tests.FileUploadValidatorTests.AllowsPdfWithinSizeLimit" computerName="macbookpro" duration="00:00:00.0000652" startTime="2026-08-05T03:44:47.4107860+10:00" endTime="2026-08-05T03:44:47.4108820+10:00" testType="13cdc9d9-ddb5-4fa4-a97d-d965ccfc6d4b" outcome="Passed" testListId="8c84fa94-04c1-424b-9868-57a2d4851a1d" relativeResultsDirectory="4f491ef2-57ea-4b94-9403-7faad33773bf" />
    <UnitTestResult executionId="a3ae1f2c-6713-48e6-8c97-85992dde15c4" testId="a26dd8fc-691b-a791-136a-59481c1639e4" testName="SecureFlow.Tests.TicketAccessServiceTests.AdminCanUseAdminFunctions" computerName="macbookpro" duration="00:00:00.0000516" startTime="2026-08-05T03:44:47.4107970+10:00" endTime="2026-08-05T03:44:47.4108420+10:00" testType="13cdc9d9-ddb5-4fa4-a97d-d965ccfc6d4b" outcome="Passed" testListId="8c84fa94-04c1-424b-9868-57a2d4851a1d" relativeResultsDirectory="a3ae1f2c-6713-48e6-8c97-85992dde15c4" />
    <UnitTestResult executionId="6183f07e-c4ef-40a4-aa4d-372e8d04e413" testId="e7e26588-9078-6ffd-0318-8d302168c6fa" testName="SecureFlow.Tests.Security.FileSecurityScannerTests.RejectsTextContainingNullBytes" computerName="macbookpro" duration="00:00:00.0002318" startTime="2026-08-05T03:44:47.4162350+10:00" endTime="2026-08-05T03:44:47.4162580+10:00" testType="13cdc9d9-ddb5-4fa4-a97d-d965ccfc6d4b" outcome="Passed" testListId="8c84fa94-04c1-424b-9868-57a2d4851a1d" relativeResultsDirectory="6183f07e-c4ef-40a4-aa4d-372e8d04e413" />
    <UnitTestResult executionId="ebc2b2f9-40bf-4f77-a877-d49f85da9bb0" testId="8dbfedc5-8319-ce88-d6af-ff68295e8fcb" testName="SecureFlow.Tests.FileUploadValidatorTests.RejectsExecutableExtension" computerName="macbookpro" duration="00:00:00.0000933" startTime="2026-08-05T03:44:47.3953620+10:00" endTime="2026-08-05T03:44:47.4104180+10:00" testType="13cdc9d9-ddb5-4fa4-a97d-d965ccfc6d4b" outcome="Passed" testListId="8c84fa94-04c1-424b-9868-57a2d4851a1d" relativeResultsDirectory="ebc2b2f9-40bf-4f77-a877-d49f85da9bb0" />
    <UnitTestResult executionId="eb59443a-aae0-490d-89da-8d08ccf91af0" testId="adfa2f9c-a294-0421-c87f-bf2acf82e005" testName="SecureFlow.Tests.Security.AuthorizationBoundaryTests.AdministratorCanReadAndModifyAnyTicket" computerName="macbookpro" duration="00:00:00.0000278" startTime="2026-08-05T03:44:47.4172530+10:00" endTime="2026-08-05T03:44:47.4172760+10:00" testType="13cdc9d9-ddb5-4fa4-a97d-d965ccfc6d4b" outcome="Passed" testListId="8c84fa94-04c1-424b-9868-57a2d4851a1d" relativeResultsDirectory="eb59443a-aae0-490d-89da-8d08ccf91af0" />
    <UnitTestResult executionId="ae020e71-2622-45a5-a5fc-f6b60de666fd" testId="1c7a1c16-66f3-58fa-7369-52b3fb1d3ee0" testName="SecureFlow.Tests.FileUploadValidatorTests.RemovesPathTraversalFromOriginalName" computerName="macbookpro" duration="00:00:00.0069522" startTime="2026-08-05T03:44:47.3798580+10:00" endTime="2026-08-05T03:44:47.3938110+10:00" testType="13cdc9d9-ddb5-4fa4-a97d-d965ccfc6d4b" outcome="Passed" testListId="8c84fa94-04c1-424b-9868-57a2d4851a1d" relativeResultsDirectory="ae020e71-2622-45a5-a5fc-f6b60de666fd" />
    <UnitTestResult executionId="8cc7ad61-0a26-44fe-b9cd-01cceec808fe" testId="a61064cc-70a2-b961-162a-af3e222f1ebf" testName="SecureFlow.Tests.Security.AuthorizationBoundaryTests.AdminControllerRequiresTheAdministratorRole" computerName="macbookpro" duration="00:00:00.0175095" startTime="2026-08-05T03:44:47.3798220+10:00" endTime="2026-08-05T03:44:47.4164260+10:00" testType="13cdc9d9-ddb5-4fa4-a97d-d965ccfc6d4b" outcome="Passed" testListId="8c84fa94-04c1-424b-9868-57a2d4851a1d" relativeResultsDirectory="8cc7ad61-0a26-44fe-b9cd-01cceec808fe" />
    <UnitTestResult executionId="24e2bae7-f73e-4956-b206-b5632947724a" testId="bef68d10-0705-1255-6a16-8f0ce06f02a4" testName="SecureFlow.Tests.TicketAccessServiceTests.AdminCanReadAnotherUsersTicket" computerName="macbookpro" duration="00:00:00.0000452" startTime="2026-08-05T03:44:47.3952700+10:00" endTime="2026-08-05T03:44:47.3954400+10:00" testType="13cdc9d9-ddb5-4fa4-a97d-d965ccfc6d4b" outcome="Passed" testListId="8c84fa94-04c1-424b-9868-57a2d4851a1d" relativeResultsDirectory="24e2bae7-f73e-4956-b206-b5632947724a" />
    <UnitTestResult executionId="6dbbdb44-7c91-4aaf-ae5c-7db97dc8493b" testId="4fa492d3-4b45-cb80-5d37-2e3569fd365a" testName="SecureFlow.Tests.Security.FileSecurityScannerTests.AcceptsPngSignature" computerName="macbookpro" duration="00:00:00.0002098" startTime="2026-08-05T03:44:47.4161570+10:00" endTime="2026-08-05T03:44:47.4161800+10:00" testType="13cdc9d9-ddb5-4fa4-a97d-d965ccfc6d4b" outcome="Passed" testListId="8c84fa94-04c1-424b-9868-57a2d4851a1d" relativeResultsDirectory="6dbbdb44-7c91-4aaf-ae5c-7db97dc8493b" />
    <UnitTestResult executionId="f4d5c3c5-c853-4a95-bd35-d7e59a1c12d3" testId="4ebedf60-660c-8484-95e7-f7654b526541" testName="SecureFlow.Tests.CreateTicketViewModelTests.ShortDescriptionFailsValidation" computerName="macbookpro" duration="00:00:00.0001189" startTime="2026-08-05T03:44:47.4163580+10:00" endTime="2026-08-05T03:44:47.4163810+10:00" testType="13cdc9d9-ddb5-4fa4-a97d-d965ccfc6d4b" outcome="Passed" testListId="8c84fa94-04c1-424b-9868-57a2d4851a1d" relativeResultsDirectory="f4d5c3c5-c853-4a95-bd35-d7e59a1c12d3" />
    <UnitTestResult executionId="2cc2e44a-a6cb-4c8a-ac1b-1ecd317db965" testId="6c0c88a0-56a2-2140-5b29-a98e262a53c1" testName="SecureFlow.Tests.Security.AuthorizationBoundaryTests.NonOwnerCannotReadAnotherUsersTicket" computerName="macbookpro" duration="00:00:00.0000805" startTime="2026-08-05T03:44:47.4168790+10:00" endTime="2026-08-05T03:44:47.4169020+10:00" testType="13cdc9d9-ddb5-4fa4-a97d-d965ccfc6d4b" outcome="Passed" testListId="8c84fa94-04c1-424b-9868-57a2d4851a1d" relativeResultsDirectory="2cc2e44a-a6cb-4c8a-ac1b-1ecd317db965" />
    <UnitTestResult executionId="832621ac-6dbb-41bd-a0c4-9bcd34e05419" testId="aa0ddf90-33dc-1800-98bc-7eaa3d4bd56c" testName="SecureFlow.Tests.CreateTicketViewModelTests.ShortTitleFailsValidation" computerName="macbookpro" duration="00:00:00.0024623" startTime="2026-08-05T03:44:47.4156180+10:00" endTime="2026-08-05T03:44:47.4163050+10:00" testType="13cdc9d9-ddb5-4fa4-a97d-d965ccfc6d4b" outcome="Passed" testListId="8c84fa94-04c1-424b-9868-57a2d4851a1d" relativeResultsDirectory="832621ac-6dbb-41bd-a0c4-9bcd34e05419" />
    <UnitTestResult executionId="0ecf48fd-5844-4d21-a543-6d2c17c2b3bf" testId="6ab458e2-6527-87e6-1ea0-35f1b2f5354b" testName="SecureFlow.Tests.TicketAccessServiceTests.UserCannotModifyAnotherUsersTicket" computerName="macbookpro" duration="00:00:00.0000592" startTime="2026-08-05T03:44:47.4102150+10:00" endTime="2026-08-05T03:44:47.4102600+10:00" testType="13cdc9d9-ddb5-4fa4-a97d-d965ccfc6d4b" outcome="Passed" testListId="8c84fa94-04c1-424b-9868-57a2d4851a1d" relativeResultsDirectory="0ecf48fd-5844-4d21-a543-6d2c17c2b3bf" />
    <UnitTestResult executionId="70dd4a85-2697-49ab-ae5a-55638400b48c" testId="df9b6f1d-c67d-01c8-c195-e9c059fa6d61" testName="SecureFlow.Tests.Security.FileSecurityScannerTests.AcceptsPdfWithPdfSignature" computerName="macbookpro" duration="00:00:00.0072443" startTime="2026-08-05T03:44:47.3798360+10:00" endTime="2026-08-05T03:44:47.3952860+10:00" testType="13cdc9d9-ddb5-4fa4-a97d-d965ccfc6d4b" outcome="Passed" testListId="8c84fa94-04c1-424b-9868-57a2d4851a1d" relativeResultsDirectory="70dd4a85-2697-49ab-ae5a-55638400b48c" />
    <UnitTestResult executionId="48c9d89f-2788-42ea-bebe-42a8f4cf8223" testId="3fe5a69d-6127-1f18-1b47-f173831ddb8b" testName="SecureFlow.Tests.Security.FileSecurityScannerTests.AcceptsJpegSignature" computerName="macbookpro" duration="00:00:00.0006147" startTime="2026-08-05T03:44:47.3954130+10:00" endTime="2026-08-05T03:44:47.4141710+10:00" testType="13cdc9d9-ddb5-4fa4-a97d-d965ccfc6d4b" outcome="Passed" testListId="8c84fa94-04c1-424b-9868-57a2d4851a1d" relativeResultsDirectory="48c9d89f-2788-42ea-bebe-42a8f4cf8223" />
    <UnitTestResult executionId="ae0453c3-4644-438a-b5d8-960e1dae3342" testId="2eee42e3-7a2a-3503-6f30-3a6f02b58d64" testName="SecureFlow.Tests.Security.FileSecurityScannerTests.RejectsHarmlessSecurityTestMarker" computerName="macbookpro" duration="00:00:00.0002142" startTime="2026-08-05T03:44:47.4160760+10:00" endTime="2026-08-05T03:44:47.4161010+10:00" testType="13cdc9d9-ddb5-4fa4-a97d-d965ccfc6d4b" outcome="Passed" testListId="8c84fa94-04c1-424b-9868-57a2d4851a1d" relativeResultsDirectory="ae0453c3-4644-438a-b5d8-960e1dae3342" />
  </Results>
  <TestDefinitions>
    <UnitTest name="SecureFlow.Tests.Security.UploadAndAuthenticationControlTests.LoginLimiterPartitionsBySourceAddress" storage="/private/var/folders/ky/bqbnhcbj7771c_n3v78353vh0000gn/t/secureflow-presentation-cleanup.z6cfwp/secureflow-security-lab/tests/secureflow.tests/bin/release/net10.0/secureflow.tests.dll" id="b5cc5777-c913-daac-88dc-81a1a60f441f">
      <Execution id="86a5987a-932d-4fff-bade-6280a97b6cd4" />
      <TestMethod codeBase="/private/var/folders/ky/bqbnhcbj7771c_n3v78353vh0000gn/T/secureflow-presentation-cleanup.Z6cFWp/SecureFlow-Security-Lab/tests/SecureFlow.Tests/bin/Release/net10.0/SecureFlow.Tests.dll" adapterTypeName="executor://xunit/VsTestRunner3/netcore/" className="SecureFlow.Tests.Security.UploadAndAuthenticationControlTests" name="LoginLimiterPartitionsBySourceAddress" />
    </UnitTest>
    <UnitTest name="SecureFlow.Tests.Security.AuthorizationBoundaryTests.AdminControllerRequiresTheAdministratorRole" storage="/private/var/folders/ky/bqbnhcbj7771c_n3v78353vh0000gn/t/secureflow-presentation-cleanup.z6cfwp/secureflow-security-lab/tests/secureflow.tests/bin/release/net10.0/secureflow.tests.dll" id="a61064cc-70a2-b961-162a-af3e222f1ebf">
      <Execution id="8cc7ad61-0a26-44fe-b9cd-01cceec808fe" />
      <TestMethod codeBase="/private/var/folders/ky/bqbnhcbj7771c_n3v78353vh0000gn/T/secureflow-presentation-cleanup.Z6cFWp/SecureFlow-Security-Lab/tests/SecureFlow.Tests/bin/Release/net10.0/SecureFlow.Tests.dll" adapterTypeName="executor://xunit/VsTestRunner3/netcore/" className="SecureFlow.Tests.Security.AuthorizationBoundaryTests" name="AdminControllerRequiresTheAdministratorRole" />
    </UnitTest>
    <UnitTest name="SecureFlow.Tests.TicketAccessServiceTests.OwnerCanReadOwnTicket" storage="/private/var/folders/ky/bqbnhcbj7771c_n3v78353vh0000gn/t/secureflow-presentation-cleanup.z6cfwp/secureflow-security-lab/tests/secureflow.tests/bin/release/net10.0/secureflow.tests.dll" id="f13165c1-67d7-6835-343f-3aa303c0c9c2">
      <Execution id="87806943-0976-4ee5-afca-4ea35ed5b3d0" />
      <TestMethod codeBase="/private/var/folders/ky/bqbnhcbj7771c_n3v78353vh0000gn/T/secureflow-presentation-cleanup.Z6cFWp/SecureFlow-Security-Lab/tests/SecureFlow.Tests/bin/Release/net10.0/SecureFlow.Tests.dll" adapterTypeName="executor://xunit/VsTestRunner3/netcore/" className="SecureFlow.Tests.TicketAccessServiceTests" name="OwnerCanReadOwnTicket" />
    </UnitTest>
    <UnitTest name="SecureFlow.Tests.TicketAccessServiceTests.UserCannotReadAnotherUsersTicket" storage="/private/var/folders/ky/bqbnhcbj7771c_n3v78353vh0000gn/t/secureflow-presentation-cleanup.z6cfwp/secureflow-security-lab/tests/secureflow.tests/bin/release/net10.0/secureflow.tests.dll" id="6d1a9017-0d3d-ade1-16fe-6a7205479c05">
      <Execution id="350154ed-c6fb-461c-a7ed-b1d209d60c37" />
      <TestMethod codeBase="/private/var/folders/ky/bqbnhcbj7771c_n3v78353vh0000gn/T/secureflow-presentation-cleanup.Z6cFWp/SecureFlow-Security-Lab/tests/SecureFlow.Tests/bin/Release/net10.0/SecureFlow.Tests.dll" adapterTypeName="executor://xunit/VsTestRunner3/netcore/" className="SecureFlow.Tests.TicketAccessServiceTests" name="UserCannotReadAnotherUsersTicket" />
    </UnitTest>
    <UnitTest name="SecureFlow.Tests.Security.FileSecurityScannerTests.RejectsTextContainingNullBytes" storage="/private/var/folders/ky/bqbnhcbj7771c_n3v78353vh0000gn/t/secureflow-presentation-cleanup.z6cfwp/secureflow-security-lab/tests/secureflow.tests/bin/release/net10.0/secureflow.tests.dll" id="e7e26588-9078-6ffd-0318-8d302168c6fa">
      <Execution id="6183f07e-c4ef-40a4-aa4d-372e8d04e413" />
      <TestMethod codeBase="/private/var/folders/ky/bqbnhcbj7771c_n3v78353vh0000gn/T/secureflow-presentation-cleanup.Z6cFWp/SecureFlow-Security-Lab/tests/SecureFlow.Tests/bin/Release/net10.0/SecureFlow.Tests.dll" adapterTypeName="executor://xunit/VsTestRunner3/netcore/" className="SecureFlow.Tests.Security.FileSecurityScannerTests" name="RejectsTextContainingNullBytes" />
    </UnitTest>
    <UnitTest name="SecureFlow.Tests.FileUploadValidatorTests.AllowsPdfWithinSizeLimit" storage="/private/var/folders/ky/bqbnhcbj7771c_n3v78353vh0000gn/t/secureflow-presentation-cleanup.z6cfwp/secureflow-security-lab/tests/secureflow.tests/bin/release/net10.0/secureflow.tests.dll" id="f42adb4a-59b6-6ae8-661d-3f316da65d36">
      <Execution id="4f491ef2-57ea-4b94-9403-7faad33773bf" />
      <TestMethod codeBase="/private/var/folders/ky/bqbnhcbj7771c_n3v78353vh0000gn/T/secureflow-presentation-cleanup.Z6cFWp/SecureFlow-Security-Lab/tests/SecureFlow.Tests/bin/Release/net10.0/SecureFlow.Tests.dll" adapterTypeName="executor://xunit/VsTestRunner3/netcore/" className="SecureFlow.Tests.FileUploadValidatorTests" name="AllowsPdfWithinSizeLimit" />
    </UnitTest>
    <UnitTest name="SecureFlow.Tests.FileUploadValidatorTests.RejectsOversizedFile" storage="/private/var/folders/ky/bqbnhcbj7771c_n3v78353vh0000gn/t/secureflow-presentation-cleanup.z6cfwp/secureflow-security-lab/tests/secureflow.tests/bin/release/net10.0/secureflow.tests.dll" id="bb7382a3-6637-b15c-0d67-0f751ff2787f">
      <Execution id="aa61920a-56a8-4f5b-93ca-d03c210f34af" />
      <TestMethod codeBase="/private/var/folders/ky/bqbnhcbj7771c_n3v78353vh0000gn/T/secureflow-presentation-cleanup.Z6cFWp/SecureFlow-Security-Lab/tests/SecureFlow.Tests/bin/Release/net10.0/SecureFlow.Tests.dll" adapterTypeName="executor://xunit/VsTestRunner3/netcore/" className="SecureFlow.Tests.FileUploadValidatorTests" name="RejectsOversizedFile" />
    </UnitTest>
    <UnitTest name="SecureFlow.Tests.CreateTicketViewModelTests.ShortTitleFailsValidation" storage="/private/var/folders/ky/bqbnhcbj7771c_n3v78353vh0000gn/t/secureflow-presentation-cleanup.z6cfwp/secureflow-security-lab/tests/secureflow.tests/bin/release/net10.0/secureflow.tests.dll" id="aa0ddf90-33dc-1800-98bc-7eaa3d4bd56c">
      <Execution id="832621ac-6dbb-41bd-a0c4-9bcd34e05419" />
      <TestMethod codeBase="/private/var/folders/ky/bqbnhcbj7771c_n3v78353vh0000gn/T/secureflow-presentation-cleanup.Z6cFWp/SecureFlow-Security-Lab/tests/SecureFlow.Tests/bin/Release/net10.0/SecureFlow.Tests.dll" adapterTypeName="executor://xunit/VsTestRunner3/netcore/" className="SecureFlow.Tests.CreateTicketViewModelTests" name="ShortTitleFailsValidation" />
    </UnitTest>
    <UnitTest name="SecureFlow.Tests.Security.AuthorizationBoundaryTests.OwnerCanReadAndModifyOwnTicket" storage="/private/var/folders/ky/bqbnhcbj7771c_n3v78353vh0000gn/t/secureflow-presentation-cleanup.z6cfwp/secureflow-security-lab/tests/secureflow.tests/bin/release/net10.0/secureflow.tests.dll" id="f1116a2b-3506-e158-3498-dbfaf7276798">
      <Execution id="9537dab8-f2d0-42bd-bff7-4446ecfe9d9f" />
      <TestMethod codeBase="/private/var/folders/ky/bqbnhcbj7771c_n3v78353vh0000gn/T/secureflow-presentation-cleanup.Z6cFWp/SecureFlow-Security-Lab/tests/SecureFlow.Tests/bin/Release/net10.0/SecureFlow.Tests.dll" adapterTypeName="executor://xunit/VsTestRunner3/netcore/" className="SecureFlow.Tests.Security.AuthorizationBoundaryTests" name="OwnerCanReadAndModifyOwnTicket" />
    </UnitTest>
    <UnitTest name="SecureFlow.Tests.Security.UploadAndAuthenticationControlTests.UploadEndpointLimitsRequestBeforeModelBinding" storage="/private/var/folders/ky/bqbnhcbj7771c_n3v78353vh0000gn/t/secureflow-presentation-cleanup.z6cfwp/secureflow-security-lab/tests/secureflow.tests/bin/release/net10.0/secureflow.tests.dll" id="ca19abad-9dcd-1c21-6221-9ead7ac05ef7">
      <Execution id="e41a8f04-14a7-4e32-bc78-318ce2a86009" />
      <TestMethod codeBase="/private/var/folders/ky/bqbnhcbj7771c_n3v78353vh0000gn/T/secureflow-presentation-cleanup.Z6cFWp/SecureFlow-Security-Lab/tests/SecureFlow.Tests/bin/Release/net10.0/SecureFlow.Tests.dll" adapterTypeName="executor://xunit/VsTestRunner3/netcore/" className="SecureFlow.Tests.Security.UploadAndAuthenticationControlTests" name="UploadEndpointLimitsRequestBeforeModelBinding" />
    </UnitTest>
    <UnitTest name="SecureFlow.Tests.Security.AuthorizationBoundaryTests.AdministratorCanUseAdministratorFunctions" storage="/private/var/folders/ky/bqbnhcbj7771c_n3v78353vh0000gn/t/secureflow-presentation-cleanup.z6cfwp/secureflow-security-lab/tests/secureflow.tests/bin/release/net10.0/secureflow.tests.dll" id="b0feb852-b9cc-7990-5e12-3bc112d2910f">
      <Execution id="08fded4b-2f51-401f-b5dc-808757fa00c7" />
      <TestMethod codeBase="/private/var/folders/ky/bqbnhcbj7771c_n3v78353vh0000gn/T/secureflow-presentation-cleanup.Z6cFWp/SecureFlow-Security-Lab/tests/SecureFlow.Tests/bin/Release/net10.0/SecureFlow.Tests.dll" adapterTypeName="executor://xunit/VsTestRunner3/netcore/" className="SecureFlow.Tests.Security.AuthorizationBoundaryTests" name="AdministratorCanUseAdministratorFunctions" />
    </UnitTest>
    <UnitTest name="SecureFlow.Tests.Security.FileSecurityScannerTests.AcceptsValidUtf8Text" storage="/private/var/folders/ky/bqbnhcbj7771c_n3v78353vh0000gn/t/secureflow-presentation-cleanup.z6cfwp/secureflow-security-lab/tests/secureflow.tests/bin/release/net10.0/secureflow.tests.dll" id="0d92c874-d39c-3b78-9cf5-5eed75ec2056">
      <Execution id="5b72bd0b-3895-4437-b9e7-70af63821dcc" />
      <TestMethod codeBase="/private/var/folders/ky/bqbnhcbj7771c_n3v78353vh0000gn/T/secureflow-presentation-cleanup.Z6cFWp/SecureFlow-Security-Lab/tests/SecureFlow.Tests/bin/Release/net10.0/SecureFlow.Tests.dll" adapterTypeName="executor://xunit/VsTestRunner3/netcore/" className="SecureFlow.Tests.Security.FileSecurityScannerTests" name="AcceptsValidUtf8Text" />
    </UnitTest>
    <UnitTest name="SecureFlow.Tests.FileUploadValidatorTests.RejectsEmptyFile" storage="/private/var/folders/ky/bqbnhcbj7771c_n3v78353vh0000gn/t/secureflow-presentation-cleanup.z6cfwp/secureflow-security-lab/tests/secureflow.tests/bin/release/net10.0/secureflow.tests.dll" id="26616ac5-c6e7-a752-66da-bace189355f2">
      <Execution id="7ff9ad88-1ab6-43f4-af39-c43150346f3f" />
      <TestMethod codeBase="/private/var/folders/ky/bqbnhcbj7771c_n3v78353vh0000gn/T/secureflow-presentation-cleanup.Z6cFWp/SecureFlow-Security-Lab/tests/SecureFlow.Tests/bin/Release/net10.0/SecureFlow.Tests.dll" adapterTypeName="executor://xunit/VsTestRunner3/netcore/" className="SecureFlow.Tests.FileUploadValidatorTests" name="RejectsEmptyFile" />
    </UnitTest>
    <UnitTest name="SecureFlow.Tests.Security.FileSecurityScannerTests.AcceptsPdfWithPdfSignature" storage="/private/var/folders/ky/bqbnhcbj7771c_n3v78353vh0000gn/t/secureflow-presentation-cleanup.z6cfwp/secureflow-security-lab/tests/secureflow.tests/bin/release/net10.0/secureflow.tests.dll" id="df9b6f1d-c67d-01c8-c195-e9c059fa6d61">
      <Execution id="70dd4a85-2697-49ab-ae5a-55638400b48c" />
      <TestMethod codeBase="/private/var/folders/ky/bqbnhcbj7771c_n3v78353vh0000gn/T/secureflow-presentation-cleanup.Z6cFWp/SecureFlow-Security-Lab/tests/SecureFlow.Tests/bin/Release/net10.0/SecureFlow.Tests.dll" adapterTypeName="executor://xunit/VsTestRunner3/netcore/" className="SecureFlow.Tests.Security.FileSecurityScannerTests" name="AcceptsPdfWithPdfSignature" />
    </UnitTest>
    <UnitTest name="SecureFlow.Tests.FileUploadValidatorTests.RejectsExecutableExtension" storage="/private/var/folders/ky/bqbnhcbj7771c_n3v78353vh0000gn/t/secureflow-presentation-cleanup.z6cfwp/secureflow-security-lab/tests/secureflow.tests/bin/release/net10.0/secureflow.tests.dll" id="8dbfedc5-8319-ce88-d6af-ff68295e8fcb">
      <Execution id="ebc2b2f9-40bf-4f77-a877-d49f85da9bb0" />
      <TestMethod codeBase="/private/var/folders/ky/bqbnhcbj7771c_n3v78353vh0000gn/T/secureflow-presentation-cleanup.Z6cFWp/SecureFlow-Security-Lab/tests/SecureFlow.Tests/bin/Release/net10.0/SecureFlow.Tests.dll" adapterTypeName="executor://xunit/VsTestRunner3/netcore/" className="SecureFlow.Tests.FileUploadValidatorTests" name="RejectsExecutableExtension" />
    </UnitTest>
    <UnitTest name="SecureFlow.Tests.FileUploadValidatorTests.RemovesPathTraversalFromOriginalName" storage="/private/var/folders/ky/bqbnhcbj7771c_n3v78353vh0000gn/t/secureflow-presentation-cleanup.z6cfwp/secureflow-security-lab/tests/secureflow.tests/bin/release/net10.0/secureflow.tests.dll" id="1c7a1c16-66f3-58fa-7369-52b3fb1d3ee0">
      <Execution id="ae020e71-2622-45a5-a5fc-f6b60de666fd" />
      <TestMethod codeBase="/private/var/folders/ky/bqbnhcbj7771c_n3v78353vh0000gn/T/secureflow-presentation-cleanup.Z6cFWp/SecureFlow-Security-Lab/tests/SecureFlow.Tests/bin/Release/net10.0/SecureFlow.Tests.dll" adapterTypeName="executor://xunit/VsTestRunner3/netcore/" className="SecureFlow.Tests.FileUploadValidatorTests" name="RemovesPathTraversalFromOriginalName" />
    </UnitTest>
    <UnitTest name="SecureFlow.Tests.TicketAccessServiceTests.NormalUserCannotUseAdminFunctions" storage="/private/var/folders/ky/bqbnhcbj7771c_n3v78353vh0000gn/t/secureflow-presentation-cleanup.z6cfwp/secureflow-security-lab/tests/secureflow.tests/bin/release/net10.0/secureflow.tests.dll" id="afa781c6-a3e7-1a11-19e0-0f6671446614">
      <Execution id="d18916a4-c323-43b3-a8b0-e8baef02acf8" />
      <TestMethod codeBase="/private/var/folders/ky/bqbnhcbj7771c_n3v78353vh0000gn/T/secureflow-presentation-cleanup.Z6cFWp/SecureFlow-Security-Lab/tests/SecureFlow.Tests/bin/Release/net10.0/SecureFlow.Tests.dll" adapterTypeName="executor://xunit/VsTestRunner3/netcore/" className="SecureFlow.Tests.TicketAccessServiceTests" name="NormalUserCannotUseAdminFunctions" />
    </UnitTest>
    <UnitTest name="SecureFlow.Tests.Security.UploadAndAuthenticationControlTests.LoginLimiterNormalisesIpv4MappedAddress" storage="/private/var/folders/ky/bqbnhcbj7771c_n3v78353vh0000gn/t/secureflow-presentation-cleanup.z6cfwp/secureflow-security-lab/tests/secureflow.tests/bin/release/net10.0/secureflow.tests.dll" id="f5f7bd53-add0-1781-6cb5-55110c0a90f7">
      <Execution id="4e26143a-02a1-48db-b96e-aef1bd206db1" />
      <TestMethod codeBase="/private/var/folders/ky/bqbnhcbj7771c_n3v78353vh0000gn/T/secureflow-presentation-cleanup.Z6cFWp/SecureFlow-Security-Lab/tests/SecureFlow.Tests/bin/Release/net10.0/SecureFlow.Tests.dll" adapterTypeName="executor://xunit/VsTestRunner3/netcore/" className="SecureFlow.Tests.Security.UploadAndAuthenticationControlTests" name="LoginLimiterNormalisesIpv4MappedAddress" />
    </UnitTest>
    <UnitTest name="SecureFlow.Tests.TicketAccessServiceTests.AdminCanReadAnotherUsersTicket" storage="/private/var/folders/ky/bqbnhcbj7771c_n3v78353vh0000gn/t/secureflow-presentation-cleanup.z6cfwp/secureflow-security-lab/tests/secureflow.tests/bin/release/net10.0/secureflow.tests.dll" id="bef68d10-0705-1255-6a16-8f0ce06f02a4">
      <Execution id="24e2bae7-f73e-4956-b206-b5632947724a" />
      <TestMethod codeBase="/private/var/folders/ky/bqbnhcbj7771c_n3v78353vh0000gn/T/secureflow-presentation-cleanup.Z6cFWp/SecureFlow-Security-Lab/tests/SecureFlow.Tests/bin/Release/net10.0/SecureFlow.Tests.dll" adapterTypeName="executor://xunit/VsTestRunner3/netcore/" className="SecureFlow.Tests.TicketAccessServiceTests" name="AdminCanReadAnotherUsersTicket" />
    </UnitTest>
    <UnitTest name="SecureFlow.Tests.Security.FileSecurityScannerTests.RejectsHarmlessSecurityTestMarker" storage="/private/var/folders/ky/bqbnhcbj7771c_n3v78353vh0000gn/t/secureflow-presentation-cleanup.z6cfwp/secureflow-security-lab/tests/secureflow.tests/bin/release/net10.0/secureflow.tests.dll" id="2eee42e3-7a2a-3503-6f30-3a6f02b58d64">
      <Execution id="ae0453c3-4644-438a-b5d8-960e1dae3342" />
      <TestMethod codeBase="/private/var/folders/ky/bqbnhcbj7771c_n3v78353vh0000gn/T/secureflow-presentation-cleanup.Z6cFWp/SecureFlow-Security-Lab/tests/SecureFlow.Tests/bin/Release/net10.0/SecureFlow.Tests.dll" adapterTypeName="executor://xunit/VsTestRunner3/netcore/" className="SecureFlow.Tests.Security.FileSecurityScannerTests" name="RejectsHarmlessSecurityTestMarker" />
    </UnitTest>
    <UnitTest name="SecureFlow.Tests.Security.FileSecurityScannerTests.AcceptsPngSignature" storage="/private/var/folders/ky/bqbnhcbj7771c_n3v78353vh0000gn/t/secureflow-presentation-cleanup.z6cfwp/secureflow-security-lab/tests/secureflow.tests/bin/release/net10.0/secureflow.tests.dll" id="4fa492d3-4b45-cb80-5d37-2e3569fd365a">
      <Execution id="6dbbdb44-7c91-4aaf-ae5c-7db97dc8493b" />
      <TestMethod codeBase="/private/var/folders/ky/bqbnhcbj7771c_n3v78353vh0000gn/T/secureflow-presentation-cleanup.Z6cFWp/SecureFlow-Security-Lab/tests/SecureFlow.Tests/bin/Release/net10.0/SecureFlow.Tests.dll" adapterTypeName="executor://xunit/VsTestRunner3/netcore/" className="SecureFlow.Tests.Security.FileSecurityScannerTests" name="AcceptsPngSignature" />
    </UnitTest>
    <UnitTest name="SecureFlow.Tests.Security.AuthorizationBoundaryTests.NormalUserCannotUseAdministratorFunctions" storage="/private/var/folders/ky/bqbnhcbj7771c_n3v78353vh0000gn/t/secureflow-presentation-cleanup.z6cfwp/secureflow-security-lab/tests/secureflow.tests/bin/release/net10.0/secureflow.tests.dll" id="2df55b6a-7f8e-4661-6944-b0470eb1dba0">
      <Execution id="44c1e11c-b54e-4b44-85bd-2092ca2a55a1" />
      <TestMethod codeBase="/private/var/folders/ky/bqbnhcbj7771c_n3v78353vh0000gn/T/secureflow-presentation-cleanup.Z6cFWp/SecureFlow-Security-Lab/tests/SecureFlow.Tests/bin/Release/net10.0/SecureFlow.Tests.dll" adapterTypeName="executor://xunit/VsTestRunner3/netcore/" className="SecureFlow.Tests.Security.AuthorizationBoundaryTests" name="NormalUserCannotUseAdministratorFunctions" />
    </UnitTest>
    <UnitTest name="SecureFlow.Tests.CreateTicketViewModelTests.ShortDescriptionFailsValidation" storage="/private/var/folders/ky/bqbnhcbj7771c_n3v78353vh0000gn/t/secureflow-presentation-cleanup.z6cfwp/secureflow-security-lab/tests/secureflow.tests/bin/release/net10.0/secureflow.tests.dll" id="4ebedf60-660c-8484-95e7-f7654b526541">
      <Execution id="f4d5c3c5-c853-4a95-bd35-d7e59a1c12d3" />
      <TestMethod codeBase="/private/var/folders/ky/bqbnhcbj7771c_n3v78353vh0000gn/T/secureflow-presentation-cleanup.Z6cFWp/SecureFlow-Security-Lab/tests/SecureFlow.Tests/bin/Release/net10.0/SecureFlow.Tests.dll" adapterTypeName="executor://xunit/VsTestRunner3/netcore/" className="SecureFlow.Tests.CreateTicketViewModelTests" name="ShortDescriptionFailsValidation" />
    </UnitTest>
    <UnitTest name="SecureFlow.Tests.Security.AuthorizationBoundaryTests.NonOwnerCannotReadAnotherUsersTicket" storage="/private/var/folders/ky/bqbnhcbj7771c_n3v78353vh0000gn/t/secureflow-presentation-cleanup.z6cfwp/secureflow-security-lab/tests/secureflow.tests/bin/release/net10.0/secureflow.tests.dll" id="6c0c88a0-56a2-2140-5b29-a98e262a53c1">
      <Execution id="2cc2e44a-a6cb-4c8a-ac1b-1ecd317db965" />
      <TestMethod codeBase="/private/var/folders/ky/bqbnhcbj7771c_n3v78353vh0000gn/T/secureflow-presentation-cleanup.Z6cFWp/SecureFlow-Security-Lab/tests/SecureFlow.Tests/bin/Release/net10.0/SecureFlow.Tests.dll" adapterTypeName="executor://xunit/VsTestRunner3/netcore/" className="SecureFlow.Tests.Security.AuthorizationBoundaryTests" name="NonOwnerCannotReadAnotherUsersTicket" />
    </UnitTest>
    <UnitTest name="SecureFlow.Tests.TicketAccessServiceTests.UserCannotModifyAnotherUsersTicket" storage="/private/var/folders/ky/bqbnhcbj7771c_n3v78353vh0000gn/t/secureflow-presentation-cleanup.z6cfwp/secureflow-security-lab/tests/secureflow.tests/bin/release/net10.0/secureflow.tests.dll" id="6ab458e2-6527-87e6-1ea0-35f1b2f5354b">
      <Execution id="0ecf48fd-5844-4d21-a543-6d2c17c2b3bf" />
      <TestMethod codeBase="/private/var/folders/ky/bqbnhcbj7771c_n3v78353vh0000gn/T/secureflow-presentation-cleanup.Z6cFWp/SecureFlow-Security-Lab/tests/SecureFlow.Tests/bin/Release/net10.0/SecureFlow.Tests.dll" adapterTypeName="executor://xunit/VsTestRunner3/netcore/" className="SecureFlow.Tests.TicketAccessServiceTests" name="UserCannotModifyAnotherUsersTicket" />
    </UnitTest>
    <UnitTest name="SecureFlow.Tests.Security.UploadAndAuthenticationControlTests.ContentSecurityPolicyDisallowsInlineStyles" storage="/private/var/folders/ky/bqbnhcbj7771c_n3v78353vh0000gn/t/secureflow-presentation-cleanup.z6cfwp/secureflow-security-lab/tests/secureflow.tests/bin/release/net10.0/secureflow.tests.dll" id="be1fc026-2d50-57eb-2401-9a4f1dc54635">
      <Execution id="01333527-c8fc-4d01-b686-3316d19be110" />
      <TestMethod codeBase="/private/var/folders/ky/bqbnhcbj7771c_n3v78353vh0000gn/T/secureflow-presentation-cleanup.Z6cFWp/SecureFlow-Security-Lab/tests/SecureFlow.Tests/bin/Release/net10.0/SecureFlow.Tests.dll" adapterTypeName="executor://xunit/VsTestRunner3/netcore/" className="SecureFlow.Tests.Security.UploadAndAuthenticationControlTests" name="ContentSecurityPolicyDisallowsInlineStyles" />
    </UnitTest>
    <UnitTest name="SecureFlow.Tests.Security.AuthorizationBoundaryTests.AdministratorCanReadAndModifyAnyTicket" storage="/private/var/folders/ky/bqbnhcbj7771c_n3v78353vh0000gn/t/secureflow-presentation-cleanup.z6cfwp/secureflow-security-lab/tests/secureflow.tests/bin/release/net10.0/secureflow.tests.dll" id="adfa2f9c-a294-0421-c87f-bf2acf82e005">
      <Execution id="eb59443a-aae0-490d-89da-8d08ccf91af0" />
      <TestMethod codeBase="/private/var/folders/ky/bqbnhcbj7771c_n3v78353vh0000gn/T/secureflow-presentation-cleanup.Z6cFWp/SecureFlow-Security-Lab/tests/SecureFlow.Tests/bin/Release/net10.0/SecureFlow.Tests.dll" adapterTypeName="executor://xunit/VsTestRunner3/netcore/" className="SecureFlow.Tests.Security.AuthorizationBoundaryTests" name="AdministratorCanReadAndModifyAnyTicket" />
    </UnitTest>
    <UnitTest name="SecureFlow.Tests.CreateTicketViewModelTests.ValidInputPassesValidation" storage="/private/var/folders/ky/bqbnhcbj7771c_n3v78353vh0000gn/t/secureflow-presentation-cleanup.z6cfwp/secureflow-security-lab/tests/secureflow.tests/bin/release/net10.0/secureflow.tests.dll" id="cbbd54a8-23c5-bdbf-e886-a4608bb79c6c">
      <Execution id="0965607d-3087-4795-bb93-48d86d80548e" />
      <TestMethod codeBase="/private/var/folders/ky/bqbnhcbj7771c_n3v78353vh0000gn/T/secureflow-presentation-cleanup.Z6cFWp/SecureFlow-Security-Lab/tests/SecureFlow.Tests/bin/Release/net10.0/SecureFlow.Tests.dll" adapterTypeName="executor://xunit/VsTestRunner3/netcore/" className="SecureFlow.Tests.CreateTicketViewModelTests" name="ValidInputPassesValidation" />
    </UnitTest>
    <UnitTest name="SecureFlow.Tests.FileUploadValidatorTests.RejectsMismatchedContentType" storage="/private/var/folders/ky/bqbnhcbj7771c_n3v78353vh0000gn/t/secureflow-presentation-cleanup.z6cfwp/secureflow-security-lab/tests/secureflow.tests/bin/release/net10.0/secureflow.tests.dll" id="1afc4212-9e34-5bf9-c93c-a664cbc7d83d">
      <Execution id="18c8541a-69e7-4109-89f0-9fd39eb88082" />
      <TestMethod codeBase="/private/var/folders/ky/bqbnhcbj7771c_n3v78353vh0000gn/T/secureflow-presentation-cleanup.Z6cFWp/SecureFlow-Security-Lab/tests/SecureFlow.Tests/bin/Release/net10.0/SecureFlow.Tests.dll" adapterTypeName="executor://xunit/VsTestRunner3/netcore/" className="SecureFlow.Tests.FileUploadValidatorTests" name="RejectsMismatchedContentType" />
    </UnitTest>
    <UnitTest name="SecureFlow.Tests.Security.FileSecurityScannerTests.RejectsPdfWithHtmlContent" storage="/private/var/folders/ky/bqbnhcbj7771c_n3v78353vh0000gn/t/secureflow-presentation-cleanup.z6cfwp/secureflow-security-lab/tests/secureflow.tests/bin/release/net10.0/secureflow.tests.dll" id="b44d7ce5-63e1-d654-eefa-ed4ca2def114">
      <Execution id="0e3f4cef-3172-4807-ae65-94b6cf57a415" />
      <TestMethod codeBase="/private/var/folders/ky/bqbnhcbj7771c_n3v78353vh0000gn/T/secureflow-presentation-cleanup.Z6cFWp/SecureFlow-Security-Lab/tests/SecureFlow.Tests/bin/Release/net10.0/SecureFlow.Tests.dll" adapterTypeName="executor://xunit/VsTestRunner3/netcore/" className="SecureFlow.Tests.Security.FileSecurityScannerTests" name="RejectsPdfWithHtmlContent" />
    </UnitTest>
    <UnitTest name="SecureFlow.Tests.TicketAccessServiceTests.AdminCanUseAdminFunctions" storage="/private/var/folders/ky/bqbnhcbj7771c_n3v78353vh0000gn/t/secureflow-presentation-cleanup.z6cfwp/secureflow-security-lab/tests/secureflow.tests/bin/release/net10.0/secureflow.tests.dll" id="a26dd8fc-691b-a791-136a-59481c1639e4">
      <Execution id="a3ae1f2c-6713-48e6-8c97-85992dde15c4" />
      <TestMethod codeBase="/private/var/folders/ky/bqbnhcbj7771c_n3v78353vh0000gn/T/secureflow-presentation-cleanup.Z6cFWp/SecureFlow-Security-Lab/tests/SecureFlow.Tests/bin/Release/net10.0/SecureFlow.Tests.dll" adapterTypeName="executor://xunit/VsTestRunner3/netcore/" className="SecureFlow.Tests.TicketAccessServiceTests" name="AdminCanUseAdminFunctions" />
    </UnitTest>
    <UnitTest name="SecureFlow.Tests.Security.AuthorizationBoundaryTests.NonOwnerCannotModifyAnotherUsersTicket" storage="/private/var/folders/ky/bqbnhcbj7771c_n3v78353vh0000gn/t/secureflow-presentation-cleanup.z6cfwp/secureflow-security-lab/tests/secureflow.tests/bin/release/net10.0/secureflow.tests.dll" id="5c653dd1-ffff-4153-2a7c-fca9eb8e2b7b">
      <Execution id="6840f5af-d179-4925-8ecc-c8f0c76734ca" />
      <TestMethod codeBase="/private/var/folders/ky/bqbnhcbj7771c_n3v78353vh0000gn/T/secureflow-presentation-cleanup.Z6cFWp/SecureFlow-Security-Lab/tests/SecureFlow.Tests/bin/Release/net10.0/SecureFlow.Tests.dll" adapterTypeName="executor://xunit/VsTestRunner3/netcore/" className="SecureFlow.Tests.Security.AuthorizationBoundaryTests" name="NonOwnerCannotModifyAnotherUsersTicket" />
    </UnitTest>
    <UnitTest name="SecureFlow.Tests.Security.AuthorizationBoundaryTests.TicketsControllerRequiresAuthentication" storage="/private/var/folders/ky/bqbnhcbj7771c_n3v78353vh0000gn/t/secureflow-presentation-cleanup.z6cfwp/secureflow-security-lab/tests/secureflow.tests/bin/release/net10.0/secureflow.tests.dll" id="2d0c1e9c-6e7b-7e99-51a2-803823ddc622">
      <Execution id="8da8f8a2-3a33-41ed-9f9c-fbc9882a2d29" />
      <TestMethod codeBase="/private/var/folders/ky/bqbnhcbj7771c_n3v78353vh0000gn/T/secureflow-presentation-cleanup.Z6cFWp/SecureFlow-Security-Lab/tests/SecureFlow.Tests/bin/Release/net10.0/SecureFlow.Tests.dll" adapterTypeName="executor://xunit/VsTestRunner3/netcore/" className="SecureFlow.Tests.Security.AuthorizationBoundaryTests" name="TicketsControllerRequiresAuthentication" />
    </UnitTest>
    <UnitTest name="SecureFlow.Tests.Security.FileSecurityScannerTests.AcceptsJpegSignature" storage="/private/var/folders/ky/bqbnhcbj7771c_n3v78353vh0000gn/t/secureflow-presentation-cleanup.z6cfwp/secureflow-security-lab/tests/secureflow.tests/bin/release/net10.0/secureflow.tests.dll" id="3fe5a69d-6127-1f18-1b47-f173831ddb8b">
      <Execution id="48c9d89f-2788-42ea-bebe-42a8f4cf8223" />
      <TestMethod codeBase="/private/var/folders/ky/bqbnhcbj7771c_n3v78353vh0000gn/T/secureflow-presentation-cleanup.Z6cFWp/SecureFlow-Security-Lab/tests/SecureFlow.Tests/bin/Release/net10.0/SecureFlow.Tests.dll" adapterTypeName="executor://xunit/VsTestRunner3/netcore/" className="SecureFlow.Tests.Security.FileSecurityScannerTests" name="AcceptsJpegSignature" />
    </UnitTest>
  </TestDefinitions>
  <TestEntries>
    <TestEntry testId="2d0c1e9c-6e7b-7e99-51a2-803823ddc622" executionId="8da8f8a2-3a33-41ed-9f9c-fbc9882a2d29" testListId="8c84fa94-04c1-424b-9868-57a2d4851a1d" />
    <TestEntry testId="0d92c874-d39c-3b78-9cf5-5eed75ec2056" executionId="5b72bd0b-3895-4437-b9e7-70af63821dcc" testListId="8c84fa94-04c1-424b-9868-57a2d4851a1d" />
    <TestEntry testId="f1116a2b-3506-e158-3498-dbfaf7276798" executionId="9537dab8-f2d0-42bd-bff7-4446ecfe9d9f" testListId="8c84fa94-04c1-424b-9868-57a2d4851a1d" />
    <TestEntry testId="afa781c6-a3e7-1a11-19e0-0f6671446614" executionId="d18916a4-c323-43b3-a8b0-e8baef02acf8" testListId="8c84fa94-04c1-424b-9868-57a2d4851a1d" />
    <TestEntry testId="26616ac5-c6e7-a752-66da-bace189355f2" executionId="7ff9ad88-1ab6-43f4-af39-c43150346f3f" testListId="8c84fa94-04c1-424b-9868-57a2d4851a1d" />
    <TestEntry testId="cbbd54a8-23c5-bdbf-e886-a4608bb79c6c" executionId="0965607d-3087-4795-bb93-48d86d80548e" testListId="8c84fa94-04c1-424b-9868-57a2d4851a1d" />
    <TestEntry testId="bb7382a3-6637-b15c-0d67-0f751ff2787f" executionId="aa61920a-56a8-4f5b-93ca-d03c210f34af" testListId="8c84fa94-04c1-424b-9868-57a2d4851a1d" />
    <TestEntry testId="ca19abad-9dcd-1c21-6221-9ead7ac05ef7" executionId="e41a8f04-14a7-4e32-bc78-318ce2a86009" testListId="8c84fa94-04c1-424b-9868-57a2d4851a1d" />
    <TestEntry testId="b0feb852-b9cc-7990-5e12-3bc112d2910f" executionId="08fded4b-2f51-401f-b5dc-808757fa00c7" testListId="8c84fa94-04c1-424b-9868-57a2d4851a1d" />
    <TestEntry testId="2df55b6a-7f8e-4661-6944-b0470eb1dba0" executionId="44c1e11c-b54e-4b44-85bd-2092ca2a55a1" testListId="8c84fa94-04c1-424b-9868-57a2d4851a1d" />
    <TestEntry testId="b44d7ce5-63e1-d654-eefa-ed4ca2def114" executionId="0e3f4cef-3172-4807-ae65-94b6cf57a415" testListId="8c84fa94-04c1-424b-9868-57a2d4851a1d" />
    <TestEntry testId="be1fc026-2d50-57eb-2401-9a4f1dc54635" executionId="01333527-c8fc-4d01-b686-3316d19be110" testListId="8c84fa94-04c1-424b-9868-57a2d4851a1d" />
    <TestEntry testId="5c653dd1-ffff-4153-2a7c-fca9eb8e2b7b" executionId="6840f5af-d179-4925-8ecc-c8f0c76734ca" testListId="8c84fa94-04c1-424b-9868-57a2d4851a1d" />
    <TestEntry testId="f5f7bd53-add0-1781-6cb5-55110c0a90f7" executionId="4e26143a-02a1-48db-b96e-aef1bd206db1" testListId="8c84fa94-04c1-424b-9868-57a2d4851a1d" />
    <TestEntry testId="1afc4212-9e34-5bf9-c93c-a664cbc7d83d" executionId="18c8541a-69e7-4109-89f0-9fd39eb88082" testListId="8c84fa94-04c1-424b-9868-57a2d4851a1d" />
    <TestEntry testId="6d1a9017-0d3d-ade1-16fe-6a7205479c05" executionId="350154ed-c6fb-461c-a7ed-b1d209d60c37" testListId="8c84fa94-04c1-424b-9868-57a2d4851a1d" />
    <TestEntry testId="b5cc5777-c913-daac-88dc-81a1a60f441f" executionId="86a5987a-932d-4fff-bade-6280a97b6cd4" testListId="8c84fa94-04c1-424b-9868-57a2d4851a1d" />
    <TestEntry testId="f13165c1-67d7-6835-343f-3aa303c0c9c2" executionId="87806943-0976-4ee5-afca-4ea35ed5b3d0" testListId="8c84fa94-04c1-424b-9868-57a2d4851a1d" />
    <TestEntry testId="f42adb4a-59b6-6ae8-661d-3f316da65d36" executionId="4f491ef2-57ea-4b94-9403-7faad33773bf" testListId="8c84fa94-04c1-424b-9868-57a2d4851a1d" />
    <TestEntry testId="a26dd8fc-691b-a791-136a-59481c1639e4" executionId="a3ae1f2c-6713-48e6-8c97-85992dde15c4" testListId="8c84fa94-04c1-424b-9868-57a2d4851a1d" />
    <TestEntry testId="e7e26588-9078-6ffd-0318-8d302168c6fa" executionId="6183f07e-c4ef-40a4-aa4d-372e8d04e413" testListId="8c84fa94-04c1-424b-9868-57a2d4851a1d" />
    <TestEntry testId="8dbfedc5-8319-ce88-d6af-ff68295e8fcb" executionId="ebc2b2f9-40bf-4f77-a877-d49f85da9bb0" testListId="8c84fa94-04c1-424b-9868-57a2d4851a1d" />
    <TestEntry testId="adfa2f9c-a294-0421-c87f-bf2acf82e005" executionId="eb59443a-aae0-490d-89da-8d08ccf91af0" testListId="8c84fa94-04c1-424b-9868-57a2d4851a1d" />
    <TestEntry testId="1c7a1c16-66f3-58fa-7369-52b3fb1d3ee0" executionId="ae020e71-2622-45a5-a5fc-f6b60de666fd" testListId="8c84fa94-04c1-424b-9868-57a2d4851a1d" />
    <TestEntry testId="a61064cc-70a2-b961-162a-af3e222f1ebf" executionId="8cc7ad61-0a26-44fe-b9cd-01cceec808fe" testListId="8c84fa94-04c1-424b-9868-57a2d4851a1d" />
    <TestEntry testId="bef68d10-0705-1255-6a16-8f0ce06f02a4" executionId="24e2bae7-f73e-4956-b206-b5632947724a" testListId="8c84fa94-04c1-424b-9868-57a2d4851a1d" />
    <TestEntry testId="4fa492d3-4b45-cb80-5d37-2e3569fd365a" executionId="6dbbdb44-7c91-4aaf-ae5c-7db97dc8493b" testListId="8c84fa94-04c1-424b-9868-57a2d4851a1d" />
    <TestEntry testId="4ebedf60-660c-8484-95e7-f7654b526541" executionId="f4d5c3c5-c853-4a95-bd35-d7e59a1c12d3" testListId="8c84fa94-04c1-424b-9868-57a2d4851a1d" />
    <TestEntry testId="6c0c88a0-56a2-2140-5b29-a98e262a53c1" executionId="2cc2e44a-a6cb-4c8a-ac1b-1ecd317db965" testListId="8c84fa94-04c1-424b-9868-57a2d4851a1d" />
    <TestEntry testId="aa0ddf90-33dc-1800-98bc-7eaa3d4bd56c" executionId="832621ac-6dbb-41bd-a0c4-9bcd34e05419" testListId="8c84fa94-04c1-424b-9868-57a2d4851a1d" />
    <TestEntry testId="6ab458e2-6527-87e6-1ea0-35f1b2f5354b" executionId="0ecf48fd-5844-4d21-a543-6d2c17c2b3bf" testListId="8c84fa94-04c1-424b-9868-57a2d4851a1d" />
    <TestEntry testId="df9b6f1d-c67d-01c8-c195-e9c059fa6d61" executionId="70dd4a85-2697-49ab-ae5a-55638400b48c" testListId="8c84fa94-04c1-424b-9868-57a2d4851a1d" />
    <TestEntry testId="3fe5a69d-6127-1f18-1b47-f173831ddb8b" executionId="48c9d89f-2788-42ea-bebe-42a8f4cf8223" testListId="8c84fa94-04c1-424b-9868-57a2d4851a1d" />
    <TestEntry testId="2eee42e3-7a2a-3503-6f30-3a6f02b58d64" executionId="ae0453c3-4644-438a-b5d8-960e1dae3342" testListId="8c84fa94-04c1-424b-9868-57a2d4851a1d" />
  </TestEntries>
  <TestLists>
    <TestList name="Results Not in a List" id="8c84fa94-04c1-424b-9868-57a2d4851a1d" />
    <TestList name="All Loaded Results" id="19431567-8539-422a-85d7-44ee4e166bda" />
  </TestLists>
  <ResultSummary outcome="Completed">
    <Counters total="34" executed="34" passed="34" failed="0" error="0" timeout="0" aborted="0" inconclusive="0" passedButRunAborted="0" notRunnable="0" notExecuted="0" disconnected="0" warning="0" completed="0" inProgress="0" pending="0" />
    <Output>
      <StdOut>[xUnit.net 00:00:00.00] xUnit.net VSTest Adapter v3.1.4+50e68bbb8b (64-bit .NET 10.0.10)
[xUnit.net 00:00:00.05]   Discovering: SecureFlow.Tests
[xUnit.net 00:00:00.07]   Discovered:  SecureFlow.Tests
[xUnit.net 00:00:00.08]   Starting:    SecureFlow.Tests
[xUnit.net 00:00:00.13]   Finished:    SecureFlow.Tests
</StdOut>
    </Output>
  </ResultSummary>
</TestRun>