<?xml version="1.0" encoding="utf-8"?>
<TestRun id="4cfd7c32-8f67-430b-8f8c-67f28c31f4ce" name="@macbookpro 2026-08-01 23:58:49" xmlns="http://microsoft.com/schemas/VisualStudio/TeamTest/2010">
  <Times creation="2026-08-01T23:58:49.8110090+10:00" queuing="2026-08-01T23:58:49.8110090+10:00" start="2026-08-01T23:58:49.3647370+10:00" finish="2026-08-01T23:58:49.8297580+10:00" />
  <TestSettings name="default" id="bae8cec2-d131-4d89-8eac-a79e50387082">
    <Deployment runDeploymentRoot="_macbookpro_2026-08-01_23_58_49" />
  </TestSettings>
  <Results>
    <UnitTestResult executionId="1c680590-a1b0-4717-8955-3ff281bc51eb" testId="6ab458e2-6527-87e6-1ea0-35f1b2f5354b" testName="SecureFlow.Tests.TicketAccessServiceTests.UserCannotModifyAnotherUsersTicket" computerName="macbookpro" duration="00:00:00.0000649" startTime="2026-08-01T23:58:49.7860280+10:00" endTime="2026-08-01T23:58:49.7863550+10:00" testType="13cdc9d9-ddb5-4fa4-a97d-d965ccfc6d4b" outcome="Passed" testListId="8c84fa94-04c1-424b-9868-57a2d4851a1d" relativeResultsDirectory="1c680590-a1b0-4717-8955-3ff281bc51eb" />
    <UnitTestResult executionId="a94088ed-a01e-4f35-a593-5555180aec64" testId="8dbfedc5-8319-ce88-d6af-ff68295e8fcb" testName="SecureFlow.Tests.FileUploadValidatorTests.RejectsExecutableExtension" computerName="macbookpro" duration="00:00:00.0000368" startTime="2026-08-01T23:58:49.7711330+10:00" endTime="2026-08-01T23:58:49.7712190+10:00" testType="13cdc9d9-ddb5-4fa4-a97d-d965ccfc6d4b" outcome="Passed" testListId="8c84fa94-04c1-424b-9868-57a2d4851a1d" relativeResultsDirectory="a94088ed-a01e-4f35-a593-5555180aec64" />
    <UnitTestResult executionId="1b429ede-66d4-4fb6-b88e-f5e9dc0359c0" testId="1c7a1c16-66f3-58fa-7369-52b3fb1d3ee0" testName="SecureFlow.Tests.FileUploadValidatorTests.RemovesPathTraversalFromOriginalName" computerName="macbookpro" duration="00:00:00.0050606" startTime="2026-08-01T23:58:49.7553820+10:00" endTime="2026-08-01T23:58:49.7667930+10:00" testType="13cdc9d9-ddb5-4fa4-a97d-d965ccfc6d4b" outcome="Passed" testListId="8c84fa94-04c1-424b-9868-57a2d4851a1d" relativeResultsDirectory="1b429ede-66d4-4fb6-b88e-f5e9dc0359c0" />
    <UnitTestResult executionId="d473d45f-3f35-415c-92bd-44dbcede072c" testId="6d1a9017-0d3d-ade1-16fe-6a7205479c05" testName="SecureFlow.Tests.TicketAccessServiceTests.UserCannotReadAnotherUsersTicket" computerName="macbookpro" duration="00:00:00.0050273" startTime="2026-08-01T23:58:49.7553320+10:00" endTime="2026-08-01T23:58:49.7642030+10:00" testType="13cdc9d9-ddb5-4fa4-a97d-d965ccfc6d4b" outcome="Passed" testListId="8c84fa94-04c1-424b-9868-57a2d4851a1d" relativeResultsDirectory="d473d45f-3f35-415c-92bd-44dbcede072c" />
    <UnitTestResult executionId="0b3fd8b4-21d0-441e-8b37-f417279f1e4a" testId="1afc4212-9e34-5bf9-c93c-a664cbc7d83d" testName="SecureFlow.Tests.FileUploadValidatorTests.RejectsMismatchedContentType" computerName="macbookpro" duration="00:00:00.0000625" startTime="2026-08-01T23:58:49.7865450+10:00" endTime="2026-08-01T23:58:49.7867190+10:00" testType="13cdc9d9-ddb5-4fa4-a97d-d965ccfc6d4b" outcome="Passed" testListId="8c84fa94-04c1-424b-9868-57a2d4851a1d" relativeResultsDirectory="0b3fd8b4-21d0-441e-8b37-f417279f1e4a" />
    <UnitTestResult executionId="4f55cd9e-8b65-444d-9e56-ff02612a235d" testId="b44d7ce5-63e1-d654-eefa-ed4ca2def114" testName="SecureFlow.Tests.Security.FileSecurityScannerTests.RejectsPdfWithHtmlContent" computerName="macbookpro" duration="00:00:00.0005023" startTime="2026-08-01T23:58:49.7909870+10:00" endTime="2026-08-01T23:58:49.7913940+10:00" testType="13cdc9d9-ddb5-4fa4-a97d-d965ccfc6d4b" outcome="Passed" testListId="8c84fa94-04c1-424b-9868-57a2d4851a1d" relativeResultsDirectory="4f55cd9e-8b65-444d-9e56-ff02612a235d" />
    <UnitTestResult executionId="1e24d6a0-8977-4355-aacd-b1c68766ac76" testId="adfa2f9c-a294-0421-c87f-bf2acf82e005" testName="SecureFlow.Tests.Security.AuthorizationBoundaryTests.AdministratorCanReadAndModifyAnyTicket" computerName="macbookpro" duration="00:00:00.0000288" startTime="2026-08-01T23:58:49.7931520+10:00" endTime="2026-08-01T23:58:49.7931750+10:00" testType="13cdc9d9-ddb5-4fa4-a97d-d965ccfc6d4b" outcome="Passed" testListId="8c84fa94-04c1-424b-9868-57a2d4851a1d" relativeResultsDirectory="1e24d6a0-8977-4355-aacd-b1c68766ac76" />
    <UnitTestResult executionId="31271638-1588-4a75-b1e2-dbb7348f3256" testId="6c0c88a0-56a2-2140-5b29-a98e262a53c1" testName="SecureFlow.Tests.Security.AuthorizationBoundaryTests.NonOwnerCannotReadAnotherUsersTicket" computerName="macbookpro" duration="00:00:00.0000867" startTime="2026-08-01T23:58:49.7927740+10:00" endTime="2026-08-01T23:58:49.7927970+10:00" testType="13cdc9d9-ddb5-4fa4-a97d-d965ccfc6d4b" outcome="Passed" testListId="8c84fa94-04c1-424b-9868-57a2d4851a1d" relativeResultsDirectory="31271638-1588-4a75-b1e2-dbb7348f3256" />
    <UnitTestResult executionId="950bd2e5-df52-46fd-aff4-88650b1bba5e" testId="ca19abad-9dcd-1c21-6221-9ead7ac05ef7" testName="SecureFlow.Tests.Security.UploadAndAuthenticationControlTests.UploadEndpointLimitsRequestBeforeModelBinding" computerName="macbookpro" duration="00:00:00.0031285" startTime="2026-08-01T23:58:49.7932760+10:00" endTime="2026-08-01T23:58:49.7932990+10:00" testType="13cdc9d9-ddb5-4fa4-a97d-d965ccfc6d4b" outcome="Passed" testListId="8c84fa94-04c1-424b-9868-57a2d4851a1d" relativeResultsDirectory="950bd2e5-df52-46fd-aff4-88650b1bba5e" />
    <UnitTestResult executionId="5aef34ff-5209-4db8-add7-414246604e7b" testId="f42adb4a-59b6-6ae8-661d-3f316da65d36" testName="SecureFlow.Tests.FileUploadValidatorTests.AllowsPdfWithinSizeLimit" computerName="macbookpro" duration="00:00:00.0000419" startTime="2026-08-01T23:58:49.7862530+10:00" endTime="2026-08-01T23:58:49.7862820+10:00" testType="13cdc9d9-ddb5-4fa4-a97d-d965ccfc6d4b" outcome="Passed" testListId="8c84fa94-04c1-424b-9868-57a2d4851a1d" relativeResultsDirectory="5aef34ff-5209-4db8-add7-414246604e7b" />
    <UnitTestResult executionId="b4f44777-eae9-4d23-abbf-6b9acf7376e2" testId="2eee42e3-7a2a-3503-6f30-3a6f02b58d64" testName="SecureFlow.Tests.Security.FileSecurityScannerTests.RejectsHarmlessSecurityTestMarker" computerName="macbookpro" duration="00:00:00.0002327" startTime="2026-08-01T23:58:49.7918370+10:00" endTime="2026-08-01T23:58:49.7918620+10:00" testType="13cdc9d9-ddb5-4fa4-a97d-d965ccfc6d4b" outcome="Passed" testListId="8c84fa94-04c1-424b-9868-57a2d4851a1d" relativeResultsDirectory="b4f44777-eae9-4d23-abbf-6b9acf7376e2" />
    <UnitTestResult executionId="751f29ca-837d-4205-b2c4-a14fd4bbea57" testId="0d92c874-d39c-3b78-9cf5-5eed75ec2056" testName="SecureFlow.Tests.Security.FileSecurityScannerTests.AcceptsValidUtf8Text" computerName="macbookpro" duration="00:00:00.0004775" startTime="2026-08-01T23:58:49.7914610+10:00" endTime="2026-08-01T23:58:49.7917740+10:00" testType="13cdc9d9-ddb5-4fa4-a97d-d965ccfc6d4b" outcome="Passed" testListId="8c84fa94-04c1-424b-9868-57a2d4851a1d" relativeResultsDirectory="751f29ca-837d-4205-b2c4-a14fd4bbea57" />
    <UnitTestResult executionId="a1538d6b-3d9c-4b04-a9be-6e43d421ce70" testId="3fe5a69d-6127-1f18-1b47-f173831ddb8b" testName="SecureFlow.Tests.Security.FileSecurityScannerTests.AcceptsJpegSignature" computerName="macbookpro" duration="00:00:00.0002502" startTime="2026-08-01T23:58:49.7908240+10:00" endTime="2026-08-01T23:58:49.7908840+10:00" testType="13cdc9d9-ddb5-4fa4-a97d-d965ccfc6d4b" outcome="Passed" testListId="8c84fa94-04c1-424b-9868-57a2d4851a1d" relativeResultsDirectory="a1538d6b-3d9c-4b04-a9be-6e43d421ce70" />
    <UnitTestResult executionId="83507235-e573-4a59-a4de-73da06fd070b" testId="aa0ddf90-33dc-1800-98bc-7eaa3d4bd56c" testName="SecureFlow.Tests.CreateTicketViewModelTests.ShortTitleFailsValidation" computerName="macbookpro" duration="00:00:00.0033838" startTime="2026-08-01T23:58:49.7921210+10:00" endTime="2026-08-01T23:58:49.7921440+10:00" testType="13cdc9d9-ddb5-4fa4-a97d-d965ccfc6d4b" outcome="Passed" testListId="8c84fa94-04c1-424b-9868-57a2d4851a1d" relativeResultsDirectory="83507235-e573-4a59-a4de-73da06fd070b" />
    <UnitTestResult executionId="85490889-3d41-4fa3-955c-d4bd5a498a55" testId="f1116a2b-3506-e158-3498-dbfaf7276798" testName="SecureFlow.Tests.Security.AuthorizationBoundaryTests.OwnerCanReadAndModifyOwnTicket" computerName="macbookpro" duration="00:00:00.0000317" startTime="2026-08-01T23:58:49.7930770+10:00" endTime="2026-08-01T23:58:49.7930990+10:00" testType="13cdc9d9-ddb5-4fa4-a97d-d965ccfc6d4b" outcome="Passed" testListId="8c84fa94-04c1-424b-9868-57a2d4851a1d" relativeResultsDirectory="85490889-3d41-4fa3-955c-d4bd5a498a55" />
    <UnitTestResult executionId="d8e6c81c-399f-46a5-9c8e-adac983d5947" testId="a61064cc-70a2-b961-162a-af3e222f1ebf" testName="SecureFlow.Tests.Security.AuthorizationBoundaryTests.AdminControllerRequiresTheAdministratorRole" computerName="macbookpro" duration="00:00:00.0172548" startTime="2026-08-01T23:58:49.7553710+10:00" endTime="2026-08-01T23:58:49.7922660+10:00" testType="13cdc9d9-ddb5-4fa4-a97d-d965ccfc6d4b" outcome="Passed" testListId="8c84fa94-04c1-424b-9868-57a2d4851a1d" relativeResultsDirectory="d8e6c81c-399f-46a5-9c8e-adac983d5947" />
    <UnitTestResult executionId="22236681-7940-45ee-b3b3-61fffd5ae3d9" testId="afa781c6-a3e7-1a11-19e0-0f6671446614" testName="SecureFlow.Tests.TicketAccessServiceTests.NormalUserCannotUseAdminFunctions" computerName="macbookpro" duration="00:00:00.0000300" startTime="2026-08-01T23:58:49.7866410+10:00" endTime="2026-08-01T23:58:49.7866680+10:00" testType="13cdc9d9-ddb5-4fa4-a97d-d965ccfc6d4b" outcome="Passed" testListId="8c84fa94-04c1-424b-9868-57a2d4851a1d" relativeResultsDirectory="22236681-7940-45ee-b3b3-61fffd5ae3d9" />
    <UnitTestResult executionId="5c3b86e6-778b-4c34-9f81-5e3d0c788aa9" testId="f5f7bd53-add0-1781-6cb5-55110c0a90f7" testName="SecureFlow.Tests.Security.UploadAndAuthenticationControlTests.LoginLimiterNormalisesIpv4MappedAddress" computerName="macbookpro" duration="00:00:00.0021638" startTime="2026-08-01T23:58:49.7937330+10:00" endTime="2026-08-01T23:58:49.7937550+10:00" testType="13cdc9d9-ddb5-4fa4-a97d-d965ccfc6d4b" outcome="Passed" testListId="8c84fa94-04c1-424b-9868-57a2d4851a1d" relativeResultsDirectory="5c3b86e6-778b-4c34-9f81-5e3d0c788aa9" />
    <UnitTestResult executionId="7cce21c4-dfe0-4bf6-b584-d41786e5d500" testId="2d0c1e9c-6e7b-7e99-51a2-803823ddc622" testName="SecureFlow.Tests.Security.AuthorizationBoundaryTests.TicketsControllerRequiresAuthentication" computerName="macbookpro" duration="00:00:00.0001097" startTime="2026-08-01T23:58:49.7930020+10:00" endTime="2026-08-01T23:58:49.7930250+10:00" testType="13cdc9d9-ddb5-4fa4-a97d-d965ccfc6d4b" outcome="Passed" testListId="8c84fa94-04c1-424b-9868-57a2d4851a1d" relativeResultsDirectory="7cce21c4-dfe0-4bf6-b584-d41786e5d500" />
    <UnitTestResult executionId="2722271b-9125-4d58-ac28-07b8495fe039" testId="bb7382a3-6637-b15c-0d67-0f751ff2787f" testName="SecureFlow.Tests.FileUploadValidatorTests.RejectsOversizedFile" computerName="macbookpro" duration="00:00:00.0000252" startTime="2026-08-01T23:58:49.7713150+10:00" endTime="2026-08-01T23:58:49.7860740+10:00" testType="13cdc9d9-ddb5-4fa4-a97d-d965ccfc6d4b" outcome="Passed" testListId="8c84fa94-04c1-424b-9868-57a2d4851a1d" relativeResultsDirectory="2722271b-9125-4d58-ac28-07b8495fe039" />
    <UnitTestResult executionId="87f71fb3-ff29-4538-bd15-f79b68839daf" testId="2df55b6a-7f8e-4661-6944-b0470eb1dba0" testName="SecureFlow.Tests.Security.AuthorizationBoundaryTests.NormalUserCannotUseAdministratorFunctions" computerName="macbookpro" duration="00:00:00.0000306" startTime="2026-08-01T23:58:49.7926940+10:00" endTime="2026-08-01T23:58:49.7927180+10:00" testType="13cdc9d9-ddb5-4fa4-a97d-d965ccfc6d4b" outcome="Passed" testListId="8c84fa94-04c1-424b-9868-57a2d4851a1d" relativeResultsDirectory="87f71fb3-ff29-4538-bd15-f79b68839daf" />
    <UnitTestResult executionId="8af48839-4140-4826-8546-6f6ee8743448" testId="5c653dd1-ffff-4153-2a7c-fca9eb8e2b7b" testName="SecureFlow.Tests.Security.AuthorizationBoundaryTests.NonOwnerCannotModifyAnotherUsersTicket" computerName="macbookpro" duration="00:00:00.0000250" startTime="2026-08-01T23:58:49.7928510+10:00" endTime="2026-08-01T23:58:49.7928740+10:00" testType="13cdc9d9-ddb5-4fa4-a97d-d965ccfc6d4b" outcome="Passed" testListId="8c84fa94-04c1-424b-9868-57a2d4851a1d" relativeResultsDirectory="8af48839-4140-4826-8546-6f6ee8743448" />
    <UnitTestResult executionId="517d3e23-69fe-4996-b57d-561c7d79f4ba" testId="b5cc5777-c913-daac-88dc-81a1a60f441f" testName="SecureFlow.Tests.Security.UploadAndAuthenticationControlTests.LoginLimiterPartitionsBySourceAddress" computerName="macbookpro" duration="00:00:00.0205447" startTime="2026-08-01T23:58:49.7553970+10:00" endTime="2026-08-01T23:58:49.7932210+10:00" testType="13cdc9d9-ddb5-4fa4-a97d-d965ccfc6d4b" outcome="Passed" testListId="8c84fa94-04c1-424b-9868-57a2d4851a1d" relativeResultsDirectory="517d3e23-69fe-4996-b57d-561c7d79f4ba" />
    <UnitTestResult executionId="51bed626-49f7-4397-8991-c76d2d9ff121" testId="bef68d10-0705-1255-6a16-8f0ce06f02a4" testName="SecureFlow.Tests.TicketAccessServiceTests.AdminCanReadAnotherUsersTicket" computerName="macbookpro" duration="00:00:00.0000434" startTime="2026-08-01T23:58:49.7711870+10:00" endTime="2026-08-01T23:58:49.7713420+10:00" testType="13cdc9d9-ddb5-4fa4-a97d-d965ccfc6d4b" outcome="Passed" testListId="8c84fa94-04c1-424b-9868-57a2d4851a1d" relativeResultsDirectory="51bed626-49f7-4397-8991-c76d2d9ff121" />
    <UnitTestResult executionId="907248fe-a6e3-4352-b67e-fa082a498aee" testId="a26dd8fc-691b-a791-136a-59481c1639e4" testName="SecureFlow.Tests.TicketAccessServiceTests.AdminCanUseAdminFunctions" computerName="macbookpro" duration="00:00:00.0000813" startTime="2026-08-01T23:58:49.7867560+10:00" endTime="2026-08-01T23:58:49.7867990+10:00" testType="13cdc9d9-ddb5-4fa4-a97d-d965ccfc6d4b" outcome="Passed" testListId="8c84fa94-04c1-424b-9868-57a2d4851a1d" relativeResultsDirectory="907248fe-a6e3-4352-b67e-fa082a498aee" />
    <UnitTestResult executionId="760dfa22-90ce-4cde-9cfe-eaa2edfe1d38" testId="4fa492d3-4b45-cb80-5d37-2e3569fd365a" testName="SecureFlow.Tests.Security.FileSecurityScannerTests.AcceptsPngSignature" computerName="macbookpro" duration="00:00:00.0002662" startTime="2026-08-01T23:58:49.7919180+10:00" endTime="2026-08-01T23:58:49.7919410+10:00" testType="13cdc9d9-ddb5-4fa4-a97d-d965ccfc6d4b" outcome="Passed" testListId="8c84fa94-04c1-424b-9868-57a2d4851a1d" relativeResultsDirectory="760dfa22-90ce-4cde-9cfe-eaa2edfe1d38" />
    <UnitTestResult executionId="346cfbed-1d7f-4046-96cd-592f4c5ece15" testId="4ebedf60-660c-8484-95e7-f7654b526541" testName="SecureFlow.Tests.CreateTicketViewModelTests.ShortDescriptionFailsValidation" computerName="macbookpro" duration="00:00:00.0001224" startTime="2026-08-01T23:58:49.7921970+10:00" endTime="2026-08-01T23:58:49.7922200+10:00" testType="13cdc9d9-ddb5-4fa4-a97d-d965ccfc6d4b" outcome="Passed" testListId="8c84fa94-04c1-424b-9868-57a2d4851a1d" relativeResultsDirectory="346cfbed-1d7f-4046-96cd-592f4c5ece15" />
    <UnitTestResult executionId="eef27ba2-a3ba-451d-8f83-45ca54d99ed3" testId="f13165c1-67d7-6835-343f-3aa303c0c9c2" testName="SecureFlow.Tests.TicketAccessServiceTests.OwnerCanReadOwnTicket" computerName="macbookpro" duration="00:00:00.0000508" startTime="2026-08-01T23:58:49.7864530+10:00" endTime="2026-08-01T23:58:49.7865770+10:00" testType="13cdc9d9-ddb5-4fa4-a97d-d965ccfc6d4b" outcome="Passed" testListId="8c84fa94-04c1-424b-9868-57a2d4851a1d" relativeResultsDirectory="eef27ba2-a3ba-451d-8f83-45ca54d99ed3" />
    <UnitTestResult executionId="70107981-08af-4b28-950f-ada3168b7b0c" testId="be1fc026-2d50-57eb-2401-9a4f1dc54635" testName="SecureFlow.Tests.Security.UploadAndAuthenticationControlTests.ContentSecurityPolicyDisallowsInlineStyles" computerName="macbookpro" duration="00:00:00.0000676" startTime="2026-08-01T23:58:49.7936550+10:00" endTime="2026-08-01T23:58:49.7936790+10:00" testType="13cdc9d9-ddb5-4fa4-a97d-d965ccfc6d4b" outcome="Passed" testListId="8c84fa94-04c1-424b-9868-57a2d4851a1d" relativeResultsDirectory="70107981-08af-4b28-950f-ada3168b7b0c" />
    <UnitTestResult executionId="3987037b-2bcf-437c-90c2-9b6585987053" testId="26616ac5-c6e7-a752-66da-bace189355f2" testName="SecureFlow.Tests.FileUploadValidatorTests.RejectsEmptyFile" computerName="macbookpro" duration="00:00:00.0000223" startTime="2026-08-01T23:58:49.7863930+10:00" endTime="2026-08-01T23:58:49.7864800+10:00" testType="13cdc9d9-ddb5-4fa4-a97d-d965ccfc6d4b" outcome="Passed" testListId="8c84fa94-04c1-424b-9868-57a2d4851a1d" relativeResultsDirectory="3987037b-2bcf-437c-90c2-9b6585987053" />
    <UnitTestResult executionId="14820d3f-3c5c-408a-ac4d-f33302857766" testId="e7e26588-9078-6ffd-0318-8d302168c6fa" testName="SecureFlow.Tests.Security.FileSecurityScannerTests.RejectsTextContainingNullBytes" computerName="macbookpro" duration="00:00:00.0002199" startTime="2026-08-01T23:58:49.7919970+10:00" endTime="2026-08-01T23:58:49.7920190+10:00" testType="13cdc9d9-ddb5-4fa4-a97d-d965ccfc6d4b" outcome="Passed" testListId="8c84fa94-04c1-424b-9868-57a2d4851a1d" relativeResultsDirectory="14820d3f-3c5c-408a-ac4d-f33302857766" />
    <UnitTestResult executionId="cb6ea855-7a94-44a6-ab0b-9ea7057cd66c" testId="cbbd54a8-23c5-bdbf-e886-a4608bb79c6c" testName="SecureFlow.Tests.CreateTicketViewModelTests.ValidInputPassesValidation" computerName="macbookpro" duration="00:00:00.0093801" startTime="2026-08-01T23:58:49.7553520+10:00" endTime="2026-08-01T23:58:49.7920670+10:00" testType="13cdc9d9-ddb5-4fa4-a97d-d965ccfc6d4b" outcome="Passed" testListId="8c84fa94-04c1-424b-9868-57a2d4851a1d" relativeResultsDirectory="cb6ea855-7a94-44a6-ab0b-9ea7057cd66c" />
    <UnitTestResult executionId="dc16fe59-84c9-4f78-9d43-29d21b30971b" testId="df9b6f1d-c67d-01c8-c195-e9c059fa6d61" testName="SecureFlow.Tests.Security.FileSecurityScannerTests.AcceptsPdfWithPdfSignature" computerName="macbookpro" duration="00:00:00.0070172" startTime="2026-08-01T23:58:49.7546100+10:00" endTime="2026-08-01T23:58:49.7868390+10:00" testType="13cdc9d9-ddb5-4fa4-a97d-d965ccfc6d4b" outcome="Passed" testListId="8c84fa94-04c1-424b-9868-57a2d4851a1d" relativeResultsDirectory="dc16fe59-84c9-4f78-9d43-29d21b30971b" />
    <UnitTestResult executionId="c6418d69-0837-408e-a2b0-b07f8ece9a77" testId="b0feb852-b9cc-7990-5e12-3bc112d2910f" testName="SecureFlow.Tests.Security.AuthorizationBoundaryTests.AdministratorCanUseAdministratorFunctions" computerName="macbookpro" duration="00:00:00.0000187" startTime="2026-08-01T23:58:49.7929270+10:00" endTime="2026-08-01T23:58:49.7929500+10:00" testType="13cdc9d9-ddb5-4fa4-a97d-d965ccfc6d4b" outcome="Passed" testListId="8c84fa94-04c1-424b-9868-57a2d4851a1d" relativeResultsDirectory="c6418d69-0837-408e-a2b0-b07f8ece9a77" />
  </Results>
  <TestDefinitions>
    <UnitTest name="SecureFlow.Tests.Security.UploadAndAuthenticationControlTests.LoginLimiterPartitionsBySourceAddress" storage="/users/moyan/secureflow-workspace/secureflow-security-lab/tests/secureflow.tests/bin/release/net10.0/secureflow.tests.dll" id="b5cc5777-c913-daac-88dc-81a1a60f441f">
      <Execution id="517d3e23-69fe-4996-b57d-561c7d79f4ba" />
      <TestMethod codeBase="/Users/moyan/SecureFlow-Workspace/SecureFlow-Security-Lab/tests/SecureFlow.Tests/bin/Release/net10.0/SecureFlow.Tests.dll" adapterTypeName="executor://xunit/VsTestRunner3/netcore/" className="SecureFlow.Tests.Security.UploadAndAuthenticationControlTests" name="LoginLimiterPartitionsBySourceAddress" />
    </UnitTest>
    <UnitTest name="SecureFlow.Tests.Security.AuthorizationBoundaryTests.AdminControllerRequiresTheAdministratorRole" storage="/users/moyan/secureflow-workspace/secureflow-security-lab/tests/secureflow.tests/bin/release/net10.0/secureflow.tests.dll" id="a61064cc-70a2-b961-162a-af3e222f1ebf">
      <Execution id="d8e6c81c-399f-46a5-9c8e-adac983d5947" />
      <TestMethod codeBase="/Users/moyan/SecureFlow-Workspace/SecureFlow-Security-Lab/tests/SecureFlow.Tests/bin/Release/net10.0/SecureFlow.Tests.dll" adapterTypeName="executor://xunit/VsTestRunner3/netcore/" className="SecureFlow.Tests.Security.AuthorizationBoundaryTests" name="AdminControllerRequiresTheAdministratorRole" />
    </UnitTest>
    <UnitTest name="SecureFlow.Tests.TicketAccessServiceTests.OwnerCanReadOwnTicket" storage="/users/moyan/secureflow-workspace/secureflow-security-lab/tests/secureflow.tests/bin/release/net10.0/secureflow.tests.dll" id="f13165c1-67d7-6835-343f-3aa303c0c9c2">
      <Execution id="eef27ba2-a3ba-451d-8f83-45ca54d99ed3" />
      <TestMethod codeBase="/Users/moyan/SecureFlow-Workspace/SecureFlow-Security-Lab/tests/SecureFlow.Tests/bin/Release/net10.0/SecureFlow.Tests.dll" adapterTypeName="executor://xunit/VsTestRunner3/netcore/" className="SecureFlow.Tests.TicketAccessServiceTests" name="OwnerCanReadOwnTicket" />
    </UnitTest>
    <UnitTest name="SecureFlow.Tests.TicketAccessServiceTests.UserCannotReadAnotherUsersTicket" storage="/users/moyan/secureflow-workspace/secureflow-security-lab/tests/secureflow.tests/bin/release/net10.0/secureflow.tests.dll" id="6d1a9017-0d3d-ade1-16fe-6a7205479c05">
      <Execution id="d473d45f-3f35-415c-92bd-44dbcede072c" />
      <TestMethod codeBase="/Users/moyan/SecureFlow-Workspace/SecureFlow-Security-Lab/tests/SecureFlow.Tests/bin/Release/net10.0/SecureFlow.Tests.dll" adapterTypeName="executor://xunit/VsTestRunner3/netcore/" className="SecureFlow.Tests.TicketAccessServiceTests" name="UserCannotReadAnotherUsersTicket" />
    </UnitTest>
    <UnitTest name="SecureFlow.Tests.Security.FileSecurityScannerTests.RejectsTextContainingNullBytes" storage="/users/moyan/secureflow-workspace/secureflow-security-lab/tests/secureflow.tests/bin/release/net10.0/secureflow.tests.dll" id="e7e26588-9078-6ffd-0318-8d302168c6fa">
      <Execution id="14820d3f-3c5c-408a-ac4d-f33302857766" />
      <TestMethod codeBase="/Users/moyan/SecureFlow-Workspace/SecureFlow-Security-Lab/tests/SecureFlow.Tests/bin/Release/net10.0/SecureFlow.Tests.dll" adapterTypeName="executor://xunit/VsTestRunner3/netcore/" className="SecureFlow.Tests.Security.FileSecurityScannerTests" name="RejectsTextContainingNullBytes" />
    </UnitTest>
    <UnitTest name="SecureFlow.Tests.FileUploadValidatorTests.AllowsPdfWithinSizeLimit" storage="/users/moyan/secureflow-workspace/secureflow-security-lab/tests/secureflow.tests/bin/release/net10.0/secureflow.tests.dll" id="f42adb4a-59b6-6ae8-661d-3f316da65d36">
      <Execution id="5aef34ff-5209-4db8-add7-414246604e7b" />
      <TestMethod codeBase="/Users/moyan/SecureFlow-Workspace/SecureFlow-Security-Lab/tests/SecureFlow.Tests/bin/Release/net10.0/SecureFlow.Tests.dll" adapterTypeName="executor://xunit/VsTestRunner3/netcore/" className="SecureFlow.Tests.FileUploadValidatorTests" name="AllowsPdfWithinSizeLimit" />
    </UnitTest>
    <UnitTest name="SecureFlow.Tests.FileUploadValidatorTests.RejectsOversizedFile" storage="/users/moyan/secureflow-workspace/secureflow-security-lab/tests/secureflow.tests/bin/release/net10.0/secureflow.tests.dll" id="bb7382a3-6637-b15c-0d67-0f751ff2787f">
      <Execution id="2722271b-9125-4d58-ac28-07b8495fe039" />
      <TestMethod codeBase="/Users/moyan/SecureFlow-Workspace/SecureFlow-Security-Lab/tests/SecureFlow.Tests/bin/Release/net10.0/SecureFlow.Tests.dll" adapterTypeName="executor://xunit/VsTestRunner3/netcore/" className="SecureFlow.Tests.FileUploadValidatorTests" name="RejectsOversizedFile" />
    </UnitTest>
    <UnitTest name="SecureFlow.Tests.CreateTicketViewModelTests.ShortTitleFailsValidation" storage="/users/moyan/secureflow-workspace/secureflow-security-lab/tests/secureflow.tests/bin/release/net10.0/secureflow.tests.dll" id="aa0ddf90-33dc-1800-98bc-7eaa3d4bd56c">
      <Execution id="83507235-e573-4a59-a4de-73da06fd070b" />
      <TestMethod codeBase="/Users/moyan/SecureFlow-Workspace/SecureFlow-Security-Lab/tests/SecureFlow.Tests/bin/Release/net10.0/SecureFlow.Tests.dll" adapterTypeName="executor://xunit/VsTestRunner3/netcore/" className="SecureFlow.Tests.CreateTicketViewModelTests" name="ShortTitleFailsValidation" />
    </UnitTest>
    <UnitTest name="SecureFlow.Tests.Security.AuthorizationBoundaryTests.OwnerCanReadAndModifyOwnTicket" storage="/users/moyan/secureflow-workspace/secureflow-security-lab/tests/secureflow.tests/bin/release/net10.0/secureflow.tests.dll" id="f1116a2b-3506-e158-3498-dbfaf7276798">
      <Execution id="85490889-3d41-4fa3-955c-d4bd5a498a55" />
      <TestMethod codeBase="/Users/moyan/SecureFlow-Workspace/SecureFlow-Security-Lab/tests/SecureFlow.Tests/bin/Release/net10.0/SecureFlow.Tests.dll" adapterTypeName="executor://xunit/VsTestRunner3/netcore/" className="SecureFlow.Tests.Security.AuthorizationBoundaryTests" name="OwnerCanReadAndModifyOwnTicket" />
    </UnitTest>
    <UnitTest name="SecureFlow.Tests.Security.UploadAndAuthenticationControlTests.UploadEndpointLimitsRequestBeforeModelBinding" storage="/users/moyan/secureflow-workspace/secureflow-security-lab/tests/secureflow.tests/bin/release/net10.0/secureflow.tests.dll" id="ca19abad-9dcd-1c21-6221-9ead7ac05ef7">
      <Execution id="950bd2e5-df52-46fd-aff4-88650b1bba5e" />
      <TestMethod codeBase="/Users/moyan/SecureFlow-Workspace/SecureFlow-Security-Lab/tests/SecureFlow.Tests/bin/Release/net10.0/SecureFlow.Tests.dll" adapterTypeName="executor://xunit/VsTestRunner3/netcore/" className="SecureFlow.Tests.Security.UploadAndAuthenticationControlTests" name="UploadEndpointLimitsRequestBeforeModelBinding" />
    </UnitTest>
    <UnitTest name="SecureFlow.Tests.Security.AuthorizationBoundaryTests.AdministratorCanUseAdministratorFunctions" storage="/users/moyan/secureflow-workspace/secureflow-security-lab/tests/secureflow.tests/bin/release/net10.0/secureflow.tests.dll" id="b0feb852-b9cc-7990-5e12-3bc112d2910f">
      <Execution id="c6418d69-0837-408e-a2b0-b07f8ece9a77" />
      <TestMethod codeBase="/Users/moyan/SecureFlow-Workspace/SecureFlow-Security-Lab/tests/SecureFlow.Tests/bin/Release/net10.0/SecureFlow.Tests.dll" adapterTypeName="executor://xunit/VsTestRunner3/netcore/" className="SecureFlow.Tests.Security.AuthorizationBoundaryTests" name="AdministratorCanUseAdministratorFunctions" />
    </UnitTest>
    <UnitTest name="SecureFlow.Tests.Security.FileSecurityScannerTests.AcceptsValidUtf8Text" storage="/users/moyan/secureflow-workspace/secureflow-security-lab/tests/secureflow.tests/bin/release/net10.0/secureflow.tests.dll" id="0d92c874-d39c-3b78-9cf5-5eed75ec2056">
      <Execution id="751f29ca-837d-4205-b2c4-a14fd4bbea57" />
      <TestMethod codeBase="/Users/moyan/SecureFlow-Workspace/SecureFlow-Security-Lab/tests/SecureFlow.Tests/bin/Release/net10.0/SecureFlow.Tests.dll" adapterTypeName="executor://xunit/VsTestRunner3/netcore/" className="SecureFlow.Tests.Security.FileSecurityScannerTests" name="AcceptsValidUtf8Text" />
    </UnitTest>
    <UnitTest name="SecureFlow.Tests.FileUploadValidatorTests.RejectsEmptyFile" storage="/users/moyan/secureflow-workspace/secureflow-security-lab/tests/secureflow.tests/bin/release/net10.0/secureflow.tests.dll" id="26616ac5-c6e7-a752-66da-bace189355f2">
      <Execution id="3987037b-2bcf-437c-90c2-9b6585987053" />
      <TestMethod codeBase="/Users/moyan/SecureFlow-Workspace/SecureFlow-Security-Lab/tests/SecureFlow.Tests/bin/Release/net10.0/SecureFlow.Tests.dll" adapterTypeName="executor://xunit/VsTestRunner3/netcore/" className="SecureFlow.Tests.FileUploadValidatorTests" name="RejectsEmptyFile" />
    </UnitTest>
    <UnitTest name="SecureFlow.Tests.Security.FileSecurityScannerTests.AcceptsPdfWithPdfSignature" storage="/users/moyan/secureflow-workspace/secureflow-security-lab/tests/secureflow.tests/bin/release/net10.0/secureflow.tests.dll" id="df9b6f1d-c67d-01c8-c195-e9c059fa6d61">
      <Execution id="dc16fe59-84c9-4f78-9d43-29d21b30971b" />
      <TestMethod codeBase="/Users/moyan/SecureFlow-Workspace/SecureFlow-Security-Lab/tests/SecureFlow.Tests/bin/Release/net10.0/SecureFlow.Tests.dll" adapterTypeName="executor://xunit/VsTestRunner3/netcore/" className="SecureFlow.Tests.Security.FileSecurityScannerTests" name="AcceptsPdfWithPdfSignature" />
    </UnitTest>
    <UnitTest name="SecureFlow.Tests.FileUploadValidatorTests.RejectsExecutableExtension" storage="/users/moyan/secureflow-workspace/secureflow-security-lab/tests/secureflow.tests/bin/release/net10.0/secureflow.tests.dll" id="8dbfedc5-8319-ce88-d6af-ff68295e8fcb">
      <Execution id="a94088ed-a01e-4f35-a593-5555180aec64" />
      <TestMethod codeBase="/Users/moyan/SecureFlow-Workspace/SecureFlow-Security-Lab/tests/SecureFlow.Tests/bin/Release/net10.0/SecureFlow.Tests.dll" adapterTypeName="executor://xunit/VsTestRunner3/netcore/" className="SecureFlow.Tests.FileUploadValidatorTests" name="RejectsExecutableExtension" />
    </UnitTest>
    <UnitTest name="SecureFlow.Tests.FileUploadValidatorTests.RemovesPathTraversalFromOriginalName" storage="/users/moyan/secureflow-workspace/secureflow-security-lab/tests/secureflow.tests/bin/release/net10.0/secureflow.tests.dll" id="1c7a1c16-66f3-58fa-7369-52b3fb1d3ee0">
      <Execution id="1b429ede-66d4-4fb6-b88e-f5e9dc0359c0" />
      <TestMethod codeBase="/Users/moyan/SecureFlow-Workspace/SecureFlow-Security-Lab/tests/SecureFlow.Tests/bin/Release/net10.0/SecureFlow.Tests.dll" adapterTypeName="executor://xunit/VsTestRunner3/netcore/" className="SecureFlow.Tests.FileUploadValidatorTests" name="RemovesPathTraversalFromOriginalName" />
    </UnitTest>
    <UnitTest name="SecureFlow.Tests.TicketAccessServiceTests.NormalUserCannotUseAdminFunctions" storage="/users/moyan/secureflow-workspace/secureflow-security-lab/tests/secureflow.tests/bin/release/net10.0/secureflow.tests.dll" id="afa781c6-a3e7-1a11-19e0-0f6671446614">
      <Execution id="22236681-7940-45ee-b3b3-61fffd5ae3d9" />
      <TestMethod codeBase="/Users/moyan/SecureFlow-Workspace/SecureFlow-Security-Lab/tests/SecureFlow.Tests/bin/Release/net10.0/SecureFlow.Tests.dll" adapterTypeName="executor://xunit/VsTestRunner3/netcore/" className="SecureFlow.Tests.TicketAccessServiceTests" name="NormalUserCannotUseAdminFunctions" />
    </UnitTest>
    <UnitTest name="SecureFlow.Tests.Security.UploadAndAuthenticationControlTests.LoginLimiterNormalisesIpv4MappedAddress" storage="/users/moyan/secureflow-workspace/secureflow-security-lab/tests/secureflow.tests/bin/release/net10.0/secureflow.tests.dll" id="f5f7bd53-add0-1781-6cb5-55110c0a90f7">
      <Execution id="5c3b86e6-778b-4c34-9f81-5e3d0c788aa9" />
      <TestMethod codeBase="/Users/moyan/SecureFlow-Workspace/SecureFlow-Security-Lab/tests/SecureFlow.Tests/bin/Release/net10.0/SecureFlow.Tests.dll" adapterTypeName="executor://xunit/VsTestRunner3/netcore/" className="SecureFlow.Tests.Security.UploadAndAuthenticationControlTests" name="LoginLimiterNormalisesIpv4MappedAddress" />
    </UnitTest>
    <UnitTest name="SecureFlow.Tests.TicketAccessServiceTests.AdminCanReadAnotherUsersTicket" storage="/users/moyan/secureflow-workspace/secureflow-security-lab/tests/secureflow.tests/bin/release/net10.0/secureflow.tests.dll" id="bef68d10-0705-1255-6a16-8f0ce06f02a4">
      <Execution id="51bed626-49f7-4397-8991-c76d2d9ff121" />
      <TestMethod codeBase="/Users/moyan/SecureFlow-Workspace/SecureFlow-Security-Lab/tests/SecureFlow.Tests/bin/Release/net10.0/SecureFlow.Tests.dll" adapterTypeName="executor://xunit/VsTestRunner3/netcore/" className="SecureFlow.Tests.TicketAccessServiceTests" name="AdminCanReadAnotherUsersTicket" />
    </UnitTest>
    <UnitTest name="SecureFlow.Tests.Security.FileSecurityScannerTests.RejectsHarmlessSecurityTestMarker" storage="/users/moyan/secureflow-workspace/secureflow-security-lab/tests/secureflow.tests/bin/release/net10.0/secureflow.tests.dll" id="2eee42e3-7a2a-3503-6f30-3a6f02b58d64">
      <Execution id="b4f44777-eae9-4d23-abbf-6b9acf7376e2" />
      <TestMethod codeBase="/Users/moyan/SecureFlow-Workspace/SecureFlow-Security-Lab/tests/SecureFlow.Tests/bin/Release/net10.0/SecureFlow.Tests.dll" adapterTypeName="executor://xunit/VsTestRunner3/netcore/" className="SecureFlow.Tests.Security.FileSecurityScannerTests" name="RejectsHarmlessSecurityTestMarker" />
    </UnitTest>
    <UnitTest name="SecureFlow.Tests.Security.FileSecurityScannerTests.AcceptsPngSignature" storage="/users/moyan/secureflow-workspace/secureflow-security-lab/tests/secureflow.tests/bin/release/net10.0/secureflow.tests.dll" id="4fa492d3-4b45-cb80-5d37-2e3569fd365a">
      <Execution id="760dfa22-90ce-4cde-9cfe-eaa2edfe1d38" />
      <TestMethod codeBase="/Users/moyan/SecureFlow-Workspace/SecureFlow-Security-Lab/tests/SecureFlow.Tests/bin/Release/net10.0/SecureFlow.Tests.dll" adapterTypeName="executor://xunit/VsTestRunner3/netcore/" className="SecureFlow.Tests.Security.FileSecurityScannerTests" name="AcceptsPngSignature" />
    </UnitTest>
    <UnitTest name="SecureFlow.Tests.Security.AuthorizationBoundaryTests.NormalUserCannotUseAdministratorFunctions" storage="/users/moyan/secureflow-workspace/secureflow-security-lab/tests/secureflow.tests/bin/release/net10.0/secureflow.tests.dll" id="2df55b6a-7f8e-4661-6944-b0470eb1dba0">
      <Execution id="87f71fb3-ff29-4538-bd15-f79b68839daf" />
      <TestMethod codeBase="/Users/moyan/SecureFlow-Workspace/SecureFlow-Security-Lab/tests/SecureFlow.Tests/bin/Release/net10.0/SecureFlow.Tests.dll" adapterTypeName="executor://xunit/VsTestRunner3/netcore/" className="SecureFlow.Tests.Security.AuthorizationBoundaryTests" name="NormalUserCannotUseAdministratorFunctions" />
    </UnitTest>
    <UnitTest name="SecureFlow.Tests.CreateTicketViewModelTests.ShortDescriptionFailsValidation" storage="/users/moyan/secureflow-workspace/secureflow-security-lab/tests/secureflow.tests/bin/release/net10.0/secureflow.tests.dll" id="4ebedf60-660c-8484-95e7-f7654b526541">
      <Execution id="346cfbed-1d7f-4046-96cd-592f4c5ece15" />
      <TestMethod codeBase="/Users/moyan/SecureFlow-Workspace/SecureFlow-Security-Lab/tests/SecureFlow.Tests/bin/Release/net10.0/SecureFlow.Tests.dll" adapterTypeName="executor://xunit/VsTestRunner3/netcore/" className="SecureFlow.Tests.CreateTicketViewModelTests" name="ShortDescriptionFailsValidation" />
    </UnitTest>
    <UnitTest name="SecureFlow.Tests.Security.AuthorizationBoundaryTests.NonOwnerCannotReadAnotherUsersTicket" storage="/users/moyan/secureflow-workspace/secureflow-security-lab/tests/secureflow.tests/bin/release/net10.0/secureflow.tests.dll" id="6c0c88a0-56a2-2140-5b29-a98e262a53c1">
      <Execution id="31271638-1588-4a75-b1e2-dbb7348f3256" />
      <TestMethod codeBase="/Users/moyan/SecureFlow-Workspace/SecureFlow-Security-Lab/tests/SecureFlow.Tests/bin/Release/net10.0/SecureFlow.Tests.dll" adapterTypeName="executor://xunit/VsTestRunner3/netcore/" className="SecureFlow.Tests.Security.AuthorizationBoundaryTests" name="NonOwnerCannotReadAnotherUsersTicket" />
    </UnitTest>
    <UnitTest name="SecureFlow.Tests.TicketAccessServiceTests.UserCannotModifyAnotherUsersTicket" storage="/users/moyan/secureflow-workspace/secureflow-security-lab/tests/secureflow.tests/bin/release/net10.0/secureflow.tests.dll" id="6ab458e2-6527-87e6-1ea0-35f1b2f5354b">
      <Execution id="1c680590-a1b0-4717-8955-3ff281bc51eb" />
      <TestMethod codeBase="/Users/moyan/SecureFlow-Workspace/SecureFlow-Security-Lab/tests/SecureFlow.Tests/bin/Release/net10.0/SecureFlow.Tests.dll" adapterTypeName="executor://xunit/VsTestRunner3/netcore/" className="SecureFlow.Tests.TicketAccessServiceTests" name="UserCannotModifyAnotherUsersTicket" />
    </UnitTest>
    <UnitTest name="SecureFlow.Tests.Security.UploadAndAuthenticationControlTests.ContentSecurityPolicyDisallowsInlineStyles" storage="/users/moyan/secureflow-workspace/secureflow-security-lab/tests/secureflow.tests/bin/release/net10.0/secureflow.tests.dll" id="be1fc026-2d50-57eb-2401-9a4f1dc54635">
      <Execution id="70107981-08af-4b28-950f-ada3168b7b0c" />
      <TestMethod codeBase="/Users/moyan/SecureFlow-Workspace/SecureFlow-Security-Lab/tests/SecureFlow.Tests/bin/Release/net10.0/SecureFlow.Tests.dll" adapterTypeName="executor://xunit/VsTestRunner3/netcore/" className="SecureFlow.Tests.Security.UploadAndAuthenticationControlTests" name="ContentSecurityPolicyDisallowsInlineStyles" />
    </UnitTest>
    <UnitTest name="SecureFlow.Tests.Security.AuthorizationBoundaryTests.AdministratorCanReadAndModifyAnyTicket" storage="/users/moyan/secureflow-workspace/secureflow-security-lab/tests/secureflow.tests/bin/release/net10.0/secureflow.tests.dll" id="adfa2f9c-a294-0421-c87f-bf2acf82e005">
      <Execution id="1e24d6a0-8977-4355-aacd-b1c68766ac76" />
      <TestMethod codeBase="/Users/moyan/SecureFlow-Workspace/SecureFlow-Security-Lab/tests/SecureFlow.Tests/bin/Release/net10.0/SecureFlow.Tests.dll" adapterTypeName="executor://xunit/VsTestRunner3/netcore/" className="SecureFlow.Tests.Security.AuthorizationBoundaryTests" name="AdministratorCanReadAndModifyAnyTicket" />
    </UnitTest>
    <UnitTest name="SecureFlow.Tests.CreateTicketViewModelTests.ValidInputPassesValidation" storage="/users/moyan/secureflow-workspace/secureflow-security-lab/tests/secureflow.tests/bin/release/net10.0/secureflow.tests.dll" id="cbbd54a8-23c5-bdbf-e886-a4608bb79c6c">
      <Execution id="cb6ea855-7a94-44a6-ab0b-9ea7057cd66c" />
      <TestMethod codeBase="/Users/moyan/SecureFlow-Workspace/SecureFlow-Security-Lab/tests/SecureFlow.Tests/bin/Release/net10.0/SecureFlow.Tests.dll" adapterTypeName="executor://xunit/VsTestRunner3/netcore/" className="SecureFlow.Tests.CreateTicketViewModelTests" name="ValidInputPassesValidation" />
    </UnitTest>
    <UnitTest name="SecureFlow.Tests.FileUploadValidatorTests.RejectsMismatchedContentType" storage="/users/moyan/secureflow-workspace/secureflow-security-lab/tests/secureflow.tests/bin/release/net10.0/secureflow.tests.dll" id="1afc4212-9e34-5bf9-c93c-a664cbc7d83d">
      <Execution id="0b3fd8b4-21d0-441e-8b37-f417279f1e4a" />
      <TestMethod codeBase="/Users/moyan/SecureFlow-Workspace/SecureFlow-Security-Lab/tests/SecureFlow.Tests/bin/Release/net10.0/SecureFlow.Tests.dll" adapterTypeName="executor://xunit/VsTestRunner3/netcore/" className="SecureFlow.Tests.FileUploadValidatorTests" name="RejectsMismatchedContentType" />
    </UnitTest>
    <UnitTest name="SecureFlow.Tests.Security.FileSecurityScannerTests.RejectsPdfWithHtmlContent" storage="/users/moyan/secureflow-workspace/secureflow-security-lab/tests/secureflow.tests/bin/release/net10.0/secureflow.tests.dll" id="b44d7ce5-63e1-d654-eefa-ed4ca2def114">
      <Execution id="4f55cd9e-8b65-444d-9e56-ff02612a235d" />
      <TestMethod codeBase="/Users/moyan/SecureFlow-Workspace/SecureFlow-Security-Lab/tests/SecureFlow.Tests/bin/Release/net10.0/SecureFlow.Tests.dll" adapterTypeName="executor://xunit/VsTestRunner3/netcore/" className="SecureFlow.Tests.Security.FileSecurityScannerTests" name="RejectsPdfWithHtmlContent" />
    </UnitTest>
    <UnitTest name="SecureFlow.Tests.TicketAccessServiceTests.AdminCanUseAdminFunctions" storage="/users/moyan/secureflow-workspace/secureflow-security-lab/tests/secureflow.tests/bin/release/net10.0/secureflow.tests.dll" id="a26dd8fc-691b-a791-136a-59481c1639e4">
      <Execution id="907248fe-a6e3-4352-b67e-fa082a498aee" />
      <TestMethod codeBase="/Users/moyan/SecureFlow-Workspace/SecureFlow-Security-Lab/tests/SecureFlow.Tests/bin/Release/net10.0/SecureFlow.Tests.dll" adapterTypeName="executor://xunit/VsTestRunner3/netcore/" className="SecureFlow.Tests.TicketAccessServiceTests" name="AdminCanUseAdminFunctions" />
    </UnitTest>
    <UnitTest name="SecureFlow.Tests.Security.AuthorizationBoundaryTests.NonOwnerCannotModifyAnotherUsersTicket" storage="/users/moyan/secureflow-workspace/secureflow-security-lab/tests/secureflow.tests/bin/release/net10.0/secureflow.tests.dll" id="5c653dd1-ffff-4153-2a7c-fca9eb8e2b7b">
      <Execution id="8af48839-4140-4826-8546-6f6ee8743448" />
      <TestMethod codeBase="/Users/moyan/SecureFlow-Workspace/SecureFlow-Security-Lab/tests/SecureFlow.Tests/bin/Release/net10.0/SecureFlow.Tests.dll" adapterTypeName="executor://xunit/VsTestRunner3/netcore/" className="SecureFlow.Tests.Security.AuthorizationBoundaryTests" name="NonOwnerCannotModifyAnotherUsersTicket" />
    </UnitTest>
    <UnitTest name="SecureFlow.Tests.Security.AuthorizationBoundaryTests.TicketsControllerRequiresAuthentication" storage="/users/moyan/secureflow-workspace/secureflow-security-lab/tests/secureflow.tests/bin/release/net10.0/secureflow.tests.dll" id="2d0c1e9c-6e7b-7e99-51a2-803823ddc622">
      <Execution id="7cce21c4-dfe0-4bf6-b584-d41786e5d500" />
      <TestMethod codeBase="/Users/moyan/SecureFlow-Workspace/SecureFlow-Security-Lab/tests/SecureFlow.Tests/bin/Release/net10.0/SecureFlow.Tests.dll" adapterTypeName="executor://xunit/VsTestRunner3/netcore/" className="SecureFlow.Tests.Security.AuthorizationBoundaryTests" name="TicketsControllerRequiresAuthentication" />
    </UnitTest>
    <UnitTest name="SecureFlow.Tests.Security.FileSecurityScannerTests.AcceptsJpegSignature" storage="/users/moyan/secureflow-workspace/secureflow-security-lab/tests/secureflow.tests/bin/release/net10.0/secureflow.tests.dll" id="3fe5a69d-6127-1f18-1b47-f173831ddb8b">
      <Execution id="a1538d6b-3d9c-4b04-a9be-6e43d421ce70" />
      <TestMethod codeBase="/Users/moyan/SecureFlow-Workspace/SecureFlow-Security-Lab/tests/SecureFlow.Tests/bin/Release/net10.0/SecureFlow.Tests.dll" adapterTypeName="executor://xunit/VsTestRunner3/netcore/" className="SecureFlow.Tests.Security.FileSecurityScannerTests" name="AcceptsJpegSignature" />
    </UnitTest>
  </TestDefinitions>
  <TestEntries>
    <TestEntry testId="6ab458e2-6527-87e6-1ea0-35f1b2f5354b" executionId="1c680590-a1b0-4717-8955-3ff281bc51eb" testListId="8c84fa94-04c1-424b-9868-57a2d4851a1d" />
    <TestEntry testId="8dbfedc5-8319-ce88-d6af-ff68295e8fcb" executionId="a94088ed-a01e-4f35-a593-5555180aec64" testListId="8c84fa94-04c1-424b-9868-57a2d4851a1d" />
    <TestEntry testId="1c7a1c16-66f3-58fa-7369-52b3fb1d3ee0" executionId="1b429ede-66d4-4fb6-b88e-f5e9dc0359c0" testListId="8c84fa94-04c1-424b-9868-57a2d4851a1d" />
    <TestEntry testId="6d1a9017-0d3d-ade1-16fe-6a7205479c05" executionId="d473d45f-3f35-415c-92bd-44dbcede072c" testListId="8c84fa94-04c1-424b-9868-57a2d4851a1d" />
    <TestEntry testId="1afc4212-9e34-5bf9-c93c-a664cbc7d83d" executionId="0b3fd8b4-21d0-441e-8b37-f417279f1e4a" testListId="8c84fa94-04c1-424b-9868-57a2d4851a1d" />
    <TestEntry testId="b44d7ce5-63e1-d654-eefa-ed4ca2def114" executionId="4f55cd9e-8b65-444d-9e56-ff02612a235d" testListId="8c84fa94-04c1-424b-9868-57a2d4851a1d" />
    <TestEntry testId="adfa2f9c-a294-0421-c87f-bf2acf82e005" executionId="1e24d6a0-8977-4355-aacd-b1c68766ac76" testListId="8c84fa94-04c1-424b-9868-57a2d4851a1d" />
    <TestEntry testId="6c0c88a0-56a2-2140-5b29-a98e262a53c1" executionId="31271638-1588-4a75-b1e2-dbb7348f3256" testListId="8c84fa94-04c1-424b-9868-57a2d4851a1d" />
    <TestEntry testId="ca19abad-9dcd-1c21-6221-9ead7ac05ef7" executionId="950bd2e5-df52-46fd-aff4-88650b1bba5e" testListId="8c84fa94-04c1-424b-9868-57a2d4851a1d" />
    <TestEntry testId="f42adb4a-59b6-6ae8-661d-3f316da65d36" executionId="5aef34ff-5209-4db8-add7-414246604e7b" testListId="8c84fa94-04c1-424b-9868-57a2d4851a1d" />
    <TestEntry testId="2eee42e3-7a2a-3503-6f30-3a6f02b58d64" executionId="b4f44777-eae9-4d23-abbf-6b9acf7376e2" testListId="8c84fa94-04c1-424b-9868-57a2d4851a1d" />
    <TestEntry testId="0d92c874-d39c-3b78-9cf5-5eed75ec2056" executionId="751f29ca-837d-4205-b2c4-a14fd4bbea57" testListId="8c84fa94-04c1-424b-9868-57a2d4851a1d" />
    <TestEntry testId="3fe5a69d-6127-1f18-1b47-f173831ddb8b" executionId="a1538d6b-3d9c-4b04-a9be-6e43d421ce70" testListId="8c84fa94-04c1-424b-9868-57a2d4851a1d" />
    <TestEntry testId="aa0ddf90-33dc-1800-98bc-7eaa3d4bd56c" executionId="83507235-e573-4a59-a4de-73da06fd070b" testListId="8c84fa94-04c1-424b-9868-57a2d4851a1d" />
    <TestEntry testId="f1116a2b-3506-e158-3498-dbfaf7276798" executionId="85490889-3d41-4fa3-955c-d4bd5a498a55" testListId="8c84fa94-04c1-424b-9868-57a2d4851a1d" />
    <TestEntry testId="a61064cc-70a2-b961-162a-af3e222f1ebf" executionId="d8e6c81c-399f-46a5-9c8e-adac983d5947" testListId="8c84fa94-04c1-424b-9868-57a2d4851a1d" />
    <TestEntry testId="afa781c6-a3e7-1a11-19e0-0f6671446614" executionId="22236681-7940-45ee-b3b3-61fffd5ae3d9" testListId="8c84fa94-04c1-424b-9868-57a2d4851a1d" />
    <TestEntry testId="f5f7bd53-add0-1781-6cb5-55110c0a90f7" executionId="5c3b86e6-778b-4c34-9f81-5e3d0c788aa9" testListId="8c84fa94-04c1-424b-9868-57a2d4851a1d" />
    <TestEntry testId="2d0c1e9c-6e7b-7e99-51a2-803823ddc622" executionId="7cce21c4-dfe0-4bf6-b584-d41786e5d500" testListId="8c84fa94-04c1-424b-9868-57a2d4851a1d" />
    <TestEntry testId="bb7382a3-6637-b15c-0d67-0f751ff2787f" executionId="2722271b-9125-4d58-ac28-07b8495fe039" testListId="8c84fa94-04c1-424b-9868-57a2d4851a1d" />
    <TestEntry testId="2df55b6a-7f8e-4661-6944-b0470eb1dba0" executionId="87f71fb3-ff29-4538-bd15-f79b68839daf" testListId="8c84fa94-04c1-424b-9868-57a2d4851a1d" />
    <TestEntry testId="5c653dd1-ffff-4153-2a7c-fca9eb8e2b7b" executionId="8af48839-4140-4826-8546-6f6ee8743448" testListId="8c84fa94-04c1-424b-9868-57a2d4851a1d" />
    <TestEntry testId="b5cc5777-c913-daac-88dc-81a1a60f441f" executionId="517d3e23-69fe-4996-b57d-561c7d79f4ba" testListId="8c84fa94-04c1-424b-9868-57a2d4851a1d" />
    <TestEntry testId="bef68d10-0705-1255-6a16-8f0ce06f02a4" executionId="51bed626-49f7-4397-8991-c76d2d9ff121" testListId="8c84fa94-04c1-424b-9868-57a2d4851a1d" />
    <TestEntry testId="a26dd8fc-691b-a791-136a-59481c1639e4" executionId="907248fe-a6e3-4352-b67e-fa082a498aee" testListId="8c84fa94-04c1-424b-9868-57a2d4851a1d" />
    <TestEntry testId="4fa492d3-4b45-cb80-5d37-2e3569fd365a" executionId="760dfa22-90ce-4cde-9cfe-eaa2edfe1d38" testListId="8c84fa94-04c1-424b-9868-57a2d4851a1d" />
    <TestEntry testId="4ebedf60-660c-8484-95e7-f7654b526541" executionId="346cfbed-1d7f-4046-96cd-592f4c5ece15" testListId="8c84fa94-04c1-424b-9868-57a2d4851a1d" />
    <TestEntry testId="f13165c1-67d7-6835-343f-3aa303c0c9c2" executionId="eef27ba2-a3ba-451d-8f83-45ca54d99ed3" testListId="8c84fa94-04c1-424b-9868-57a2d4851a1d" />
    <TestEntry testId="be1fc026-2d50-57eb-2401-9a4f1dc54635" executionId="70107981-08af-4b28-950f-ada3168b7b0c" testListId="8c84fa94-04c1-424b-9868-57a2d4851a1d" />
    <TestEntry testId="26616ac5-c6e7-a752-66da-bace189355f2" executionId="3987037b-2bcf-437c-90c2-9b6585987053" testListId="8c84fa94-04c1-424b-9868-57a2d4851a1d" />
    <TestEntry testId="e7e26588-9078-6ffd-0318-8d302168c6fa" executionId="14820d3f-3c5c-408a-ac4d-f33302857766" testListId="8c84fa94-04c1-424b-9868-57a2d4851a1d" />
    <TestEntry testId="cbbd54a8-23c5-bdbf-e886-a4608bb79c6c" executionId="cb6ea855-7a94-44a6-ab0b-9ea7057cd66c" testListId="8c84fa94-04c1-424b-9868-57a2d4851a1d" />
    <TestEntry testId="df9b6f1d-c67d-01c8-c195-e9c059fa6d61" executionId="dc16fe59-84c9-4f78-9d43-29d21b30971b" testListId="8c84fa94-04c1-424b-9868-57a2d4851a1d" />
    <TestEntry testId="b0feb852-b9cc-7990-5e12-3bc112d2910f" executionId="c6418d69-0837-408e-a2b0-b07f8ece9a77" testListId="8c84fa94-04c1-424b-9868-57a2d4851a1d" />
  </TestEntries>
  <TestLists>
    <TestList name="Results Not in a List" id="8c84fa94-04c1-424b-9868-57a2d4851a1d" />
    <TestList name="All Loaded Results" id="19431567-8539-422a-85d7-44ee4e166bda" />
  </TestLists>
  <ResultSummary outcome="Completed">
    <Counters total="34" executed="34" passed="34" failed="0" error="0" timeout="0" aborted="0" inconclusive="0" passedButRunAborted="0" notRunnable="0" notExecuted="0" disconnected="0" warning="0" completed="0" inProgress="0" pending="0" />
    <Output>
      <StdOut>[xUnit.net 00:00:00.00] xUnit.net VSTest Adapter v3.1.4+50e68bbb8b (64-bit .NET 10.0.10)
[xUnit.net 00:00:00.04]   Discovering: SecureFlow.Tests
[xUnit.net 00:00:00.07]   Discovered:  SecureFlow.Tests
[xUnit.net 00:00:00.08]   Starting:    SecureFlow.Tests
[xUnit.net 00:00:00.13]   Finished:    SecureFlow.Tests
</StdOut>
    </Output>
  </ResultSummary>
</TestRun>