<?xml version="1.0" encoding="utf-8"?>
<TestRun id="36038326-fad1-42a5-bb7f-bfa0efc0b3be" name="@macbookpro 2026-08-02 00:23:57" xmlns="http://microsoft.com/schemas/VisualStudio/TeamTest/2010">
  <Times creation="2026-08-02T00:23:57.3372740+10:00" queuing="2026-08-02T00:23:57.3372740+10:00" start="2026-08-02T00:23:56.8816810+10:00" finish="2026-08-02T00:23:57.3579390+10:00" />
  <TestSettings name="default" id="d7900695-a3cf-480e-aa98-8a69d6fc1060">
    <Deployment runDeploymentRoot="_macbookpro_2026-08-02_00_23_57" />
  </TestSettings>
  <Results>
    <UnitTestResult executionId="cf6bf8bf-a555-47a0-b83a-a6829a80ee3b" testId="afa781c6-a3e7-1a11-19e0-0f6671446614" testName="SecureFlow.Tests.TicketAccessServiceTests.NormalUserCannotUseAdminFunctions" computerName="macbookpro" duration="00:00:00.0000285" startTime="2026-08-02T00:23:57.3109250+10:00" endTime="2026-08-02T00:23:57.3109720+10:00" testType="13cdc9d9-ddb5-4fa4-a97d-d965ccfc6d4b" outcome="Passed" testListId="8c84fa94-04c1-424b-9868-57a2d4851a1d" relativeResultsDirectory="cf6bf8bf-a555-47a0-b83a-a6829a80ee3b" />
    <UnitTestResult executionId="f6d8d45f-47b9-4672-bad6-0ac1bfe0530b" testId="26616ac5-c6e7-a752-66da-bace189355f2" testName="SecureFlow.Tests.FileUploadValidatorTests.RejectsEmptyFile" computerName="macbookpro" duration="00:00:00.0000265" startTime="2026-08-02T00:23:57.3119230+10:00" endTime="2026-08-02T00:23:57.3119520+10:00" testType="13cdc9d9-ddb5-4fa4-a97d-d965ccfc6d4b" outcome="Passed" testListId="8c84fa94-04c1-424b-9868-57a2d4851a1d" relativeResultsDirectory="f6d8d45f-47b9-4672-bad6-0ac1bfe0530b" />
    <UnitTestResult executionId="11982ad5-9e6e-43bd-91ce-8aa2bc0cf58c" testId="2df55b6a-7f8e-4661-6944-b0470eb1dba0" testName="SecureFlow.Tests.Security.AuthorizationBoundaryTests.NormalUserCannotUseAdministratorFunctions" computerName="macbookpro" duration="00:00:00.0000260" startTime="2026-08-02T00:23:57.3179330+10:00" endTime="2026-08-02T00:23:57.3179580+10:00" testType="13cdc9d9-ddb5-4fa4-a97d-d965ccfc6d4b" outcome="Passed" testListId="8c84fa94-04c1-424b-9868-57a2d4851a1d" relativeResultsDirectory="11982ad5-9e6e-43bd-91ce-8aa2bc0cf58c" />
    <UnitTestResult executionId="ecada1bf-4ae7-45f7-bd0c-678c2e5072a0" testId="b5cc5777-c913-daac-88dc-81a1a60f441f" testName="SecureFlow.Tests.Security.UploadAndAuthenticationControlTests.LoginLimiterPartitionsBySourceAddress" computerName="macbookpro" duration="00:00:00.0160387" startTime="2026-08-02T00:23:57.2829480+10:00" endTime="2026-08-02T00:23:57.3184580+10:00" testType="13cdc9d9-ddb5-4fa4-a97d-d965ccfc6d4b" outcome="Passed" testListId="8c84fa94-04c1-424b-9868-57a2d4851a1d" relativeResultsDirectory="ecada1bf-4ae7-45f7-bd0c-678c2e5072a0" />
    <UnitTestResult executionId="6acfa92b-5ba3-421c-83c0-afb9378b2955" testId="4ebedf60-660c-8484-95e7-f7654b526541" testName="SecureFlow.Tests.CreateTicketViewModelTests.ShortDescriptionFailsValidation" computerName="macbookpro" duration="00:00:00.0001185" startTime="2026-08-02T00:23:57.3174800+10:00" endTime="2026-08-02T00:23:57.3175030+10:00" testType="13cdc9d9-ddb5-4fa4-a97d-d965ccfc6d4b" outcome="Passed" testListId="8c84fa94-04c1-424b-9868-57a2d4851a1d" relativeResultsDirectory="6acfa92b-5ba3-421c-83c0-afb9378b2955" />
    <UnitTestResult executionId="bc138843-b68f-4ac4-b542-b3f357fc8292" testId="bef68d10-0705-1255-6a16-8f0ce06f02a4" testName="SecureFlow.Tests.TicketAccessServiceTests.AdminCanReadAnotherUsersTicket" computerName="macbookpro" duration="00:00:00.0000411" startTime="2026-08-02T00:23:57.2958300+10:00" endTime="2026-08-02T00:23:57.2958680+10:00" testType="13cdc9d9-ddb5-4fa4-a97d-d965ccfc6d4b" outcome="Passed" testListId="8c84fa94-04c1-424b-9868-57a2d4851a1d" relativeResultsDirectory="bc138843-b68f-4ac4-b542-b3f357fc8292" />
    <UnitTestResult executionId="c7f9a12a-4f40-46e6-929d-819f24269185" testId="cbbd54a8-23c5-bdbf-e886-a4608bb79c6c" testName="SecureFlow.Tests.CreateTicketViewModelTests.ValidInputPassesValidation" computerName="macbookpro" duration="00:00:00.0072080" startTime="2026-08-02T00:23:57.2829600+10:00" endTime="2026-08-02T00:23:57.3171400+10:00" testType="13cdc9d9-ddb5-4fa4-a97d-d965ccfc6d4b" outcome="Passed" testListId="8c84fa94-04c1-424b-9868-57a2d4851a1d" relativeResultsDirectory="c7f9a12a-4f40-46e6-929d-819f24269185" />
    <UnitTestResult executionId="87f6401e-a0a8-4129-a5af-b8bd0e1b1a4c" testId="b0feb852-b9cc-7990-5e12-3bc112d2910f" testName="SecureFlow.Tests.Security.AuthorizationBoundaryTests.AdministratorCanUseAdministratorFunctions" computerName="macbookpro" duration="00:00:00.0000178" startTime="2026-08-02T00:23:57.3181670+10:00" endTime="2026-08-02T00:23:57.3181890+10:00" testType="13cdc9d9-ddb5-4fa4-a97d-d965ccfc6d4b" outcome="Passed" testListId="8c84fa94-04c1-424b-9868-57a2d4851a1d" relativeResultsDirectory="87f6401e-a0a8-4129-a5af-b8bd0e1b1a4c" />
    <UnitTestResult executionId="f4c474b3-09c4-490b-acd1-4d9b8672a5d6" testId="df9b6f1d-c67d-01c8-c195-e9c059fa6d61" testName="SecureFlow.Tests.Security.FileSecurityScannerTests.AcceptsPdfWithPdfSignature" computerName="macbookpro" duration="00:00:00.0062358" startTime="2026-08-02T00:23:57.2829730+10:00" endTime="2026-08-02T00:23:57.3124170+10:00" testType="13cdc9d9-ddb5-4fa4-a97d-d965ccfc6d4b" outcome="Passed" testListId="8c84fa94-04c1-424b-9868-57a2d4851a1d" relativeResultsDirectory="f4c474b3-09c4-490b-acd1-4d9b8672a5d6" />
    <UnitTestResult executionId="fc3603cb-8dd1-4a44-886f-be57daa15478" testId="ca19abad-9dcd-1c21-6221-9ead7ac05ef7" testName="SecureFlow.Tests.Security.UploadAndAuthenticationControlTests.UploadEndpointLimitsRequestBeforeModelBinding" computerName="macbookpro" duration="00:00:00.0033416" startTime="2026-08-02T00:23:57.3185120+10:00" endTime="2026-08-02T00:23:57.3185350+10:00" testType="13cdc9d9-ddb5-4fa4-a97d-d965ccfc6d4b" outcome="Passed" testListId="8c84fa94-04c1-424b-9868-57a2d4851a1d" relativeResultsDirectory="fc3603cb-8dd1-4a44-886f-be57daa15478" />
    <UnitTestResult executionId="cf321d73-45cf-4c1e-a6e0-445f24da53d2" testId="f1116a2b-3506-e158-3498-dbfaf7276798" testName="SecureFlow.Tests.Security.AuthorizationBoundaryTests.OwnerCanReadAndModifyOwnTicket" computerName="macbookpro" duration="00:00:00.0000295" startTime="2026-08-02T00:23:57.3183160+10:00" endTime="2026-08-02T00:23:57.3183380+10:00" testType="13cdc9d9-ddb5-4fa4-a97d-d965ccfc6d4b" outcome="Passed" testListId="8c84fa94-04c1-424b-9868-57a2d4851a1d" relativeResultsDirectory="cf321d73-45cf-4c1e-a6e0-445f24da53d2" />
    <UnitTestResult executionId="4c1a6d9b-f783-40b2-97ed-75c431cd95d7" testId="4fa492d3-4b45-cb80-5d37-2e3569fd365a" testName="SecureFlow.Tests.Security.FileSecurityScannerTests.AcceptsPngSignature" computerName="macbookpro" duration="00:00:00.0001997" startTime="2026-08-02T00:23:57.3172780+10:00" endTime="2026-08-02T00:23:57.3173000+10:00" testType="13cdc9d9-ddb5-4fa4-a97d-d965ccfc6d4b" outcome="Passed" testListId="8c84fa94-04c1-424b-9868-57a2d4851a1d" relativeResultsDirectory="4c1a6d9b-f783-40b2-97ed-75c431cd95d7" />
    <UnitTestResult executionId="66f5828a-f61c-4c4a-9f07-811c5e939d9f" testId="1c7a1c16-66f3-58fa-7369-52b3fb1d3ee0" testName="SecureFlow.Tests.FileUploadValidatorTests.RemovesPathTraversalFromOriginalName" computerName="macbookpro" duration="00:00:00.0050286" startTime="2026-08-02T00:23:57.2821830+10:00" endTime="2026-08-02T00:23:57.3112280+10:00" testType="13cdc9d9-ddb5-4fa4-a97d-d965ccfc6d4b" outcome="Passed" testListId="8c84fa94-04c1-424b-9868-57a2d4851a1d" relativeResultsDirectory="66f5828a-f61c-4c4a-9f07-811c5e939d9f" />
    <UnitTestResult executionId="c966e604-a9a0-48e5-b546-f6b14f13ca26" testId="b44d7ce5-63e1-d654-eefa-ed4ca2def114" testName="SecureFlow.Tests.Security.FileSecurityScannerTests.RejectsPdfWithHtmlContent" computerName="macbookpro" duration="00:00:00.0002595" startTime="2026-08-02T00:23:57.3169490+10:00" endTime="2026-08-02T00:23:57.3169740+10:00" testType="13cdc9d9-ddb5-4fa4-a97d-d965ccfc6d4b" outcome="Passed" testListId="8c84fa94-04c1-424b-9868-57a2d4851a1d" relativeResultsDirectory="c966e604-a9a0-48e5-b546-f6b14f13ca26" />
    <UnitTestResult executionId="5f8ec159-30b9-48c5-bc9e-eb729270f25c" testId="3fe5a69d-6127-1f18-1b47-f173831ddb8b" testName="SecureFlow.Tests.Security.FileSecurityScannerTests.AcceptsJpegSignature" computerName="macbookpro" duration="00:00:00.0002546" startTime="2026-08-02T00:23:57.3168220+10:00" endTime="2026-08-02T00:23:57.3168600+10:00" testType="13cdc9d9-ddb5-4fa4-a97d-d965ccfc6d4b" outcome="Passed" testListId="8c84fa94-04c1-424b-9868-57a2d4851a1d" relativeResultsDirectory="5f8ec159-30b9-48c5-bc9e-eb729270f25c" />
    <UnitTestResult executionId="4cd7ce18-812c-4d72-a2e4-3471f7191f3c" testId="a61064cc-70a2-b961-162a-af3e222f1ebf" testName="SecureFlow.Tests.Security.AuthorizationBoundaryTests.AdminControllerRequiresTheAdministratorRole" computerName="macbookpro" duration="00:00:00.0140074" startTime="2026-08-02T00:23:57.2829820+10:00" endTime="2026-08-02T00:23:57.3175490+10:00" testType="13cdc9d9-ddb5-4fa4-a97d-d965ccfc6d4b" outcome="Passed" testListId="8c84fa94-04c1-424b-9868-57a2d4851a1d" relativeResultsDirectory="4cd7ce18-812c-4d72-a2e4-3471f7191f3c" />
    <UnitTestResult executionId="543a03f8-aed9-4cc7-899d-f79af1bb135b" testId="1afc4212-9e34-5bf9-c93c-a664cbc7d83d" testName="SecureFlow.Tests.FileUploadValidatorTests.RejectsMismatchedContentType" computerName="macbookpro" duration="00:00:00.0000252" startTime="2026-08-02T00:23:57.3120200+10:00" endTime="2026-08-02T00:23:57.3120460+10:00" testType="13cdc9d9-ddb5-4fa4-a97d-d965ccfc6d4b" outcome="Passed" testListId="8c84fa94-04c1-424b-9868-57a2d4851a1d" relativeResultsDirectory="543a03f8-aed9-4cc7-899d-f79af1bb135b" />
    <UnitTestResult executionId="dedde5d4-c6cf-4f30-92a8-d0952554e2db" testId="bb7382a3-6637-b15c-0d67-0f751ff2787f" testName="SecureFlow.Tests.FileUploadValidatorTests.RejectsOversizedFile" computerName="macbookpro" duration="00:00:00.0000250" startTime="2026-08-02T00:23:57.3113890+10:00" endTime="2026-08-02T00:23:57.3114160+10:00" testType="13cdc9d9-ddb5-4fa4-a97d-d965ccfc6d4b" outcome="Passed" testListId="8c84fa94-04c1-424b-9868-57a2d4851a1d" relativeResultsDirectory="dedde5d4-c6cf-4f30-92a8-d0952554e2db" />
    <UnitTestResult executionId="af6ab74d-0515-4cad-9e8b-cb2775069b81" testId="8dbfedc5-8319-ce88-d6af-ff68295e8fcb" testName="SecureFlow.Tests.FileUploadValidatorTests.RejectsExecutableExtension" computerName="macbookpro" duration="00:00:00.0000331" startTime="2026-08-02T00:23:57.3112980+10:00" endTime="2026-08-02T00:23:57.3113250+10:00" testType="13cdc9d9-ddb5-4fa4-a97d-d965ccfc6d4b" outcome="Passed" testListId="8c84fa94-04c1-424b-9868-57a2d4851a1d" relativeResultsDirectory="af6ab74d-0515-4cad-9e8b-cb2775069b81" />
    <UnitTestResult executionId="61cf6788-95f4-4213-8c60-457c32431bcd" testId="6ab458e2-6527-87e6-1ea0-35f1b2f5354b" testName="SecureFlow.Tests.TicketAccessServiceTests.UserCannotModifyAnotherUsersTicket" computerName="macbookpro" duration="00:00:00.0000617" startTime="2026-08-02T00:23:57.2961940+10:00" endTime="2026-08-02T00:23:57.2962260+10:00" testType="13cdc9d9-ddb5-4fa4-a97d-d965ccfc6d4b" outcome="Passed" testListId="8c84fa94-04c1-424b-9868-57a2d4851a1d" relativeResultsDirectory="61cf6788-95f4-4213-8c60-457c32431bcd" />
    <UnitTestResult executionId="86b6a532-c4b7-49c8-959a-9935e7312eaa" testId="6c0c88a0-56a2-2140-5b29-a98e262a53c1" testName="SecureFlow.Tests.Security.AuthorizationBoundaryTests.NonOwnerCannotReadAnotherUsersTicket" computerName="macbookpro" duration="00:00:00.0000868" startTime="2026-08-02T00:23:57.3180150+10:00" endTime="2026-08-02T00:23:57.3180380+10:00" testType="13cdc9d9-ddb5-4fa4-a97d-d965ccfc6d4b" outcome="Passed" testListId="8c84fa94-04c1-424b-9868-57a2d4851a1d" relativeResultsDirectory="86b6a532-c4b7-49c8-959a-9935e7312eaa" />
    <UnitTestResult executionId="dd159795-afd7-47f6-a79e-deff79c45163" testId="adfa2f9c-a294-0421-c87f-bf2acf82e005" testName="SecureFlow.Tests.Security.AuthorizationBoundaryTests.AdministratorCanReadAndModifyAnyTicket" computerName="macbookpro" duration="00:00:00.0000280" startTime="2026-08-02T00:23:57.3183900+10:00" endTime="2026-08-02T00:23:57.3184120+10:00" testType="13cdc9d9-ddb5-4fa4-a97d-d965ccfc6d4b" outcome="Passed" testListId="8c84fa94-04c1-424b-9868-57a2d4851a1d" relativeResultsDirectory="dd159795-afd7-47f6-a79e-deff79c45163" />
    <UnitTestResult executionId="a2557574-39b3-492b-94c6-2c1fde049b90" testId="f42adb4a-59b6-6ae8-661d-3f316da65d36" testName="SecureFlow.Tests.FileUploadValidatorTests.AllowsPdfWithinSizeLimit" computerName="macbookpro" duration="00:00:00.0000955" startTime="2026-08-02T00:23:57.3114810+10:00" endTime="2026-08-02T00:23:57.3115080+10:00" testType="13cdc9d9-ddb5-4fa4-a97d-d965ccfc6d4b" outcome="Passed" testListId="8c84fa94-04c1-424b-9868-57a2d4851a1d" relativeResultsDirectory="a2557574-39b3-492b-94c6-2c1fde049b90" />
    <UnitTestResult executionId="41611690-3ea3-4a41-a171-dda3dea4d4d2" testId="f13165c1-67d7-6835-343f-3aa303c0c9c2" testName="SecureFlow.Tests.TicketAccessServiceTests.OwnerCanReadOwnTicket" computerName="macbookpro" duration="00:00:00.0000395" startTime="2026-08-02T00:23:57.2963100+10:00" endTime="2026-08-02T00:23:57.2963380+10:00" testType="13cdc9d9-ddb5-4fa4-a97d-d965ccfc6d4b" outcome="Passed" testListId="8c84fa94-04c1-424b-9868-57a2d4851a1d" relativeResultsDirectory="41611690-3ea3-4a41-a171-dda3dea4d4d2" />
    <UnitTestResult executionId="0b2c3649-22ae-4033-b283-5e99c8a61f2e" testId="e7e26588-9078-6ffd-0318-8d302168c6fa" testName="SecureFlow.Tests.Security.FileSecurityScannerTests.RejectsTextContainingNullBytes" computerName="macbookpro" duration="00:00:00.0002192" startTime="2026-08-02T00:23:57.3173540+10:00" endTime="2026-08-02T00:23:57.3173760+10:00" testType="13cdc9d9-ddb5-4fa4-a97d-d965ccfc6d4b" outcome="Passed" testListId="8c84fa94-04c1-424b-9868-57a2d4851a1d" relativeResultsDirectory="0b2c3649-22ae-4033-b283-5e99c8a61f2e" />
    <UnitTestResult executionId="7d936070-d63c-4ad1-8e15-d42b34d3ab9a" testId="f5f7bd53-add0-1781-6cb5-55110c0a90f7" testName="SecureFlow.Tests.Security.UploadAndAuthenticationControlTests.LoginLimiterNormalisesIpv4MappedAddress" computerName="macbookpro" duration="00:00:00.0022226" startTime="2026-08-02T00:23:57.3189500+10:00" endTime="2026-08-02T00:23:57.3189720+10:00" testType="13cdc9d9-ddb5-4fa4-a97d-d965ccfc6d4b" outcome="Passed" testListId="8c84fa94-04c1-424b-9868-57a2d4851a1d" relativeResultsDirectory="7d936070-d63c-4ad1-8e15-d42b34d3ab9a" />
    <UnitTestResult executionId="8e0fb797-e963-4184-ae7d-7e6fbd35946b" testId="2d0c1e9c-6e7b-7e99-51a2-803823ddc622" testName="SecureFlow.Tests.Security.AuthorizationBoundaryTests.TicketsControllerRequiresAuthentication" computerName="macbookpro" duration="00:00:00.0000826" startTime="2026-08-02T00:23:57.3182410+10:00" endTime="2026-08-02T00:23:57.3182640+10:00" testType="13cdc9d9-ddb5-4fa4-a97d-d965ccfc6d4b" outcome="Passed" testListId="8c84fa94-04c1-424b-9868-57a2d4851a1d" relativeResultsDirectory="8e0fb797-e963-4184-ae7d-7e6fbd35946b" />
    <UnitTestResult executionId="4ef44019-e878-4742-8735-c31d55443f4f" testId="2eee42e3-7a2a-3503-6f30-3a6f02b58d64" testName="SecureFlow.Tests.Security.FileSecurityScannerTests.RejectsHarmlessSecurityTestMarker" computerName="macbookpro" duration="00:00:00.0002217" startTime="2026-08-02T00:23:57.3171150+10:00" endTime="2026-08-02T00:23:57.3172230+10:00" testType="13cdc9d9-ddb5-4fa4-a97d-d965ccfc6d4b" outcome="Passed" testListId="8c84fa94-04c1-424b-9868-57a2d4851a1d" relativeResultsDirectory="4ef44019-e878-4742-8735-c31d55443f4f" />
    <UnitTestResult executionId="e404d2db-76f5-497d-ad5c-35562528704d" testId="5c653dd1-ffff-4153-2a7c-fca9eb8e2b7b" testName="SecureFlow.Tests.Security.AuthorizationBoundaryTests.NonOwnerCannotModifyAnotherUsersTicket" computerName="macbookpro" duration="00:00:00.0000245" startTime="2026-08-02T00:23:57.3180910+10:00" endTime="2026-08-02T00:23:57.3181140+10:00" testType="13cdc9d9-ddb5-4fa4-a97d-d965ccfc6d4b" outcome="Passed" testListId="8c84fa94-04c1-424b-9868-57a2d4851a1d" relativeResultsDirectory="e404d2db-76f5-497d-ad5c-35562528704d" />
    <UnitTestResult executionId="6a4d158b-c852-4630-b869-16ad38e269d4" testId="6d1a9017-0d3d-ade1-16fe-6a7205479c05" testName="SecureFlow.Tests.TicketAccessServiceTests.UserCannotReadAnotherUsersTicket" computerName="macbookpro" duration="00:00:00.0030551" startTime="2026-08-02T00:23:57.2829250+10:00" endTime="2026-08-02T00:23:57.2892060+10:00" testType="13cdc9d9-ddb5-4fa4-a97d-d965ccfc6d4b" outcome="Passed" testListId="8c84fa94-04c1-424b-9868-57a2d4851a1d" relativeResultsDirectory="6a4d158b-c852-4630-b869-16ad38e269d4" />
    <UnitTestResult executionId="b4e50467-419d-45f6-a824-a1481e03ebcd" testId="0d92c874-d39c-3b78-9cf5-5eed75ec2056" testName="SecureFlow.Tests.Security.FileSecurityScannerTests.AcceptsValidUtf8Text" computerName="macbookpro" duration="00:00:00.0002588" startTime="2026-08-02T00:23:57.3170330+10:00" endTime="2026-08-02T00:23:57.3170570+10:00" testType="13cdc9d9-ddb5-4fa4-a97d-d965ccfc6d4b" outcome="Passed" testListId="8c84fa94-04c1-424b-9868-57a2d4851a1d" relativeResultsDirectory="b4e50467-419d-45f6-a824-a1481e03ebcd" />
    <UnitTestResult executionId="242f5156-84ab-463d-a079-f04276d235a0" testId="aa0ddf90-33dc-1800-98bc-7eaa3d4bd56c" testName="SecureFlow.Tests.CreateTicketViewModelTests.ShortTitleFailsValidation" computerName="macbookpro" duration="00:00:00.0015652" startTime="2026-08-02T00:23:57.3172000+10:00" endTime="2026-08-02T00:23:57.3174260+10:00" testType="13cdc9d9-ddb5-4fa4-a97d-d965ccfc6d4b" outcome="Passed" testListId="8c84fa94-04c1-424b-9868-57a2d4851a1d" relativeResultsDirectory="242f5156-84ab-463d-a079-f04276d235a0" />
    <UnitTestResult executionId="b97cdda5-cfe1-420f-aa61-9988a332cf82" testId="a26dd8fc-691b-a791-136a-59481c1639e4" testName="SecureFlow.Tests.TicketAccessServiceTests.AdminCanUseAdminFunctions" computerName="macbookpro" duration="00:00:00.0000277" startTime="2026-08-02T00:23:57.3111510+10:00" endTime="2026-08-02T00:23:57.3111800+10:00" testType="13cdc9d9-ddb5-4fa4-a97d-d965ccfc6d4b" outcome="Passed" testListId="8c84fa94-04c1-424b-9868-57a2d4851a1d" relativeResultsDirectory="b97cdda5-cfe1-420f-aa61-9988a332cf82" />
    <UnitTestResult executionId="80b75d07-13bf-4518-911d-6a40aab2125a" testId="be1fc026-2d50-57eb-2401-9a4f1dc54635" testName="SecureFlow.Tests.Security.UploadAndAuthenticationControlTests.ContentSecurityPolicyDisallowsInlineStyles" computerName="macbookpro" duration="00:00:00.0000718" startTime="2026-08-02T00:23:57.3188720+10:00" endTime="2026-08-02T00:23:57.3188950+10:00" testType="13cdc9d9-ddb5-4fa4-a97d-d965ccfc6d4b" outcome="Passed" testListId="8c84fa94-04c1-424b-9868-57a2d4851a1d" relativeResultsDirectory="80b75d07-13bf-4518-911d-6a40aab2125a" />
  </Results>
  <TestDefinitions>
    <UnitTest name="SecureFlow.Tests.Security.UploadAndAuthenticationControlTests.LoginLimiterPartitionsBySourceAddress" storage="/users/moyan/secureflow-workspace/secureflow-security-lab/tests/secureflow.tests/bin/release/net10.0/secureflow.tests.dll" id="b5cc5777-c913-daac-88dc-81a1a60f441f">
      <Execution id="ecada1bf-4ae7-45f7-bd0c-678c2e5072a0" />
      <TestMethod codeBase="/Users/moyan/SecureFlow-Workspace/SecureFlow-Security-Lab/tests/SecureFlow.Tests/bin/Release/net10.0/SecureFlow.Tests.dll" adapterTypeName="executor://xunit/VsTestRunner3/netcore/" className="SecureFlow.Tests.Security.UploadAndAuthenticationControlTests" name="LoginLimiterPartitionsBySourceAddress" />
    </UnitTest>
    <UnitTest name="SecureFlow.Tests.Security.AuthorizationBoundaryTests.AdminControllerRequiresTheAdministratorRole" storage="/users/moyan/secureflow-workspace/secureflow-security-lab/tests/secureflow.tests/bin/release/net10.0/secureflow.tests.dll" id="a61064cc-70a2-b961-162a-af3e222f1ebf">
      <Execution id="4cd7ce18-812c-4d72-a2e4-3471f7191f3c" />
      <TestMethod codeBase="/Users/moyan/SecureFlow-Workspace/SecureFlow-Security-Lab/tests/SecureFlow.Tests/bin/Release/net10.0/SecureFlow.Tests.dll" adapterTypeName="executor://xunit/VsTestRunner3/netcore/" className="SecureFlow.Tests.Security.AuthorizationBoundaryTests" name="AdminControllerRequiresTheAdministratorRole" />
    </UnitTest>
    <UnitTest name="SecureFlow.Tests.TicketAccessServiceTests.OwnerCanReadOwnTicket" storage="/users/moyan/secureflow-workspace/secureflow-security-lab/tests/secureflow.tests/bin/release/net10.0/secureflow.tests.dll" id="f13165c1-67d7-6835-343f-3aa303c0c9c2">
      <Execution id="41611690-3ea3-4a41-a171-dda3dea4d4d2" />
      <TestMethod codeBase="/Users/moyan/SecureFlow-Workspace/SecureFlow-Security-Lab/tests/SecureFlow.Tests/bin/Release/net10.0/SecureFlow.Tests.dll" adapterTypeName="executor://xunit/VsTestRunner3/netcore/" className="SecureFlow.Tests.TicketAccessServiceTests" name="OwnerCanReadOwnTicket" />
    </UnitTest>
    <UnitTest name="SecureFlow.Tests.Security.FileSecurityScannerTests.RejectsTextContainingNullBytes" storage="/users/moyan/secureflow-workspace/secureflow-security-lab/tests/secureflow.tests/bin/release/net10.0/secureflow.tests.dll" id="e7e26588-9078-6ffd-0318-8d302168c6fa">
      <Execution id="0b2c3649-22ae-4033-b283-5e99c8a61f2e" />
      <TestMethod codeBase="/Users/moyan/SecureFlow-Workspace/SecureFlow-Security-Lab/tests/SecureFlow.Tests/bin/Release/net10.0/SecureFlow.Tests.dll" adapterTypeName="executor://xunit/VsTestRunner3/netcore/" className="SecureFlow.Tests.Security.FileSecurityScannerTests" name="RejectsTextContainingNullBytes" />
    </UnitTest>
    <UnitTest name="SecureFlow.Tests.TicketAccessServiceTests.UserCannotReadAnotherUsersTicket" storage="/users/moyan/secureflow-workspace/secureflow-security-lab/tests/secureflow.tests/bin/release/net10.0/secureflow.tests.dll" id="6d1a9017-0d3d-ade1-16fe-6a7205479c05">
      <Execution id="6a4d158b-c852-4630-b869-16ad38e269d4" />
      <TestMethod codeBase="/Users/moyan/SecureFlow-Workspace/SecureFlow-Security-Lab/tests/SecureFlow.Tests/bin/Release/net10.0/SecureFlow.Tests.dll" adapterTypeName="executor://xunit/VsTestRunner3/netcore/" className="SecureFlow.Tests.TicketAccessServiceTests" name="UserCannotReadAnotherUsersTicket" />
    </UnitTest>
    <UnitTest name="SecureFlow.Tests.FileUploadValidatorTests.AllowsPdfWithinSizeLimit" storage="/users/moyan/secureflow-workspace/secureflow-security-lab/tests/secureflow.tests/bin/release/net10.0/secureflow.tests.dll" id="f42adb4a-59b6-6ae8-661d-3f316da65d36">
      <Execution id="a2557574-39b3-492b-94c6-2c1fde049b90" />
      <TestMethod codeBase="/Users/moyan/SecureFlow-Workspace/SecureFlow-Security-Lab/tests/SecureFlow.Tests/bin/Release/net10.0/SecureFlow.Tests.dll" adapterTypeName="executor://xunit/VsTestRunner3/netcore/" className="SecureFlow.Tests.FileUploadValidatorTests" name="AllowsPdfWithinSizeLimit" />
    </UnitTest>
    <UnitTest name="SecureFlow.Tests.CreateTicketViewModelTests.ShortTitleFailsValidation" storage="/users/moyan/secureflow-workspace/secureflow-security-lab/tests/secureflow.tests/bin/release/net10.0/secureflow.tests.dll" id="aa0ddf90-33dc-1800-98bc-7eaa3d4bd56c">
      <Execution id="242f5156-84ab-463d-a079-f04276d235a0" />
      <TestMethod codeBase="/Users/moyan/SecureFlow-Workspace/SecureFlow-Security-Lab/tests/SecureFlow.Tests/bin/Release/net10.0/SecureFlow.Tests.dll" adapterTypeName="executor://xunit/VsTestRunner3/netcore/" className="SecureFlow.Tests.CreateTicketViewModelTests" name="ShortTitleFailsValidation" />
    </UnitTest>
    <UnitTest name="SecureFlow.Tests.FileUploadValidatorTests.RejectsOversizedFile" storage="/users/moyan/secureflow-workspace/secureflow-security-lab/tests/secureflow.tests/bin/release/net10.0/secureflow.tests.dll" id="bb7382a3-6637-b15c-0d67-0f751ff2787f">
      <Execution id="dedde5d4-c6cf-4f30-92a8-d0952554e2db" />
      <TestMethod codeBase="/Users/moyan/SecureFlow-Workspace/SecureFlow-Security-Lab/tests/SecureFlow.Tests/bin/Release/net10.0/SecureFlow.Tests.dll" adapterTypeName="executor://xunit/VsTestRunner3/netcore/" className="SecureFlow.Tests.FileUploadValidatorTests" name="RejectsOversizedFile" />
    </UnitTest>
    <UnitTest name="SecureFlow.Tests.Security.AuthorizationBoundaryTests.OwnerCanReadAndModifyOwnTicket" storage="/users/moyan/secureflow-workspace/secureflow-security-lab/tests/secureflow.tests/bin/release/net10.0/secureflow.tests.dll" id="f1116a2b-3506-e158-3498-dbfaf7276798">
      <Execution id="cf321d73-45cf-4c1e-a6e0-445f24da53d2" />
      <TestMethod codeBase="/Users/moyan/SecureFlow-Workspace/SecureFlow-Security-Lab/tests/SecureFlow.Tests/bin/Release/net10.0/SecureFlow.Tests.dll" adapterTypeName="executor://xunit/VsTestRunner3/netcore/" className="SecureFlow.Tests.Security.AuthorizationBoundaryTests" name="OwnerCanReadAndModifyOwnTicket" />
    </UnitTest>
    <UnitTest name="SecureFlow.Tests.Security.UploadAndAuthenticationControlTests.UploadEndpointLimitsRequestBeforeModelBinding" storage="/users/moyan/secureflow-workspace/secureflow-security-lab/tests/secureflow.tests/bin/release/net10.0/secureflow.tests.dll" id="ca19abad-9dcd-1c21-6221-9ead7ac05ef7">
      <Execution id="fc3603cb-8dd1-4a44-886f-be57daa15478" />
      <TestMethod codeBase="/Users/moyan/SecureFlow-Workspace/SecureFlow-Security-Lab/tests/SecureFlow.Tests/bin/Release/net10.0/SecureFlow.Tests.dll" adapterTypeName="executor://xunit/VsTestRunner3/netcore/" className="SecureFlow.Tests.Security.UploadAndAuthenticationControlTests" name="UploadEndpointLimitsRequestBeforeModelBinding" />
    </UnitTest>
    <UnitTest name="SecureFlow.Tests.Security.AuthorizationBoundaryTests.AdministratorCanUseAdministratorFunctions" storage="/users/moyan/secureflow-workspace/secureflow-security-lab/tests/secureflow.tests/bin/release/net10.0/secureflow.tests.dll" id="b0feb852-b9cc-7990-5e12-3bc112d2910f">
      <Execution id="87f6401e-a0a8-4129-a5af-b8bd0e1b1a4c" />
      <TestMethod codeBase="/Users/moyan/SecureFlow-Workspace/SecureFlow-Security-Lab/tests/SecureFlow.Tests/bin/Release/net10.0/SecureFlow.Tests.dll" adapterTypeName="executor://xunit/VsTestRunner3/netcore/" className="SecureFlow.Tests.Security.AuthorizationBoundaryTests" name="AdministratorCanUseAdministratorFunctions" />
    </UnitTest>
    <UnitTest name="SecureFlow.Tests.Security.FileSecurityScannerTests.AcceptsValidUtf8Text" storage="/users/moyan/secureflow-workspace/secureflow-security-lab/tests/secureflow.tests/bin/release/net10.0/secureflow.tests.dll" id="0d92c874-d39c-3b78-9cf5-5eed75ec2056">
      <Execution id="b4e50467-419d-45f6-a824-a1481e03ebcd" />
      <TestMethod codeBase="/Users/moyan/SecureFlow-Workspace/SecureFlow-Security-Lab/tests/SecureFlow.Tests/bin/Release/net10.0/SecureFlow.Tests.dll" adapterTypeName="executor://xunit/VsTestRunner3/netcore/" className="SecureFlow.Tests.Security.FileSecurityScannerTests" name="AcceptsValidUtf8Text" />
    </UnitTest>
    <UnitTest name="SecureFlow.Tests.Security.FileSecurityScannerTests.AcceptsPdfWithPdfSignature" storage="/users/moyan/secureflow-workspace/secureflow-security-lab/tests/secureflow.tests/bin/release/net10.0/secureflow.tests.dll" id="df9b6f1d-c67d-01c8-c195-e9c059fa6d61">
      <Execution id="f4c474b3-09c4-490b-acd1-4d9b8672a5d6" />
      <TestMethod codeBase="/Users/moyan/SecureFlow-Workspace/SecureFlow-Security-Lab/tests/SecureFlow.Tests/bin/Release/net10.0/SecureFlow.Tests.dll" adapterTypeName="executor://xunit/VsTestRunner3/netcore/" className="SecureFlow.Tests.Security.FileSecurityScannerTests" name="AcceptsPdfWithPdfSignature" />
    </UnitTest>
    <UnitTest name="SecureFlow.Tests.FileUploadValidatorTests.RejectsEmptyFile" storage="/users/moyan/secureflow-workspace/secureflow-security-lab/tests/secureflow.tests/bin/release/net10.0/secureflow.tests.dll" id="26616ac5-c6e7-a752-66da-bace189355f2">
      <Execution id="f6d8d45f-47b9-4672-bad6-0ac1bfe0530b" />
      <TestMethod codeBase="/Users/moyan/SecureFlow-Workspace/SecureFlow-Security-Lab/tests/SecureFlow.Tests/bin/Release/net10.0/SecureFlow.Tests.dll" adapterTypeName="executor://xunit/VsTestRunner3/netcore/" className="SecureFlow.Tests.FileUploadValidatorTests" name="RejectsEmptyFile" />
    </UnitTest>
    <UnitTest name="SecureFlow.Tests.FileUploadValidatorTests.RejectsExecutableExtension" storage="/users/moyan/secureflow-workspace/secureflow-security-lab/tests/secureflow.tests/bin/release/net10.0/secureflow.tests.dll" id="8dbfedc5-8319-ce88-d6af-ff68295e8fcb">
      <Execution id="af6ab74d-0515-4cad-9e8b-cb2775069b81" />
      <TestMethod codeBase="/Users/moyan/SecureFlow-Workspace/SecureFlow-Security-Lab/tests/SecureFlow.Tests/bin/Release/net10.0/SecureFlow.Tests.dll" adapterTypeName="executor://xunit/VsTestRunner3/netcore/" className="SecureFlow.Tests.FileUploadValidatorTests" name="RejectsExecutableExtension" />
    </UnitTest>
    <UnitTest name="SecureFlow.Tests.FileUploadValidatorTests.RemovesPathTraversalFromOriginalName" storage="/users/moyan/secureflow-workspace/secureflow-security-lab/tests/secureflow.tests/bin/release/net10.0/secureflow.tests.dll" id="1c7a1c16-66f3-58fa-7369-52b3fb1d3ee0">
      <Execution id="66f5828a-f61c-4c4a-9f07-811c5e939d9f" />
      <TestMethod codeBase="/Users/moyan/SecureFlow-Workspace/SecureFlow-Security-Lab/tests/SecureFlow.Tests/bin/Release/net10.0/SecureFlow.Tests.dll" adapterTypeName="executor://xunit/VsTestRunner3/netcore/" className="SecureFlow.Tests.FileUploadValidatorTests" name="RemovesPathTraversalFromOriginalName" />
    </UnitTest>
    <UnitTest name="SecureFlow.Tests.TicketAccessServiceTests.NormalUserCannotUseAdminFunctions" storage="/users/moyan/secureflow-workspace/secureflow-security-lab/tests/secureflow.tests/bin/release/net10.0/secureflow.tests.dll" id="afa781c6-a3e7-1a11-19e0-0f6671446614">
      <Execution id="cf6bf8bf-a555-47a0-b83a-a6829a80ee3b" />
      <TestMethod codeBase="/Users/moyan/SecureFlow-Workspace/SecureFlow-Security-Lab/tests/SecureFlow.Tests/bin/Release/net10.0/SecureFlow.Tests.dll" adapterTypeName="executor://xunit/VsTestRunner3/netcore/" className="SecureFlow.Tests.TicketAccessServiceTests" name="NormalUserCannotUseAdminFunctions" />
    </UnitTest>
    <UnitTest name="SecureFlow.Tests.Security.UploadAndAuthenticationControlTests.LoginLimiterNormalisesIpv4MappedAddress" storage="/users/moyan/secureflow-workspace/secureflow-security-lab/tests/secureflow.tests/bin/release/net10.0/secureflow.tests.dll" id="f5f7bd53-add0-1781-6cb5-55110c0a90f7">
      <Execution id="7d936070-d63c-4ad1-8e15-d42b34d3ab9a" />
      <TestMethod codeBase="/Users/moyan/SecureFlow-Workspace/SecureFlow-Security-Lab/tests/SecureFlow.Tests/bin/Release/net10.0/SecureFlow.Tests.dll" adapterTypeName="executor://xunit/VsTestRunner3/netcore/" className="SecureFlow.Tests.Security.UploadAndAuthenticationControlTests" name="LoginLimiterNormalisesIpv4MappedAddress" />
    </UnitTest>
    <UnitTest name="SecureFlow.Tests.TicketAccessServiceTests.AdminCanReadAnotherUsersTicket" storage="/users/moyan/secureflow-workspace/secureflow-security-lab/tests/secureflow.tests/bin/release/net10.0/secureflow.tests.dll" id="bef68d10-0705-1255-6a16-8f0ce06f02a4">
      <Execution id="bc138843-b68f-4ac4-b542-b3f357fc8292" />
      <TestMethod codeBase="/Users/moyan/SecureFlow-Workspace/SecureFlow-Security-Lab/tests/SecureFlow.Tests/bin/Release/net10.0/SecureFlow.Tests.dll" adapterTypeName="executor://xunit/VsTestRunner3/netcore/" className="SecureFlow.Tests.TicketAccessServiceTests" name="AdminCanReadAnotherUsersTicket" />
    </UnitTest>
    <UnitTest name="SecureFlow.Tests.Security.FileSecurityScannerTests.RejectsHarmlessSecurityTestMarker" storage="/users/moyan/secureflow-workspace/secureflow-security-lab/tests/secureflow.tests/bin/release/net10.0/secureflow.tests.dll" id="2eee42e3-7a2a-3503-6f30-3a6f02b58d64">
      <Execution id="4ef44019-e878-4742-8735-c31d55443f4f" />
      <TestMethod codeBase="/Users/moyan/SecureFlow-Workspace/SecureFlow-Security-Lab/tests/SecureFlow.Tests/bin/Release/net10.0/SecureFlow.Tests.dll" adapterTypeName="executor://xunit/VsTestRunner3/netcore/" className="SecureFlow.Tests.Security.FileSecurityScannerTests" name="RejectsHarmlessSecurityTestMarker" />
    </UnitTest>
    <UnitTest name="SecureFlow.Tests.Security.FileSecurityScannerTests.AcceptsPngSignature" storage="/users/moyan/secureflow-workspace/secureflow-security-lab/tests/secureflow.tests/bin/release/net10.0/secureflow.tests.dll" id="4fa492d3-4b45-cb80-5d37-2e3569fd365a">
      <Execution id="4c1a6d9b-f783-40b2-97ed-75c431cd95d7" />
      <TestMethod codeBase="/Users/moyan/SecureFlow-Workspace/SecureFlow-Security-Lab/tests/SecureFlow.Tests/bin/Release/net10.0/SecureFlow.Tests.dll" adapterTypeName="executor://xunit/VsTestRunner3/netcore/" className="SecureFlow.Tests.Security.FileSecurityScannerTests" name="AcceptsPngSignature" />
    </UnitTest>
    <UnitTest name="SecureFlow.Tests.Security.AuthorizationBoundaryTests.NormalUserCannotUseAdministratorFunctions" storage="/users/moyan/secureflow-workspace/secureflow-security-lab/tests/secureflow.tests/bin/release/net10.0/secureflow.tests.dll" id="2df55b6a-7f8e-4661-6944-b0470eb1dba0">
      <Execution id="11982ad5-9e6e-43bd-91ce-8aa2bc0cf58c" />
      <TestMethod codeBase="/Users/moyan/SecureFlow-Workspace/SecureFlow-Security-Lab/tests/SecureFlow.Tests/bin/Release/net10.0/SecureFlow.Tests.dll" adapterTypeName="executor://xunit/VsTestRunner3/netcore/" className="SecureFlow.Tests.Security.AuthorizationBoundaryTests" name="NormalUserCannotUseAdministratorFunctions" />
    </UnitTest>
    <UnitTest name="SecureFlow.Tests.CreateTicketViewModelTests.ShortDescriptionFailsValidation" storage="/users/moyan/secureflow-workspace/secureflow-security-lab/tests/secureflow.tests/bin/release/net10.0/secureflow.tests.dll" id="4ebedf60-660c-8484-95e7-f7654b526541">
      <Execution id="6acfa92b-5ba3-421c-83c0-afb9378b2955" />
      <TestMethod codeBase="/Users/moyan/SecureFlow-Workspace/SecureFlow-Security-Lab/tests/SecureFlow.Tests/bin/Release/net10.0/SecureFlow.Tests.dll" adapterTypeName="executor://xunit/VsTestRunner3/netcore/" className="SecureFlow.Tests.CreateTicketViewModelTests" name="ShortDescriptionFailsValidation" />
    </UnitTest>
    <UnitTest name="SecureFlow.Tests.Security.AuthorizationBoundaryTests.NonOwnerCannotReadAnotherUsersTicket" storage="/users/moyan/secureflow-workspace/secureflow-security-lab/tests/secureflow.tests/bin/release/net10.0/secureflow.tests.dll" id="6c0c88a0-56a2-2140-5b29-a98e262a53c1">
      <Execution id="86b6a532-c4b7-49c8-959a-9935e7312eaa" />
      <TestMethod codeBase="/Users/moyan/SecureFlow-Workspace/SecureFlow-Security-Lab/tests/SecureFlow.Tests/bin/Release/net10.0/SecureFlow.Tests.dll" adapterTypeName="executor://xunit/VsTestRunner3/netcore/" className="SecureFlow.Tests.Security.AuthorizationBoundaryTests" name="NonOwnerCannotReadAnotherUsersTicket" />
    </UnitTest>
    <UnitTest name="SecureFlow.Tests.TicketAccessServiceTests.UserCannotModifyAnotherUsersTicket" storage="/users/moyan/secureflow-workspace/secureflow-security-lab/tests/secureflow.tests/bin/release/net10.0/secureflow.tests.dll" id="6ab458e2-6527-87e6-1ea0-35f1b2f5354b">
      <Execution id="61cf6788-95f4-4213-8c60-457c32431bcd" />
      <TestMethod codeBase="/Users/moyan/SecureFlow-Workspace/SecureFlow-Security-Lab/tests/SecureFlow.Tests/bin/Release/net10.0/SecureFlow.Tests.dll" adapterTypeName="executor://xunit/VsTestRunner3/netcore/" className="SecureFlow.Tests.TicketAccessServiceTests" name="UserCannotModifyAnotherUsersTicket" />
    </UnitTest>
    <UnitTest name="SecureFlow.Tests.Security.UploadAndAuthenticationControlTests.ContentSecurityPolicyDisallowsInlineStyles" storage="/users/moyan/secureflow-workspace/secureflow-security-lab/tests/secureflow.tests/bin/release/net10.0/secureflow.tests.dll" id="be1fc026-2d50-57eb-2401-9a4f1dc54635">
      <Execution id="80b75d07-13bf-4518-911d-6a40aab2125a" />
      <TestMethod codeBase="/Users/moyan/SecureFlow-Workspace/SecureFlow-Security-Lab/tests/SecureFlow.Tests/bin/Release/net10.0/SecureFlow.Tests.dll" adapterTypeName="executor://xunit/VsTestRunner3/netcore/" className="SecureFlow.Tests.Security.UploadAndAuthenticationControlTests" name="ContentSecurityPolicyDisallowsInlineStyles" />
    </UnitTest>
    <UnitTest name="SecureFlow.Tests.Security.AuthorizationBoundaryTests.AdministratorCanReadAndModifyAnyTicket" storage="/users/moyan/secureflow-workspace/secureflow-security-lab/tests/secureflow.tests/bin/release/net10.0/secureflow.tests.dll" id="adfa2f9c-a294-0421-c87f-bf2acf82e005">
      <Execution id="dd159795-afd7-47f6-a79e-deff79c45163" />
      <TestMethod codeBase="/Users/moyan/SecureFlow-Workspace/SecureFlow-Security-Lab/tests/SecureFlow.Tests/bin/Release/net10.0/SecureFlow.Tests.dll" adapterTypeName="executor://xunit/VsTestRunner3/netcore/" className="SecureFlow.Tests.Security.AuthorizationBoundaryTests" name="AdministratorCanReadAndModifyAnyTicket" />
    </UnitTest>
    <UnitTest name="SecureFlow.Tests.CreateTicketViewModelTests.ValidInputPassesValidation" storage="/users/moyan/secureflow-workspace/secureflow-security-lab/tests/secureflow.tests/bin/release/net10.0/secureflow.tests.dll" id="cbbd54a8-23c5-bdbf-e886-a4608bb79c6c">
      <Execution id="c7f9a12a-4f40-46e6-929d-819f24269185" />
      <TestMethod codeBase="/Users/moyan/SecureFlow-Workspace/SecureFlow-Security-Lab/tests/SecureFlow.Tests/bin/Release/net10.0/SecureFlow.Tests.dll" adapterTypeName="executor://xunit/VsTestRunner3/netcore/" className="SecureFlow.Tests.CreateTicketViewModelTests" name="ValidInputPassesValidation" />
    </UnitTest>
    <UnitTest name="SecureFlow.Tests.FileUploadValidatorTests.RejectsMismatchedContentType" storage="/users/moyan/secureflow-workspace/secureflow-security-lab/tests/secureflow.tests/bin/release/net10.0/secureflow.tests.dll" id="1afc4212-9e34-5bf9-c93c-a664cbc7d83d">
      <Execution id="543a03f8-aed9-4cc7-899d-f79af1bb135b" />
      <TestMethod codeBase="/Users/moyan/SecureFlow-Workspace/SecureFlow-Security-Lab/tests/SecureFlow.Tests/bin/Release/net10.0/SecureFlow.Tests.dll" adapterTypeName="executor://xunit/VsTestRunner3/netcore/" className="SecureFlow.Tests.FileUploadValidatorTests" name="RejectsMismatchedContentType" />
    </UnitTest>
    <UnitTest name="SecureFlow.Tests.Security.FileSecurityScannerTests.RejectsPdfWithHtmlContent" storage="/users/moyan/secureflow-workspace/secureflow-security-lab/tests/secureflow.tests/bin/release/net10.0/secureflow.tests.dll" id="b44d7ce5-63e1-d654-eefa-ed4ca2def114">
      <Execution id="c966e604-a9a0-48e5-b546-f6b14f13ca26" />
      <TestMethod codeBase="/Users/moyan/SecureFlow-Workspace/SecureFlow-Security-Lab/tests/SecureFlow.Tests/bin/Release/net10.0/SecureFlow.Tests.dll" adapterTypeName="executor://xunit/VsTestRunner3/netcore/" className="SecureFlow.Tests.Security.FileSecurityScannerTests" name="RejectsPdfWithHtmlContent" />
    </UnitTest>
    <UnitTest name="SecureFlow.Tests.Security.AuthorizationBoundaryTests.NonOwnerCannotModifyAnotherUsersTicket" storage="/users/moyan/secureflow-workspace/secureflow-security-lab/tests/secureflow.tests/bin/release/net10.0/secureflow.tests.dll" id="5c653dd1-ffff-4153-2a7c-fca9eb8e2b7b">
      <Execution id="e404d2db-76f5-497d-ad5c-35562528704d" />
      <TestMethod codeBase="/Users/moyan/SecureFlow-Workspace/SecureFlow-Security-Lab/tests/SecureFlow.Tests/bin/Release/net10.0/SecureFlow.Tests.dll" adapterTypeName="executor://xunit/VsTestRunner3/netcore/" className="SecureFlow.Tests.Security.AuthorizationBoundaryTests" name="NonOwnerCannotModifyAnotherUsersTicket" />
    </UnitTest>
    <UnitTest name="SecureFlow.Tests.TicketAccessServiceTests.AdminCanUseAdminFunctions" storage="/users/moyan/secureflow-workspace/secureflow-security-lab/tests/secureflow.tests/bin/release/net10.0/secureflow.tests.dll" id="a26dd8fc-691b-a791-136a-59481c1639e4">
      <Execution id="b97cdda5-cfe1-420f-aa61-9988a332cf82" />
      <TestMethod codeBase="/Users/moyan/SecureFlow-Workspace/SecureFlow-Security-Lab/tests/SecureFlow.Tests/bin/Release/net10.0/SecureFlow.Tests.dll" adapterTypeName="executor://xunit/VsTestRunner3/netcore/" className="SecureFlow.Tests.TicketAccessServiceTests" name="AdminCanUseAdminFunctions" />
    </UnitTest>
    <UnitTest name="SecureFlow.Tests.Security.AuthorizationBoundaryTests.TicketsControllerRequiresAuthentication" storage="/users/moyan/secureflow-workspace/secureflow-security-lab/tests/secureflow.tests/bin/release/net10.0/secureflow.tests.dll" id="2d0c1e9c-6e7b-7e99-51a2-803823ddc622">
      <Execution id="8e0fb797-e963-4184-ae7d-7e6fbd35946b" />
      <TestMethod codeBase="/Users/moyan/SecureFlow-Workspace/SecureFlow-Security-Lab/tests/SecureFlow.Tests/bin/Release/net10.0/SecureFlow.Tests.dll" adapterTypeName="executor://xunit/VsTestRunner3/netcore/" className="SecureFlow.Tests.Security.AuthorizationBoundaryTests" name="TicketsControllerRequiresAuthentication" />
    </UnitTest>
    <UnitTest name="SecureFlow.Tests.Security.FileSecurityScannerTests.AcceptsJpegSignature" storage="/users/moyan/secureflow-workspace/secureflow-security-lab/tests/secureflow.tests/bin/release/net10.0/secureflow.tests.dll" id="3fe5a69d-6127-1f18-1b47-f173831ddb8b">
      <Execution id="5f8ec159-30b9-48c5-bc9e-eb729270f25c" />
      <TestMethod codeBase="/Users/moyan/SecureFlow-Workspace/SecureFlow-Security-Lab/tests/SecureFlow.Tests/bin/Release/net10.0/SecureFlow.Tests.dll" adapterTypeName="executor://xunit/VsTestRunner3/netcore/" className="SecureFlow.Tests.Security.FileSecurityScannerTests" name="AcceptsJpegSignature" />
    </UnitTest>
  </TestDefinitions>
  <TestEntries>
    <TestEntry testId="afa781c6-a3e7-1a11-19e0-0f6671446614" executionId="cf6bf8bf-a555-47a0-b83a-a6829a80ee3b" testListId="8c84fa94-04c1-424b-9868-57a2d4851a1d" />
    <TestEntry testId="26616ac5-c6e7-a752-66da-bace189355f2" executionId="f6d8d45f-47b9-4672-bad6-0ac1bfe0530b" testListId="8c84fa94-04c1-424b-9868-57a2d4851a1d" />
    <TestEntry testId="2df55b6a-7f8e-4661-6944-b0470eb1dba0" executionId="11982ad5-9e6e-43bd-91ce-8aa2bc0cf58c" testListId="8c84fa94-04c1-424b-9868-57a2d4851a1d" />
    <TestEntry testId="b5cc5777-c913-daac-88dc-81a1a60f441f" executionId="ecada1bf-4ae7-45f7-bd0c-678c2e5072a0" testListId="8c84fa94-04c1-424b-9868-57a2d4851a1d" />
    <TestEntry testId="4ebedf60-660c-8484-95e7-f7654b526541" executionId="6acfa92b-5ba3-421c-83c0-afb9378b2955" testListId="8c84fa94-04c1-424b-9868-57a2d4851a1d" />
    <TestEntry testId="bef68d10-0705-1255-6a16-8f0ce06f02a4" executionId="bc138843-b68f-4ac4-b542-b3f357fc8292" testListId="8c84fa94-04c1-424b-9868-57a2d4851a1d" />
    <TestEntry testId="cbbd54a8-23c5-bdbf-e886-a4608bb79c6c" executionId="c7f9a12a-4f40-46e6-929d-819f24269185" testListId="8c84fa94-04c1-424b-9868-57a2d4851a1d" />
    <TestEntry testId="b0feb852-b9cc-7990-5e12-3bc112d2910f" executionId="87f6401e-a0a8-4129-a5af-b8bd0e1b1a4c" testListId="8c84fa94-04c1-424b-9868-57a2d4851a1d" />
    <TestEntry testId="df9b6f1d-c67d-01c8-c195-e9c059fa6d61" executionId="f4c474b3-09c4-490b-acd1-4d9b8672a5d6" testListId="8c84fa94-04c1-424b-9868-57a2d4851a1d" />
    <TestEntry testId="ca19abad-9dcd-1c21-6221-9ead7ac05ef7" executionId="fc3603cb-8dd1-4a44-886f-be57daa15478" testListId="8c84fa94-04c1-424b-9868-57a2d4851a1d" />
    <TestEntry testId="f1116a2b-3506-e158-3498-dbfaf7276798" executionId="cf321d73-45cf-4c1e-a6e0-445f24da53d2" testListId="8c84fa94-04c1-424b-9868-57a2d4851a1d" />
    <TestEntry testId="4fa492d3-4b45-cb80-5d37-2e3569fd365a" executionId="4c1a6d9b-f783-40b2-97ed-75c431cd95d7" testListId="8c84fa94-04c1-424b-9868-57a2d4851a1d" />
    <TestEntry testId="1c7a1c16-66f3-58fa-7369-52b3fb1d3ee0" executionId="66f5828a-f61c-4c4a-9f07-811c5e939d9f" testListId="8c84fa94-04c1-424b-9868-57a2d4851a1d" />
    <TestEntry testId="b44d7ce5-63e1-d654-eefa-ed4ca2def114" executionId="c966e604-a9a0-48e5-b546-f6b14f13ca26" testListId="8c84fa94-04c1-424b-9868-57a2d4851a1d" />
    <TestEntry testId="3fe5a69d-6127-1f18-1b47-f173831ddb8b" executionId="5f8ec159-30b9-48c5-bc9e-eb729270f25c" testListId="8c84fa94-04c1-424b-9868-57a2d4851a1d" />
    <TestEntry testId="a61064cc-70a2-b961-162a-af3e222f1ebf" executionId="4cd7ce18-812c-4d72-a2e4-3471f7191f3c" testListId="8c84fa94-04c1-424b-9868-57a2d4851a1d" />
    <TestEntry testId="1afc4212-9e34-5bf9-c93c-a664cbc7d83d" executionId="543a03f8-aed9-4cc7-899d-f79af1bb135b" testListId="8c84fa94-04c1-424b-9868-57a2d4851a1d" />
    <TestEntry testId="bb7382a3-6637-b15c-0d67-0f751ff2787f" executionId="dedde5d4-c6cf-4f30-92a8-d0952554e2db" testListId="8c84fa94-04c1-424b-9868-57a2d4851a1d" />
    <TestEntry testId="8dbfedc5-8319-ce88-d6af-ff68295e8fcb" executionId="af6ab74d-0515-4cad-9e8b-cb2775069b81" testListId="8c84fa94-04c1-424b-9868-57a2d4851a1d" />
    <TestEntry testId="6ab458e2-6527-87e6-1ea0-35f1b2f5354b" executionId="61cf6788-95f4-4213-8c60-457c32431bcd" testListId="8c84fa94-04c1-424b-9868-57a2d4851a1d" />
    <TestEntry testId="6c0c88a0-56a2-2140-5b29-a98e262a53c1" executionId="86b6a532-c4b7-49c8-959a-9935e7312eaa" testListId="8c84fa94-04c1-424b-9868-57a2d4851a1d" />
    <TestEntry testId="adfa2f9c-a294-0421-c87f-bf2acf82e005" executionId="dd159795-afd7-47f6-a79e-deff79c45163" testListId="8c84fa94-04c1-424b-9868-57a2d4851a1d" />
    <TestEntry testId="f42adb4a-59b6-6ae8-661d-3f316da65d36" executionId="a2557574-39b3-492b-94c6-2c1fde049b90" testListId="8c84fa94-04c1-424b-9868-57a2d4851a1d" />
    <TestEntry testId="f13165c1-67d7-6835-343f-3aa303c0c9c2" executionId="41611690-3ea3-4a41-a171-dda3dea4d4d2" testListId="8c84fa94-04c1-424b-9868-57a2d4851a1d" />
    <TestEntry testId="e7e26588-9078-6ffd-0318-8d302168c6fa" executionId="0b2c3649-22ae-4033-b283-5e99c8a61f2e" testListId="8c84fa94-04c1-424b-9868-57a2d4851a1d" />
    <TestEntry testId="f5f7bd53-add0-1781-6cb5-55110c0a90f7" executionId="7d936070-d63c-4ad1-8e15-d42b34d3ab9a" testListId="8c84fa94-04c1-424b-9868-57a2d4851a1d" />
    <TestEntry testId="2d0c1e9c-6e7b-7e99-51a2-803823ddc622" executionId="8e0fb797-e963-4184-ae7d-7e6fbd35946b" testListId="8c84fa94-04c1-424b-9868-57a2d4851a1d" />
    <TestEntry testId="2eee42e3-7a2a-3503-6f30-3a6f02b58d64" executionId="4ef44019-e878-4742-8735-c31d55443f4f" testListId="8c84fa94-04c1-424b-9868-57a2d4851a1d" />
    <TestEntry testId="5c653dd1-ffff-4153-2a7c-fca9eb8e2b7b" executionId="e404d2db-76f5-497d-ad5c-35562528704d" testListId="8c84fa94-04c1-424b-9868-57a2d4851a1d" />
    <TestEntry testId="6d1a9017-0d3d-ade1-16fe-6a7205479c05" executionId="6a4d158b-c852-4630-b869-16ad38e269d4" testListId="8c84fa94-04c1-424b-9868-57a2d4851a1d" />
    <TestEntry testId="0d92c874-d39c-3b78-9cf5-5eed75ec2056" executionId="b4e50467-419d-45f6-a824-a1481e03ebcd" testListId="8c84fa94-04c1-424b-9868-57a2d4851a1d" />
    <TestEntry testId="aa0ddf90-33dc-1800-98bc-7eaa3d4bd56c" executionId="242f5156-84ab-463d-a079-f04276d235a0" testListId="8c84fa94-04c1-424b-9868-57a2d4851a1d" />
    <TestEntry testId="a26dd8fc-691b-a791-136a-59481c1639e4" executionId="b97cdda5-cfe1-420f-aa61-9988a332cf82" testListId="8c84fa94-04c1-424b-9868-57a2d4851a1d" />
    <TestEntry testId="be1fc026-2d50-57eb-2401-9a4f1dc54635" executionId="80b75d07-13bf-4518-911d-6a40aab2125a" testListId="8c84fa94-04c1-424b-9868-57a2d4851a1d" />
  </TestEntries>
  <TestLists>
    <TestList name="Results Not in a List" id="8c84fa94-04c1-424b-9868-57a2d4851a1d" />
    <TestList name="All Loaded Results" id="19431567-8539-422a-85d7-44ee4e166bda" />
  </TestLists>
  <ResultSummary outcome="Completed">
    <Counters total="34" executed="34" passed="34" failed="0" error="0" timeout="0" aborted="0" inconclusive="0" passedButRunAborted="0" notRunnable="0" notExecuted="0" disconnected="0" warning="0" completed="0" inProgress="0" pending="0" />
    <Output>
      <StdOut>[xUnit.net 00:00:00.00] xUnit.net VSTest Adapter v3.1.4+50e68bbb8b (64-bit .NET 10.0.10)
[xUnit.net 00:00:00.04]   Discovering: SecureFlow.Tests
[xUnit.net 00:00:00.06]   Discovered:  SecureFlow.Tests
[xUnit.net 00:00:00.08]   Starting:    SecureFlow.Tests
[xUnit.net 00:00:00.13]   Finished:    SecureFlow.Tests
</StdOut>
    </Output>
  </ResultSummary>
</TestRun>