<?xml version="1.0" encoding="utf-8"?>
<TestRun id="a3aa00b1-3e8b-4732-8f8b-760e9e51d1cb" name="@macbookpro 2026-08-02 00:42:14" xmlns="http://microsoft.com/schemas/VisualStudio/TeamTest/2010">
  <Times creation="2026-08-02T00:42:14.3813610+10:00" queuing="2026-08-02T00:42:14.3813610+10:00" start="2026-08-02T00:42:13.8864640+10:00" finish="2026-08-02T00:42:14.4011870+10:00" />
  <TestSettings name="default" id="418ebed1-d176-4c19-a765-bb662dd7b8c0">
    <Deployment runDeploymentRoot="_macbookpro_2026-08-02_00_42_14" />
  </TestSettings>
  <Results>
    <UnitTestResult executionId="236bd22f-2049-4b60-a632-c00f5cd8b5ba" testId="f13165c1-67d7-6835-343f-3aa303c0c9c2" testName="SecureFlow.Tests.TicketAccessServiceTests.OwnerCanReadOwnTicket" computerName="macbookpro" duration="00:00:00.0000948" startTime="2026-08-02T00:42:14.3544960+10:00" endTime="2026-08-02T00:42:14.3545230+10:00" testType="13cdc9d9-ddb5-4fa4-a97d-d965ccfc6d4b" outcome="Passed" testListId="8c84fa94-04c1-424b-9868-57a2d4851a1d" relativeResultsDirectory="236bd22f-2049-4b60-a632-c00f5cd8b5ba" />
    <UnitTestResult executionId="b8d2f53e-b92b-4dd2-82a7-f412a79236f7" testId="b0feb852-b9cc-7990-5e12-3bc112d2910f" testName="SecureFlow.Tests.Security.AuthorizationBoundaryTests.AdministratorCanUseAdministratorFunctions" computerName="macbookpro" duration="00:00:00.0000191" startTime="2026-08-02T00:42:14.3608570+10:00" endTime="2026-08-02T00:42:14.3608790+10:00" testType="13cdc9d9-ddb5-4fa4-a97d-d965ccfc6d4b" outcome="Passed" testListId="8c84fa94-04c1-424b-9868-57a2d4851a1d" relativeResultsDirectory="b8d2f53e-b92b-4dd2-82a7-f412a79236f7" />
    <UnitTestResult executionId="8bf0f852-84a2-4817-86d3-cdb9e4398931" testId="3fe5a69d-6127-1f18-1b47-f173831ddb8b" testName="SecureFlow.Tests.Security.FileSecurityScannerTests.AcceptsJpegSignature" computerName="macbookpro" duration="00:00:00.0002399" startTime="2026-08-02T00:42:14.3376260+10:00" endTime="2026-08-02T00:42:14.3542980+10:00" testType="13cdc9d9-ddb5-4fa4-a97d-d965ccfc6d4b" outcome="Passed" testListId="8c84fa94-04c1-424b-9868-57a2d4851a1d" relativeResultsDirectory="8bf0f852-84a2-4817-86d3-cdb9e4398931" />
    <UnitTestResult executionId="001012b7-2f42-4571-8c54-17d126fc516a" testId="ca19abad-9dcd-1c21-6221-9ead7ac05ef7" testName="SecureFlow.Tests.Security.UploadAndAuthenticationControlTests.UploadEndpointLimitsRequestBeforeModelBinding" computerName="macbookpro" duration="00:00:00.0035619" startTime="2026-08-02T00:42:14.3615280+10:00" endTime="2026-08-02T00:42:14.3615520+10:00" testType="13cdc9d9-ddb5-4fa4-a97d-d965ccfc6d4b" outcome="Passed" testListId="8c84fa94-04c1-424b-9868-57a2d4851a1d" relativeResultsDirectory="001012b7-2f42-4571-8c54-17d126fc516a" />
    <UnitTestResult executionId="2f68698c-3d9c-4ade-a06c-355295766a14" testId="2eee42e3-7a2a-3503-6f30-3a6f02b58d64" testName="SecureFlow.Tests.Security.FileSecurityScannerTests.RejectsHarmlessSecurityTestMarker" computerName="macbookpro" duration="00:00:00.0002509" startTime="2026-08-02T00:42:14.3590670+10:00" endTime="2026-08-02T00:42:14.3590910+10:00" testType="13cdc9d9-ddb5-4fa4-a97d-d965ccfc6d4b" outcome="Passed" testListId="8c84fa94-04c1-424b-9868-57a2d4851a1d" relativeResultsDirectory="2f68698c-3d9c-4ade-a06c-355295766a14" />
    <UnitTestResult executionId="fc95f7da-9b40-461d-8006-6cba0bd13885" testId="b5cc5777-c913-daac-88dc-81a1a60f441f" testName="SecureFlow.Tests.Security.UploadAndAuthenticationControlTests.LoginLimiterPartitionsBySourceAddress" computerName="macbookpro" duration="00:00:00.0209454" startTime="2026-08-02T00:42:14.3206070+10:00" endTime="2026-08-02T00:42:14.3611510+10:00" testType="13cdc9d9-ddb5-4fa4-a97d-d965ccfc6d4b" outcome="Passed" testListId="8c84fa94-04c1-424b-9868-57a2d4851a1d" relativeResultsDirectory="fc95f7da-9b40-461d-8006-6cba0bd13885" />
    <UnitTestResult executionId="00953797-3cd5-4d7f-b6cd-e3cc96fcde1b" testId="0d92c874-d39c-3b78-9cf5-5eed75ec2056" testName="SecureFlow.Tests.Security.FileSecurityScannerTests.AcceptsValidUtf8Text" computerName="macbookpro" duration="00:00:00.0003878" startTime="2026-08-02T00:42:14.3588580+10:00" endTime="2026-08-02T00:42:14.3590120+10:00" testType="13cdc9d9-ddb5-4fa4-a97d-d965ccfc6d4b" outcome="Passed" testListId="8c84fa94-04c1-424b-9868-57a2d4851a1d" relativeResultsDirectory="00953797-3cd5-4d7f-b6cd-e3cc96fcde1b" />
    <UnitTestResult executionId="aba56320-9131-4579-88dd-66090a547a8e" testId="6ab458e2-6527-87e6-1ea0-35f1b2f5354b" testName="SecureFlow.Tests.TicketAccessServiceTests.UserCannotModifyAnotherUsersTicket" computerName="macbookpro" duration="00:00:00.0001705" startTime="2026-08-02T00:42:14.3540820+10:00" endTime="2026-08-02T00:42:14.3544330+10:00" testType="13cdc9d9-ddb5-4fa4-a97d-d965ccfc6d4b" outcome="Passed" testListId="8c84fa94-04c1-424b-9868-57a2d4851a1d" relativeResultsDirectory="aba56320-9131-4579-88dd-66090a547a8e" />
    <UnitTestResult executionId="e0d0bd5f-46aa-4361-92dd-76ad3c3570a3" testId="2d0c1e9c-6e7b-7e99-51a2-803823ddc622" testName="SecureFlow.Tests.Security.AuthorizationBoundaryTests.TicketsControllerRequiresAuthentication" computerName="macbookpro" duration="00:00:00.0000970" startTime="2026-08-02T00:42:14.3609320+10:00" endTime="2026-08-02T00:42:14.3609550+10:00" testType="13cdc9d9-ddb5-4fa4-a97d-d965ccfc6d4b" outcome="Passed" testListId="8c84fa94-04c1-424b-9868-57a2d4851a1d" relativeResultsDirectory="e0d0bd5f-46aa-4361-92dd-76ad3c3570a3" />
    <UnitTestResult executionId="6fa617b4-441e-4881-adf8-e74a2eed54da" testId="aa0ddf90-33dc-1800-98bc-7eaa3d4bd56c" testName="SecureFlow.Tests.CreateTicketViewModelTests.ShortTitleFailsValidation" computerName="macbookpro" duration="00:00:00.0024170" startTime="2026-08-02T00:42:14.3592240+10:00" endTime="2026-08-02T00:42:14.3600570+10:00" testType="13cdc9d9-ddb5-4fa4-a97d-d965ccfc6d4b" outcome="Passed" testListId="8c84fa94-04c1-424b-9868-57a2d4851a1d" relativeResultsDirectory="6fa617b4-441e-4881-adf8-e74a2eed54da" />
    <UnitTestResult executionId="6d43a618-5177-4a0d-855c-dba06af1b7ee" testId="f5f7bd53-add0-1781-6cb5-55110c0a90f7" testName="SecureFlow.Tests.Security.UploadAndAuthenticationControlTests.LoginLimiterNormalisesIpv4MappedAddress" computerName="macbookpro" duration="00:00:00.0022329" startTime="2026-08-02T00:42:14.3616820+10:00" endTime="2026-08-02T00:42:14.3617040+10:00" testType="13cdc9d9-ddb5-4fa4-a97d-d965ccfc6d4b" outcome="Passed" testListId="8c84fa94-04c1-424b-9868-57a2d4851a1d" relativeResultsDirectory="6d43a618-5177-4a0d-855c-dba06af1b7ee" />
    <UnitTestResult executionId="2a577a54-fc7e-40a5-965b-a4028efcd222" testId="bef68d10-0705-1255-6a16-8f0ce06f02a4" testName="SecureFlow.Tests.TicketAccessServiceTests.AdminCanReadAnotherUsersTicket" computerName="macbookpro" duration="00:00:00.0001182" startTime="2026-08-02T00:42:14.3376150+10:00" endTime="2026-08-02T00:42:14.3540060+10:00" testType="13cdc9d9-ddb5-4fa4-a97d-d965ccfc6d4b" outcome="Passed" testListId="8c84fa94-04c1-424b-9868-57a2d4851a1d" relativeResultsDirectory="2a577a54-fc7e-40a5-965b-a4028efcd222" />
    <UnitTestResult executionId="d6d27191-b1fd-417b-bdb8-c98c74807993" testId="adfa2f9c-a294-0421-c87f-bf2acf82e005" testName="SecureFlow.Tests.Security.AuthorizationBoundaryTests.AdministratorCanReadAndModifyAnyTicket" computerName="macbookpro" duration="00:00:00.0000286" startTime="2026-08-02T00:42:14.3610810+10:00" endTime="2026-08-02T00:42:14.3611040+10:00" testType="13cdc9d9-ddb5-4fa4-a97d-d965ccfc6d4b" outcome="Passed" testListId="8c84fa94-04c1-424b-9868-57a2d4851a1d" relativeResultsDirectory="d6d27191-b1fd-417b-bdb8-c98c74807993" />
    <UnitTestResult executionId="43e2391d-f5f4-4d77-bfea-70a35ca29d44" testId="e7e26588-9078-6ffd-0318-8d302168c6fa" testName="SecureFlow.Tests.Security.FileSecurityScannerTests.RejectsTextContainingNullBytes" computerName="macbookpro" duration="00:00:00.0002149" startTime="2026-08-02T00:42:14.3597000+10:00" endTime="2026-08-02T00:42:14.3597230+10:00" testType="13cdc9d9-ddb5-4fa4-a97d-d965ccfc6d4b" outcome="Passed" testListId="8c84fa94-04c1-424b-9868-57a2d4851a1d" relativeResultsDirectory="43e2391d-f5f4-4d77-bfea-70a35ca29d44" />
    <UnitTestResult executionId="b6b74c93-c7c5-4d77-9660-c583ecfb1dc0" testId="4fa492d3-4b45-cb80-5d37-2e3569fd365a" testName="SecureFlow.Tests.Security.FileSecurityScannerTests.AcceptsPngSignature" computerName="macbookpro" duration="00:00:00.0005176" startTime="2026-08-02T00:42:14.3591460+10:00" endTime="2026-08-02T00:42:14.3596370+10:00" testType="13cdc9d9-ddb5-4fa4-a97d-d965ccfc6d4b" outcome="Passed" testListId="8c84fa94-04c1-424b-9868-57a2d4851a1d" relativeResultsDirectory="b6b74c93-c7c5-4d77-9660-c583ecfb1dc0" />
    <UnitTestResult executionId="9965a7c6-4a67-4f71-b585-36dd071190bc" testId="a61064cc-70a2-b961-162a-af3e222f1ebf" testName="SecureFlow.Tests.Security.AuthorizationBoundaryTests.AdminControllerRequiresTheAdministratorRole" computerName="macbookpro" duration="00:00:00.0187946" startTime="2026-08-02T00:42:14.3205860+10:00" endTime="2026-08-02T00:42:14.3605680+10:00" testType="13cdc9d9-ddb5-4fa4-a97d-d965ccfc6d4b" outcome="Passed" testListId="8c84fa94-04c1-424b-9868-57a2d4851a1d" relativeResultsDirectory="9965a7c6-4a67-4f71-b585-36dd071190bc" />
    <UnitTestResult executionId="c772840c-2a6e-4489-970a-2c4054da128f" testId="a26dd8fc-691b-a791-136a-59481c1639e4" testName="SecureFlow.Tests.TicketAccessServiceTests.AdminCanUseAdminFunctions" computerName="macbookpro" duration="00:00:00.0000519" startTime="2026-08-02T00:42:14.3589490+10:00" endTime="2026-08-02T00:42:14.3589740+10:00" testType="13cdc9d9-ddb5-4fa4-a97d-d965ccfc6d4b" outcome="Passed" testListId="8c84fa94-04c1-424b-9868-57a2d4851a1d" relativeResultsDirectory="c772840c-2a6e-4489-970a-2c4054da128f" />
    <UnitTestResult executionId="8557a80f-3618-4706-9808-2e632adae93f" testId="6c0c88a0-56a2-2140-5b29-a98e262a53c1" testName="SecureFlow.Tests.Security.AuthorizationBoundaryTests.NonOwnerCannotReadAnotherUsersTicket" computerName="macbookpro" duration="00:00:00.0000898" startTime="2026-08-02T00:42:14.3607050+10:00" endTime="2026-08-02T00:42:14.3607270+10:00" testType="13cdc9d9-ddb5-4fa4-a97d-d965ccfc6d4b" outcome="Passed" testListId="8c84fa94-04c1-424b-9868-57a2d4851a1d" relativeResultsDirectory="8557a80f-3618-4706-9808-2e632adae93f" />
    <UnitTestResult executionId="a9d25d95-576e-4ce0-9fc0-c7a1deae6a39" testId="5c653dd1-ffff-4153-2a7c-fca9eb8e2b7b" testName="SecureFlow.Tests.Security.AuthorizationBoundaryTests.NonOwnerCannotModifyAnotherUsersTicket" computerName="macbookpro" duration="00:00:00.0000252" startTime="2026-08-02T00:42:14.3607810+10:00" endTime="2026-08-02T00:42:14.3608040+10:00" testType="13cdc9d9-ddb5-4fa4-a97d-d965ccfc6d4b" outcome="Passed" testListId="8c84fa94-04c1-424b-9868-57a2d4851a1d" relativeResultsDirectory="a9d25d95-576e-4ce0-9fc0-c7a1deae6a39" />
    <UnitTestResult executionId="ca7022eb-12fd-4f27-9e95-46b593fc05f9" testId="be1fc026-2d50-57eb-2401-9a4f1dc54635" testName="SecureFlow.Tests.Security.UploadAndAuthenticationControlTests.ContentSecurityPolicyDisallowsInlineStyles" computerName="macbookpro" duration="00:00:00.0000871" startTime="2026-08-02T00:42:14.3616080+10:00" endTime="2026-08-02T00:42:14.3616300+10:00" testType="13cdc9d9-ddb5-4fa4-a97d-d965ccfc6d4b" outcome="Passed" testListId="8c84fa94-04c1-424b-9868-57a2d4851a1d" relativeResultsDirectory="ca7022eb-12fd-4f27-9e95-46b593fc05f9" />
    <UnitTestResult executionId="bd063074-aba9-4aef-8e3a-52b3e77fd400" testId="26616ac5-c6e7-a752-66da-bace189355f2" testName="SecureFlow.Tests.FileUploadValidatorTests.RejectsEmptyFile" computerName="macbookpro" duration="00:00:00.0000227" startTime="2026-08-02T00:42:14.3541760+10:00" endTime="2026-08-02T00:42:14.3542030+10:00" testType="13cdc9d9-ddb5-4fa4-a97d-d965ccfc6d4b" outcome="Passed" testListId="8c84fa94-04c1-424b-9868-57a2d4851a1d" relativeResultsDirectory="bd063074-aba9-4aef-8e3a-52b3e77fd400" />
    <UnitTestResult executionId="77b27af9-907c-4322-a6f1-f410c0f58ff9" testId="f1116a2b-3506-e158-3498-dbfaf7276798" testName="SecureFlow.Tests.Security.AuthorizationBoundaryTests.OwnerCanReadAndModifyOwnTicket" computerName="macbookpro" duration="00:00:00.0000369" startTime="2026-08-02T00:42:14.3610070+10:00" endTime="2026-08-02T00:42:14.3610300+10:00" testType="13cdc9d9-ddb5-4fa4-a97d-d965ccfc6d4b" outcome="Passed" testListId="8c84fa94-04c1-424b-9868-57a2d4851a1d" relativeResultsDirectory="77b27af9-907c-4322-a6f1-f410c0f58ff9" />
    <UnitTestResult executionId="92d7d457-9399-4715-9ff0-2e3c05b8a405" testId="8dbfedc5-8319-ce88-d6af-ff68295e8fcb" testName="SecureFlow.Tests.FileUploadValidatorTests.RejectsExecutableExtension" computerName="macbookpro" duration="00:00:00.0000553" startTime="2026-08-02T00:42:14.3375980+10:00" endTime="2026-08-02T00:42:14.3376950+10:00" testType="13cdc9d9-ddb5-4fa4-a97d-d965ccfc6d4b" outcome="Passed" testListId="8c84fa94-04c1-424b-9868-57a2d4851a1d" relativeResultsDirectory="92d7d457-9399-4715-9ff0-2e3c05b8a405" />
    <UnitTestResult executionId="e35cffb0-d86d-488b-8970-ea9386a61faf" testId="f42adb4a-59b6-6ae8-661d-3f316da65d36" testName="SecureFlow.Tests.FileUploadValidatorTests.AllowsPdfWithinSizeLimit" computerName="macbookpro" duration="00:00:00.0000494" startTime="2026-08-02T00:42:14.3539760+10:00" endTime="2026-08-02T00:42:14.3541090+10:00" testType="13cdc9d9-ddb5-4fa4-a97d-d965ccfc6d4b" outcome="Passed" testListId="8c84fa94-04c1-424b-9868-57a2d4851a1d" relativeResultsDirectory="e35cffb0-d86d-488b-8970-ea9386a61faf" />
    <UnitTestResult executionId="6e7c5d7f-e6dd-49fc-a774-3441bf2b41f2" testId="4ebedf60-660c-8484-95e7-f7654b526541" testName="SecureFlow.Tests.CreateTicketViewModelTests.ShortDescriptionFailsValidation" computerName="macbookpro" duration="00:00:00.0001681" startTime="2026-08-02T00:42:14.3604890+10:00" endTime="2026-08-02T00:42:14.3605150+10:00" testType="13cdc9d9-ddb5-4fa4-a97d-d965ccfc6d4b" outcome="Passed" testListId="8c84fa94-04c1-424b-9868-57a2d4851a1d" relativeResultsDirectory="6e7c5d7f-e6dd-49fc-a774-3441bf2b41f2" />
    <UnitTestResult executionId="b7f330bf-b995-4f60-a113-6debdd9c1891" testId="afa781c6-a3e7-1a11-19e0-0f6671446614" testName="SecureFlow.Tests.TicketAccessServiceTests.NormalUserCannotUseAdminFunctions" computerName="macbookpro" duration="00:00:00.0000878" startTime="2026-08-02T00:42:14.3586840+10:00" endTime="2026-08-02T00:42:14.3588760+10:00" testType="13cdc9d9-ddb5-4fa4-a97d-d965ccfc6d4b" outcome="Passed" testListId="8c84fa94-04c1-424b-9868-57a2d4851a1d" relativeResultsDirectory="b7f330bf-b995-4f60-a113-6debdd9c1891" />
    <UnitTestResult executionId="345a4b18-f520-4fbd-b2dd-4f5eb14093eb" testId="df9b6f1d-c67d-01c8-c195-e9c059fa6d61" testName="SecureFlow.Tests.Security.FileSecurityScannerTests.AcceptsPdfWithPdfSignature" computerName="macbookpro" duration="00:00:00.0068040" startTime="2026-08-02T00:42:14.3206420+10:00" endTime="2026-08-02T00:42:14.3300920+10:00" testType="13cdc9d9-ddb5-4fa4-a97d-d965ccfc6d4b" outcome="Passed" testListId="8c84fa94-04c1-424b-9868-57a2d4851a1d" relativeResultsDirectory="345a4b18-f520-4fbd-b2dd-4f5eb14093eb" />
    <UnitTestResult executionId="70fb8336-93e1-48bd-b1d4-fcfc6c476da3" testId="6d1a9017-0d3d-ade1-16fe-6a7205479c05" testName="SecureFlow.Tests.TicketAccessServiceTests.UserCannotReadAnotherUsersTicket" computerName="macbookpro" duration="00:00:00.0056702" startTime="2026-08-02T00:42:14.3206320+10:00" endTime="2026-08-02T00:42:14.3330020+10:00" testType="13cdc9d9-ddb5-4fa4-a97d-d965ccfc6d4b" outcome="Passed" testListId="8c84fa94-04c1-424b-9868-57a2d4851a1d" relativeResultsDirectory="70fb8336-93e1-48bd-b1d4-fcfc6c476da3" />
    <UnitTestResult executionId="232f1037-a193-49e6-b5e5-ea95e3527c69" testId="1c7a1c16-66f3-58fa-7369-52b3fb1d3ee0" testName="SecureFlow.Tests.FileUploadValidatorTests.RemovesPathTraversalFromOriginalName" computerName="macbookpro" duration="00:00:00.0057014" startTime="2026-08-02T00:42:14.3198480+10:00" endTime="2026-08-02T00:42:14.3329580+10:00" testType="13cdc9d9-ddb5-4fa4-a97d-d965ccfc6d4b" outcome="Passed" testListId="8c84fa94-04c1-424b-9868-57a2d4851a1d" relativeResultsDirectory="232f1037-a193-49e6-b5e5-ea95e3527c69" />
    <UnitTestResult executionId="984683b7-0596-4aa9-8633-aada11684135" testId="b44d7ce5-63e1-d654-eefa-ed4ca2def114" testName="SecureFlow.Tests.Security.FileSecurityScannerTests.RejectsPdfWithHtmlContent" computerName="macbookpro" duration="00:00:00.0002952" startTime="2026-08-02T00:42:14.3543630+10:00" endTime="2026-08-02T00:42:14.3587500+10:00" testType="13cdc9d9-ddb5-4fa4-a97d-d965ccfc6d4b" outcome="Passed" testListId="8c84fa94-04c1-424b-9868-57a2d4851a1d" relativeResultsDirectory="984683b7-0596-4aa9-8633-aada11684135" />
    <UnitTestResult executionId="6a6fc6ff-95b6-4c0c-9a2b-4275ab81a2b7" testId="2df55b6a-7f8e-4661-6944-b0470eb1dba0" testName="SecureFlow.Tests.Security.AuthorizationBoundaryTests.NormalUserCannotUseAdministratorFunctions" computerName="macbookpro" duration="00:00:00.0000327" startTime="2026-08-02T00:42:14.3606260+10:00" endTime="2026-08-02T00:42:14.3606500+10:00" testType="13cdc9d9-ddb5-4fa4-a97d-d965ccfc6d4b" outcome="Passed" testListId="8c84fa94-04c1-424b-9868-57a2d4851a1d" relativeResultsDirectory="6a6fc6ff-95b6-4c0c-9a2b-4275ab81a2b7" />
    <UnitTestResult executionId="d9abc541-0fc6-47f2-b21f-f97726f22111" testId="cbbd54a8-23c5-bdbf-e886-a4608bb79c6c" testName="SecureFlow.Tests.CreateTicketViewModelTests.ValidInputPassesValidation" computerName="macbookpro" duration="00:00:00.0093162" startTime="2026-08-02T00:42:14.3206190+10:00" endTime="2026-08-02T00:42:14.3591700+10:00" testType="13cdc9d9-ddb5-4fa4-a97d-d965ccfc6d4b" outcome="Passed" testListId="8c84fa94-04c1-424b-9868-57a2d4851a1d" relativeResultsDirectory="d9abc541-0fc6-47f2-b21f-f97726f22111" />
    <UnitTestResult executionId="43a4749e-a665-48b2-8b64-39de641affd1" testId="bb7382a3-6637-b15c-0d67-0f751ff2787f" testName="SecureFlow.Tests.FileUploadValidatorTests.RejectsOversizedFile" computerName="macbookpro" duration="00:00:00.0000269" startTime="2026-08-02T00:42:14.3537500+10:00" endTime="2026-08-02T00:42:14.3537970+10:00" testType="13cdc9d9-ddb5-4fa4-a97d-d965ccfc6d4b" outcome="Passed" testListId="8c84fa94-04c1-424b-9868-57a2d4851a1d" relativeResultsDirectory="43a4749e-a665-48b2-8b64-39de641affd1" />
    <UnitTestResult executionId="ca5edc83-f65e-4607-b5ba-360b7078582e" testId="1afc4212-9e34-5bf9-c93c-a664cbc7d83d" testName="SecureFlow.Tests.FileUploadValidatorTests.RejectsMismatchedContentType" computerName="macbookpro" duration="00:00:00.0000864" startTime="2026-08-02T00:42:14.3542680+10:00" endTime="2026-08-02T00:42:14.3543910+10:00" testType="13cdc9d9-ddb5-4fa4-a97d-d965ccfc6d4b" outcome="Passed" testListId="8c84fa94-04c1-424b-9868-57a2d4851a1d" relativeResultsDirectory="ca5edc83-f65e-4607-b5ba-360b7078582e" />
  </Results>
  <TestDefinitions>
    <UnitTest name="SecureFlow.Tests.Security.UploadAndAuthenticationControlTests.LoginLimiterPartitionsBySourceAddress" storage="/users/moyan/secureflow-workspace/secureflow-security-lab/tests/secureflow.tests/bin/release/net10.0/secureflow.tests.dll" id="b5cc5777-c913-daac-88dc-81a1a60f441f">
      <Execution id="fc95f7da-9b40-461d-8006-6cba0bd13885" />
      <TestMethod codeBase="/Users/moyan/SecureFlow-Workspace/SecureFlow-Security-Lab/tests/SecureFlow.Tests/bin/Release/net10.0/SecureFlow.Tests.dll" adapterTypeName="executor://xunit/VsTestRunner3/netcore/" className="SecureFlow.Tests.Security.UploadAndAuthenticationControlTests" name="LoginLimiterPartitionsBySourceAddress" />
    </UnitTest>
    <UnitTest name="SecureFlow.Tests.Security.AuthorizationBoundaryTests.AdminControllerRequiresTheAdministratorRole" storage="/users/moyan/secureflow-workspace/secureflow-security-lab/tests/secureflow.tests/bin/release/net10.0/secureflow.tests.dll" id="a61064cc-70a2-b961-162a-af3e222f1ebf">
      <Execution id="9965a7c6-4a67-4f71-b585-36dd071190bc" />
      <TestMethod codeBase="/Users/moyan/SecureFlow-Workspace/SecureFlow-Security-Lab/tests/SecureFlow.Tests/bin/Release/net10.0/SecureFlow.Tests.dll" adapterTypeName="executor://xunit/VsTestRunner3/netcore/" className="SecureFlow.Tests.Security.AuthorizationBoundaryTests" name="AdminControllerRequiresTheAdministratorRole" />
    </UnitTest>
    <UnitTest name="SecureFlow.Tests.TicketAccessServiceTests.OwnerCanReadOwnTicket" storage="/users/moyan/secureflow-workspace/secureflow-security-lab/tests/secureflow.tests/bin/release/net10.0/secureflow.tests.dll" id="f13165c1-67d7-6835-343f-3aa303c0c9c2">
      <Execution id="236bd22f-2049-4b60-a632-c00f5cd8b5ba" />
      <TestMethod codeBase="/Users/moyan/SecureFlow-Workspace/SecureFlow-Security-Lab/tests/SecureFlow.Tests/bin/Release/net10.0/SecureFlow.Tests.dll" adapterTypeName="executor://xunit/VsTestRunner3/netcore/" className="SecureFlow.Tests.TicketAccessServiceTests" name="OwnerCanReadOwnTicket" />
    </UnitTest>
    <UnitTest name="SecureFlow.Tests.Security.FileSecurityScannerTests.RejectsTextContainingNullBytes" storage="/users/moyan/secureflow-workspace/secureflow-security-lab/tests/secureflow.tests/bin/release/net10.0/secureflow.tests.dll" id="e7e26588-9078-6ffd-0318-8d302168c6fa">
      <Execution id="43e2391d-f5f4-4d77-bfea-70a35ca29d44" />
      <TestMethod codeBase="/Users/moyan/SecureFlow-Workspace/SecureFlow-Security-Lab/tests/SecureFlow.Tests/bin/Release/net10.0/SecureFlow.Tests.dll" adapterTypeName="executor://xunit/VsTestRunner3/netcore/" className="SecureFlow.Tests.Security.FileSecurityScannerTests" name="RejectsTextContainingNullBytes" />
    </UnitTest>
    <UnitTest name="SecureFlow.Tests.TicketAccessServiceTests.UserCannotReadAnotherUsersTicket" storage="/users/moyan/secureflow-workspace/secureflow-security-lab/tests/secureflow.tests/bin/release/net10.0/secureflow.tests.dll" id="6d1a9017-0d3d-ade1-16fe-6a7205479c05">
      <Execution id="70fb8336-93e1-48bd-b1d4-fcfc6c476da3" />
      <TestMethod codeBase="/Users/moyan/SecureFlow-Workspace/SecureFlow-Security-Lab/tests/SecureFlow.Tests/bin/Release/net10.0/SecureFlow.Tests.dll" adapterTypeName="executor://xunit/VsTestRunner3/netcore/" className="SecureFlow.Tests.TicketAccessServiceTests" name="UserCannotReadAnotherUsersTicket" />
    </UnitTest>
    <UnitTest name="SecureFlow.Tests.FileUploadValidatorTests.AllowsPdfWithinSizeLimit" storage="/users/moyan/secureflow-workspace/secureflow-security-lab/tests/secureflow.tests/bin/release/net10.0/secureflow.tests.dll" id="f42adb4a-59b6-6ae8-661d-3f316da65d36">
      <Execution id="e35cffb0-d86d-488b-8970-ea9386a61faf" />
      <TestMethod codeBase="/Users/moyan/SecureFlow-Workspace/SecureFlow-Security-Lab/tests/SecureFlow.Tests/bin/Release/net10.0/SecureFlow.Tests.dll" adapterTypeName="executor://xunit/VsTestRunner3/netcore/" className="SecureFlow.Tests.FileUploadValidatorTests" name="AllowsPdfWithinSizeLimit" />
    </UnitTest>
    <UnitTest name="SecureFlow.Tests.CreateTicketViewModelTests.ShortTitleFailsValidation" storage="/users/moyan/secureflow-workspace/secureflow-security-lab/tests/secureflow.tests/bin/release/net10.0/secureflow.tests.dll" id="aa0ddf90-33dc-1800-98bc-7eaa3d4bd56c">
      <Execution id="6fa617b4-441e-4881-adf8-e74a2eed54da" />
      <TestMethod codeBase="/Users/moyan/SecureFlow-Workspace/SecureFlow-Security-Lab/tests/SecureFlow.Tests/bin/Release/net10.0/SecureFlow.Tests.dll" adapterTypeName="executor://xunit/VsTestRunner3/netcore/" className="SecureFlow.Tests.CreateTicketViewModelTests" name="ShortTitleFailsValidation" />
    </UnitTest>
    <UnitTest name="SecureFlow.Tests.FileUploadValidatorTests.RejectsOversizedFile" storage="/users/moyan/secureflow-workspace/secureflow-security-lab/tests/secureflow.tests/bin/release/net10.0/secureflow.tests.dll" id="bb7382a3-6637-b15c-0d67-0f751ff2787f">
      <Execution id="43a4749e-a665-48b2-8b64-39de641affd1" />
      <TestMethod codeBase="/Users/moyan/SecureFlow-Workspace/SecureFlow-Security-Lab/tests/SecureFlow.Tests/bin/Release/net10.0/SecureFlow.Tests.dll" adapterTypeName="executor://xunit/VsTestRunner3/netcore/" className="SecureFlow.Tests.FileUploadValidatorTests" name="RejectsOversizedFile" />
    </UnitTest>
    <UnitTest name="SecureFlow.Tests.Security.AuthorizationBoundaryTests.OwnerCanReadAndModifyOwnTicket" storage="/users/moyan/secureflow-workspace/secureflow-security-lab/tests/secureflow.tests/bin/release/net10.0/secureflow.tests.dll" id="f1116a2b-3506-e158-3498-dbfaf7276798">
      <Execution id="77b27af9-907c-4322-a6f1-f410c0f58ff9" />
      <TestMethod codeBase="/Users/moyan/SecureFlow-Workspace/SecureFlow-Security-Lab/tests/SecureFlow.Tests/bin/Release/net10.0/SecureFlow.Tests.dll" adapterTypeName="executor://xunit/VsTestRunner3/netcore/" className="SecureFlow.Tests.Security.AuthorizationBoundaryTests" name="OwnerCanReadAndModifyOwnTicket" />
    </UnitTest>
    <UnitTest name="SecureFlow.Tests.Security.UploadAndAuthenticationControlTests.UploadEndpointLimitsRequestBeforeModelBinding" storage="/users/moyan/secureflow-workspace/secureflow-security-lab/tests/secureflow.tests/bin/release/net10.0/secureflow.tests.dll" id="ca19abad-9dcd-1c21-6221-9ead7ac05ef7">
      <Execution id="001012b7-2f42-4571-8c54-17d126fc516a" />
      <TestMethod codeBase="/Users/moyan/SecureFlow-Workspace/SecureFlow-Security-Lab/tests/SecureFlow.Tests/bin/Release/net10.0/SecureFlow.Tests.dll" adapterTypeName="executor://xunit/VsTestRunner3/netcore/" className="SecureFlow.Tests.Security.UploadAndAuthenticationControlTests" name="UploadEndpointLimitsRequestBeforeModelBinding" />
    </UnitTest>
    <UnitTest name="SecureFlow.Tests.Security.AuthorizationBoundaryTests.AdministratorCanUseAdministratorFunctions" storage="/users/moyan/secureflow-workspace/secureflow-security-lab/tests/secureflow.tests/bin/release/net10.0/secureflow.tests.dll" id="b0feb852-b9cc-7990-5e12-3bc112d2910f">
      <Execution id="b8d2f53e-b92b-4dd2-82a7-f412a79236f7" />
      <TestMethod codeBase="/Users/moyan/SecureFlow-Workspace/SecureFlow-Security-Lab/tests/SecureFlow.Tests/bin/Release/net10.0/SecureFlow.Tests.dll" adapterTypeName="executor://xunit/VsTestRunner3/netcore/" className="SecureFlow.Tests.Security.AuthorizationBoundaryTests" name="AdministratorCanUseAdministratorFunctions" />
    </UnitTest>
    <UnitTest name="SecureFlow.Tests.Security.FileSecurityScannerTests.AcceptsValidUtf8Text" storage="/users/moyan/secureflow-workspace/secureflow-security-lab/tests/secureflow.tests/bin/release/net10.0/secureflow.tests.dll" id="0d92c874-d39c-3b78-9cf5-5eed75ec2056">
      <Execution id="00953797-3cd5-4d7f-b6cd-e3cc96fcde1b" />
      <TestMethod codeBase="/Users/moyan/SecureFlow-Workspace/SecureFlow-Security-Lab/tests/SecureFlow.Tests/bin/Release/net10.0/SecureFlow.Tests.dll" adapterTypeName="executor://xunit/VsTestRunner3/netcore/" className="SecureFlow.Tests.Security.FileSecurityScannerTests" name="AcceptsValidUtf8Text" />
    </UnitTest>
    <UnitTest name="SecureFlow.Tests.FileUploadValidatorTests.RejectsEmptyFile" storage="/users/moyan/secureflow-workspace/secureflow-security-lab/tests/secureflow.tests/bin/release/net10.0/secureflow.tests.dll" id="26616ac5-c6e7-a752-66da-bace189355f2">
      <Execution id="bd063074-aba9-4aef-8e3a-52b3e77fd400" />
      <TestMethod codeBase="/Users/moyan/SecureFlow-Workspace/SecureFlow-Security-Lab/tests/SecureFlow.Tests/bin/Release/net10.0/SecureFlow.Tests.dll" adapterTypeName="executor://xunit/VsTestRunner3/netcore/" className="SecureFlow.Tests.FileUploadValidatorTests" name="RejectsEmptyFile" />
    </UnitTest>
    <UnitTest name="SecureFlow.Tests.Security.FileSecurityScannerTests.AcceptsPdfWithPdfSignature" storage="/users/moyan/secureflow-workspace/secureflow-security-lab/tests/secureflow.tests/bin/release/net10.0/secureflow.tests.dll" id="df9b6f1d-c67d-01c8-c195-e9c059fa6d61">
      <Execution id="345a4b18-f520-4fbd-b2dd-4f5eb14093eb" />
      <TestMethod codeBase="/Users/moyan/SecureFlow-Workspace/SecureFlow-Security-Lab/tests/SecureFlow.Tests/bin/Release/net10.0/SecureFlow.Tests.dll" adapterTypeName="executor://xunit/VsTestRunner3/netcore/" className="SecureFlow.Tests.Security.FileSecurityScannerTests" name="AcceptsPdfWithPdfSignature" />
    </UnitTest>
    <UnitTest name="SecureFlow.Tests.FileUploadValidatorTests.RejectsExecutableExtension" storage="/users/moyan/secureflow-workspace/secureflow-security-lab/tests/secureflow.tests/bin/release/net10.0/secureflow.tests.dll" id="8dbfedc5-8319-ce88-d6af-ff68295e8fcb">
      <Execution id="92d7d457-9399-4715-9ff0-2e3c05b8a405" />
      <TestMethod codeBase="/Users/moyan/SecureFlow-Workspace/SecureFlow-Security-Lab/tests/SecureFlow.Tests/bin/Release/net10.0/SecureFlow.Tests.dll" adapterTypeName="executor://xunit/VsTestRunner3/netcore/" className="SecureFlow.Tests.FileUploadValidatorTests" name="RejectsExecutableExtension" />
    </UnitTest>
    <UnitTest name="SecureFlow.Tests.TicketAccessServiceTests.NormalUserCannotUseAdminFunctions" storage="/users/moyan/secureflow-workspace/secureflow-security-lab/tests/secureflow.tests/bin/release/net10.0/secureflow.tests.dll" id="afa781c6-a3e7-1a11-19e0-0f6671446614">
      <Execution id="b7f330bf-b995-4f60-a113-6debdd9c1891" />
      <TestMethod codeBase="/Users/moyan/SecureFlow-Workspace/SecureFlow-Security-Lab/tests/SecureFlow.Tests/bin/Release/net10.0/SecureFlow.Tests.dll" adapterTypeName="executor://xunit/VsTestRunner3/netcore/" className="SecureFlow.Tests.TicketAccessServiceTests" name="NormalUserCannotUseAdminFunctions" />
    </UnitTest>
    <UnitTest name="SecureFlow.Tests.FileUploadValidatorTests.RemovesPathTraversalFromOriginalName" storage="/users/moyan/secureflow-workspace/secureflow-security-lab/tests/secureflow.tests/bin/release/net10.0/secureflow.tests.dll" id="1c7a1c16-66f3-58fa-7369-52b3fb1d3ee0">
      <Execution id="232f1037-a193-49e6-b5e5-ea95e3527c69" />
      <TestMethod codeBase="/Users/moyan/SecureFlow-Workspace/SecureFlow-Security-Lab/tests/SecureFlow.Tests/bin/Release/net10.0/SecureFlow.Tests.dll" adapterTypeName="executor://xunit/VsTestRunner3/netcore/" className="SecureFlow.Tests.FileUploadValidatorTests" name="RemovesPathTraversalFromOriginalName" />
    </UnitTest>
    <UnitTest name="SecureFlow.Tests.Security.UploadAndAuthenticationControlTests.LoginLimiterNormalisesIpv4MappedAddress" storage="/users/moyan/secureflow-workspace/secureflow-security-lab/tests/secureflow.tests/bin/release/net10.0/secureflow.tests.dll" id="f5f7bd53-add0-1781-6cb5-55110c0a90f7">
      <Execution id="6d43a618-5177-4a0d-855c-dba06af1b7ee" />
      <TestMethod codeBase="/Users/moyan/SecureFlow-Workspace/SecureFlow-Security-Lab/tests/SecureFlow.Tests/bin/Release/net10.0/SecureFlow.Tests.dll" adapterTypeName="executor://xunit/VsTestRunner3/netcore/" className="SecureFlow.Tests.Security.UploadAndAuthenticationControlTests" name="LoginLimiterNormalisesIpv4MappedAddress" />
    </UnitTest>
    <UnitTest name="SecureFlow.Tests.TicketAccessServiceTests.AdminCanReadAnotherUsersTicket" storage="/users/moyan/secureflow-workspace/secureflow-security-lab/tests/secureflow.tests/bin/release/net10.0/secureflow.tests.dll" id="bef68d10-0705-1255-6a16-8f0ce06f02a4">
      <Execution id="2a577a54-fc7e-40a5-965b-a4028efcd222" />
      <TestMethod codeBase="/Users/moyan/SecureFlow-Workspace/SecureFlow-Security-Lab/tests/SecureFlow.Tests/bin/Release/net10.0/SecureFlow.Tests.dll" adapterTypeName="executor://xunit/VsTestRunner3/netcore/" className="SecureFlow.Tests.TicketAccessServiceTests" name="AdminCanReadAnotherUsersTicket" />
    </UnitTest>
    <UnitTest name="SecureFlow.Tests.Security.FileSecurityScannerTests.RejectsHarmlessSecurityTestMarker" storage="/users/moyan/secureflow-workspace/secureflow-security-lab/tests/secureflow.tests/bin/release/net10.0/secureflow.tests.dll" id="2eee42e3-7a2a-3503-6f30-3a6f02b58d64">
      <Execution id="2f68698c-3d9c-4ade-a06c-355295766a14" />
      <TestMethod codeBase="/Users/moyan/SecureFlow-Workspace/SecureFlow-Security-Lab/tests/SecureFlow.Tests/bin/Release/net10.0/SecureFlow.Tests.dll" adapterTypeName="executor://xunit/VsTestRunner3/netcore/" className="SecureFlow.Tests.Security.FileSecurityScannerTests" name="RejectsHarmlessSecurityTestMarker" />
    </UnitTest>
    <UnitTest name="SecureFlow.Tests.Security.FileSecurityScannerTests.AcceptsPngSignature" storage="/users/moyan/secureflow-workspace/secureflow-security-lab/tests/secureflow.tests/bin/release/net10.0/secureflow.tests.dll" id="4fa492d3-4b45-cb80-5d37-2e3569fd365a">
      <Execution id="b6b74c93-c7c5-4d77-9660-c583ecfb1dc0" />
      <TestMethod codeBase="/Users/moyan/SecureFlow-Workspace/SecureFlow-Security-Lab/tests/SecureFlow.Tests/bin/Release/net10.0/SecureFlow.Tests.dll" adapterTypeName="executor://xunit/VsTestRunner3/netcore/" className="SecureFlow.Tests.Security.FileSecurityScannerTests" name="AcceptsPngSignature" />
    </UnitTest>
    <UnitTest name="SecureFlow.Tests.Security.AuthorizationBoundaryTests.NormalUserCannotUseAdministratorFunctions" storage="/users/moyan/secureflow-workspace/secureflow-security-lab/tests/secureflow.tests/bin/release/net10.0/secureflow.tests.dll" id="2df55b6a-7f8e-4661-6944-b0470eb1dba0">
      <Execution id="6a6fc6ff-95b6-4c0c-9a2b-4275ab81a2b7" />
      <TestMethod codeBase="/Users/moyan/SecureFlow-Workspace/SecureFlow-Security-Lab/tests/SecureFlow.Tests/bin/Release/net10.0/SecureFlow.Tests.dll" adapterTypeName="executor://xunit/VsTestRunner3/netcore/" className="SecureFlow.Tests.Security.AuthorizationBoundaryTests" name="NormalUserCannotUseAdministratorFunctions" />
    </UnitTest>
    <UnitTest name="SecureFlow.Tests.CreateTicketViewModelTests.ShortDescriptionFailsValidation" storage="/users/moyan/secureflow-workspace/secureflow-security-lab/tests/secureflow.tests/bin/release/net10.0/secureflow.tests.dll" id="4ebedf60-660c-8484-95e7-f7654b526541">
      <Execution id="6e7c5d7f-e6dd-49fc-a774-3441bf2b41f2" />
      <TestMethod codeBase="/Users/moyan/SecureFlow-Workspace/SecureFlow-Security-Lab/tests/SecureFlow.Tests/bin/Release/net10.0/SecureFlow.Tests.dll" adapterTypeName="executor://xunit/VsTestRunner3/netcore/" className="SecureFlow.Tests.CreateTicketViewModelTests" name="ShortDescriptionFailsValidation" />
    </UnitTest>
    <UnitTest name="SecureFlow.Tests.Security.AuthorizationBoundaryTests.NonOwnerCannotReadAnotherUsersTicket" storage="/users/moyan/secureflow-workspace/secureflow-security-lab/tests/secureflow.tests/bin/release/net10.0/secureflow.tests.dll" id="6c0c88a0-56a2-2140-5b29-a98e262a53c1">
      <Execution id="8557a80f-3618-4706-9808-2e632adae93f" />
      <TestMethod codeBase="/Users/moyan/SecureFlow-Workspace/SecureFlow-Security-Lab/tests/SecureFlow.Tests/bin/Release/net10.0/SecureFlow.Tests.dll" adapterTypeName="executor://xunit/VsTestRunner3/netcore/" className="SecureFlow.Tests.Security.AuthorizationBoundaryTests" name="NonOwnerCannotReadAnotherUsersTicket" />
    </UnitTest>
    <UnitTest name="SecureFlow.Tests.TicketAccessServiceTests.UserCannotModifyAnotherUsersTicket" storage="/users/moyan/secureflow-workspace/secureflow-security-lab/tests/secureflow.tests/bin/release/net10.0/secureflow.tests.dll" id="6ab458e2-6527-87e6-1ea0-35f1b2f5354b">
      <Execution id="aba56320-9131-4579-88dd-66090a547a8e" />
      <TestMethod codeBase="/Users/moyan/SecureFlow-Workspace/SecureFlow-Security-Lab/tests/SecureFlow.Tests/bin/Release/net10.0/SecureFlow.Tests.dll" adapterTypeName="executor://xunit/VsTestRunner3/netcore/" className="SecureFlow.Tests.TicketAccessServiceTests" name="UserCannotModifyAnotherUsersTicket" />
    </UnitTest>
    <UnitTest name="SecureFlow.Tests.Security.UploadAndAuthenticationControlTests.ContentSecurityPolicyDisallowsInlineStyles" storage="/users/moyan/secureflow-workspace/secureflow-security-lab/tests/secureflow.tests/bin/release/net10.0/secureflow.tests.dll" id="be1fc026-2d50-57eb-2401-9a4f1dc54635">
      <Execution id="ca7022eb-12fd-4f27-9e95-46b593fc05f9" />
      <TestMethod codeBase="/Users/moyan/SecureFlow-Workspace/SecureFlow-Security-Lab/tests/SecureFlow.Tests/bin/Release/net10.0/SecureFlow.Tests.dll" adapterTypeName="executor://xunit/VsTestRunner3/netcore/" className="SecureFlow.Tests.Security.UploadAndAuthenticationControlTests" name="ContentSecurityPolicyDisallowsInlineStyles" />
    </UnitTest>
    <UnitTest name="SecureFlow.Tests.Security.AuthorizationBoundaryTests.AdministratorCanReadAndModifyAnyTicket" storage="/users/moyan/secureflow-workspace/secureflow-security-lab/tests/secureflow.tests/bin/release/net10.0/secureflow.tests.dll" id="adfa2f9c-a294-0421-c87f-bf2acf82e005">
      <Execution id="d6d27191-b1fd-417b-bdb8-c98c74807993" />
      <TestMethod codeBase="/Users/moyan/SecureFlow-Workspace/SecureFlow-Security-Lab/tests/SecureFlow.Tests/bin/Release/net10.0/SecureFlow.Tests.dll" adapterTypeName="executor://xunit/VsTestRunner3/netcore/" className="SecureFlow.Tests.Security.AuthorizationBoundaryTests" name="AdministratorCanReadAndModifyAnyTicket" />
    </UnitTest>
    <UnitTest name="SecureFlow.Tests.CreateTicketViewModelTests.ValidInputPassesValidation" storage="/users/moyan/secureflow-workspace/secureflow-security-lab/tests/secureflow.tests/bin/release/net10.0/secureflow.tests.dll" id="cbbd54a8-23c5-bdbf-e886-a4608bb79c6c">
      <Execution id="d9abc541-0fc6-47f2-b21f-f97726f22111" />
      <TestMethod codeBase="/Users/moyan/SecureFlow-Workspace/SecureFlow-Security-Lab/tests/SecureFlow.Tests/bin/Release/net10.0/SecureFlow.Tests.dll" adapterTypeName="executor://xunit/VsTestRunner3/netcore/" className="SecureFlow.Tests.CreateTicketViewModelTests" name="ValidInputPassesValidation" />
    </UnitTest>
    <UnitTest name="SecureFlow.Tests.FileUploadValidatorTests.RejectsMismatchedContentType" storage="/users/moyan/secureflow-workspace/secureflow-security-lab/tests/secureflow.tests/bin/release/net10.0/secureflow.tests.dll" id="1afc4212-9e34-5bf9-c93c-a664cbc7d83d">
      <Execution id="ca5edc83-f65e-4607-b5ba-360b7078582e" />
      <TestMethod codeBase="/Users/moyan/SecureFlow-Workspace/SecureFlow-Security-Lab/tests/SecureFlow.Tests/bin/Release/net10.0/SecureFlow.Tests.dll" adapterTypeName="executor://xunit/VsTestRunner3/netcore/" className="SecureFlow.Tests.FileUploadValidatorTests" name="RejectsMismatchedContentType" />
    </UnitTest>
    <UnitTest name="SecureFlow.Tests.Security.FileSecurityScannerTests.RejectsPdfWithHtmlContent" storage="/users/moyan/secureflow-workspace/secureflow-security-lab/tests/secureflow.tests/bin/release/net10.0/secureflow.tests.dll" id="b44d7ce5-63e1-d654-eefa-ed4ca2def114">
      <Execution id="984683b7-0596-4aa9-8633-aada11684135" />
      <TestMethod codeBase="/Users/moyan/SecureFlow-Workspace/SecureFlow-Security-Lab/tests/SecureFlow.Tests/bin/Release/net10.0/SecureFlow.Tests.dll" adapterTypeName="executor://xunit/VsTestRunner3/netcore/" className="SecureFlow.Tests.Security.FileSecurityScannerTests" name="RejectsPdfWithHtmlContent" />
    </UnitTest>
    <UnitTest name="SecureFlow.Tests.Security.AuthorizationBoundaryTests.NonOwnerCannotModifyAnotherUsersTicket" storage="/users/moyan/secureflow-workspace/secureflow-security-lab/tests/secureflow.tests/bin/release/net10.0/secureflow.tests.dll" id="5c653dd1-ffff-4153-2a7c-fca9eb8e2b7b">
      <Execution id="a9d25d95-576e-4ce0-9fc0-c7a1deae6a39" />
      <TestMethod codeBase="/Users/moyan/SecureFlow-Workspace/SecureFlow-Security-Lab/tests/SecureFlow.Tests/bin/Release/net10.0/SecureFlow.Tests.dll" adapterTypeName="executor://xunit/VsTestRunner3/netcore/" className="SecureFlow.Tests.Security.AuthorizationBoundaryTests" name="NonOwnerCannotModifyAnotherUsersTicket" />
    </UnitTest>
    <UnitTest name="SecureFlow.Tests.TicketAccessServiceTests.AdminCanUseAdminFunctions" storage="/users/moyan/secureflow-workspace/secureflow-security-lab/tests/secureflow.tests/bin/release/net10.0/secureflow.tests.dll" id="a26dd8fc-691b-a791-136a-59481c1639e4">
      <Execution id="c772840c-2a6e-4489-970a-2c4054da128f" />
      <TestMethod codeBase="/Users/moyan/SecureFlow-Workspace/SecureFlow-Security-Lab/tests/SecureFlow.Tests/bin/Release/net10.0/SecureFlow.Tests.dll" adapterTypeName="executor://xunit/VsTestRunner3/netcore/" className="SecureFlow.Tests.TicketAccessServiceTests" name="AdminCanUseAdminFunctions" />
    </UnitTest>
    <UnitTest name="SecureFlow.Tests.Security.AuthorizationBoundaryTests.TicketsControllerRequiresAuthentication" storage="/users/moyan/secureflow-workspace/secureflow-security-lab/tests/secureflow.tests/bin/release/net10.0/secureflow.tests.dll" id="2d0c1e9c-6e7b-7e99-51a2-803823ddc622">
      <Execution id="e0d0bd5f-46aa-4361-92dd-76ad3c3570a3" />
      <TestMethod codeBase="/Users/moyan/SecureFlow-Workspace/SecureFlow-Security-Lab/tests/SecureFlow.Tests/bin/Release/net10.0/SecureFlow.Tests.dll" adapterTypeName="executor://xunit/VsTestRunner3/netcore/" className="SecureFlow.Tests.Security.AuthorizationBoundaryTests" name="TicketsControllerRequiresAuthentication" />
    </UnitTest>
    <UnitTest name="SecureFlow.Tests.Security.FileSecurityScannerTests.AcceptsJpegSignature" storage="/users/moyan/secureflow-workspace/secureflow-security-lab/tests/secureflow.tests/bin/release/net10.0/secureflow.tests.dll" id="3fe5a69d-6127-1f18-1b47-f173831ddb8b">
      <Execution id="8bf0f852-84a2-4817-86d3-cdb9e4398931" />
      <TestMethod codeBase="/Users/moyan/SecureFlow-Workspace/SecureFlow-Security-Lab/tests/SecureFlow.Tests/bin/Release/net10.0/SecureFlow.Tests.dll" adapterTypeName="executor://xunit/VsTestRunner3/netcore/" className="SecureFlow.Tests.Security.FileSecurityScannerTests" name="AcceptsJpegSignature" />
    </UnitTest>
  </TestDefinitions>
  <TestEntries>
    <TestEntry testId="f13165c1-67d7-6835-343f-3aa303c0c9c2" executionId="236bd22f-2049-4b60-a632-c00f5cd8b5ba" testListId="8c84fa94-04c1-424b-9868-57a2d4851a1d" />
    <TestEntry testId="b0feb852-b9cc-7990-5e12-3bc112d2910f" executionId="b8d2f53e-b92b-4dd2-82a7-f412a79236f7" testListId="8c84fa94-04c1-424b-9868-57a2d4851a1d" />
    <TestEntry testId="3fe5a69d-6127-1f18-1b47-f173831ddb8b" executionId="8bf0f852-84a2-4817-86d3-cdb9e4398931" testListId="8c84fa94-04c1-424b-9868-57a2d4851a1d" />
    <TestEntry testId="ca19abad-9dcd-1c21-6221-9ead7ac05ef7" executionId="001012b7-2f42-4571-8c54-17d126fc516a" testListId="8c84fa94-04c1-424b-9868-57a2d4851a1d" />
    <TestEntry testId="2eee42e3-7a2a-3503-6f30-3a6f02b58d64" executionId="2f68698c-3d9c-4ade-a06c-355295766a14" testListId="8c84fa94-04c1-424b-9868-57a2d4851a1d" />
    <TestEntry testId="b5cc5777-c913-daac-88dc-81a1a60f441f" executionId="fc95f7da-9b40-461d-8006-6cba0bd13885" testListId="8c84fa94-04c1-424b-9868-57a2d4851a1d" />
    <TestEntry testId="0d92c874-d39c-3b78-9cf5-5eed75ec2056" executionId="00953797-3cd5-4d7f-b6cd-e3cc96fcde1b" testListId="8c84fa94-04c1-424b-9868-57a2d4851a1d" />
    <TestEntry testId="6ab458e2-6527-87e6-1ea0-35f1b2f5354b" executionId="aba56320-9131-4579-88dd-66090a547a8e" testListId="8c84fa94-04c1-424b-9868-57a2d4851a1d" />
    <TestEntry testId="2d0c1e9c-6e7b-7e99-51a2-803823ddc622" executionId="e0d0bd5f-46aa-4361-92dd-76ad3c3570a3" testListId="8c84fa94-04c1-424b-9868-57a2d4851a1d" />
    <TestEntry testId="aa0ddf90-33dc-1800-98bc-7eaa3d4bd56c" executionId="6fa617b4-441e-4881-adf8-e74a2eed54da" testListId="8c84fa94-04c1-424b-9868-57a2d4851a1d" />
    <TestEntry testId="f5f7bd53-add0-1781-6cb5-55110c0a90f7" executionId="6d43a618-5177-4a0d-855c-dba06af1b7ee" testListId="8c84fa94-04c1-424b-9868-57a2d4851a1d" />
    <TestEntry testId="bef68d10-0705-1255-6a16-8f0ce06f02a4" executionId="2a577a54-fc7e-40a5-965b-a4028efcd222" testListId="8c84fa94-04c1-424b-9868-57a2d4851a1d" />
    <TestEntry testId="adfa2f9c-a294-0421-c87f-bf2acf82e005" executionId="d6d27191-b1fd-417b-bdb8-c98c74807993" testListId="8c84fa94-04c1-424b-9868-57a2d4851a1d" />
    <TestEntry testId="e7e26588-9078-6ffd-0318-8d302168c6fa" executionId="43e2391d-f5f4-4d77-bfea-70a35ca29d44" testListId="8c84fa94-04c1-424b-9868-57a2d4851a1d" />
    <TestEntry testId="4fa492d3-4b45-cb80-5d37-2e3569fd365a" executionId="b6b74c93-c7c5-4d77-9660-c583ecfb1dc0" testListId="8c84fa94-04c1-424b-9868-57a2d4851a1d" />
    <TestEntry testId="a61064cc-70a2-b961-162a-af3e222f1ebf" executionId="9965a7c6-4a67-4f71-b585-36dd071190bc" testListId="8c84fa94-04c1-424b-9868-57a2d4851a1d" />
    <TestEntry testId="a26dd8fc-691b-a791-136a-59481c1639e4" executionId="c772840c-2a6e-4489-970a-2c4054da128f" testListId="8c84fa94-04c1-424b-9868-57a2d4851a1d" />
    <TestEntry testId="6c0c88a0-56a2-2140-5b29-a98e262a53c1" executionId="8557a80f-3618-4706-9808-2e632adae93f" testListId="8c84fa94-04c1-424b-9868-57a2d4851a1d" />
    <TestEntry testId="5c653dd1-ffff-4153-2a7c-fca9eb8e2b7b" executionId="a9d25d95-576e-4ce0-9fc0-c7a1deae6a39" testListId="8c84fa94-04c1-424b-9868-57a2d4851a1d" />
    <TestEntry testId="be1fc026-2d50-57eb-2401-9a4f1dc54635" executionId="ca7022eb-12fd-4f27-9e95-46b593fc05f9" testListId="8c84fa94-04c1-424b-9868-57a2d4851a1d" />
    <TestEntry testId="26616ac5-c6e7-a752-66da-bace189355f2" executionId="bd063074-aba9-4aef-8e3a-52b3e77fd400" testListId="8c84fa94-04c1-424b-9868-57a2d4851a1d" />
    <TestEntry testId="f1116a2b-3506-e158-3498-dbfaf7276798" executionId="77b27af9-907c-4322-a6f1-f410c0f58ff9" testListId="8c84fa94-04c1-424b-9868-57a2d4851a1d" />
    <TestEntry testId="8dbfedc5-8319-ce88-d6af-ff68295e8fcb" executionId="92d7d457-9399-4715-9ff0-2e3c05b8a405" testListId="8c84fa94-04c1-424b-9868-57a2d4851a1d" />
    <TestEntry testId="f42adb4a-59b6-6ae8-661d-3f316da65d36" executionId="e35cffb0-d86d-488b-8970-ea9386a61faf" testListId="8c84fa94-04c1-424b-9868-57a2d4851a1d" />
    <TestEntry testId="4ebedf60-660c-8484-95e7-f7654b526541" executionId="6e7c5d7f-e6dd-49fc-a774-3441bf2b41f2" testListId="8c84fa94-04c1-424b-9868-57a2d4851a1d" />
    <TestEntry testId="afa781c6-a3e7-1a11-19e0-0f6671446614" executionId="b7f330bf-b995-4f60-a113-6debdd9c1891" testListId="8c84fa94-04c1-424b-9868-57a2d4851a1d" />
    <TestEntry testId="df9b6f1d-c67d-01c8-c195-e9c059fa6d61" executionId="345a4b18-f520-4fbd-b2dd-4f5eb14093eb" testListId="8c84fa94-04c1-424b-9868-57a2d4851a1d" />
    <TestEntry testId="6d1a9017-0d3d-ade1-16fe-6a7205479c05" executionId="70fb8336-93e1-48bd-b1d4-fcfc6c476da3" testListId="8c84fa94-04c1-424b-9868-57a2d4851a1d" />
    <TestEntry testId="1c7a1c16-66f3-58fa-7369-52b3fb1d3ee0" executionId="232f1037-a193-49e6-b5e5-ea95e3527c69" testListId="8c84fa94-04c1-424b-9868-57a2d4851a1d" />
    <TestEntry testId="b44d7ce5-63e1-d654-eefa-ed4ca2def114" executionId="984683b7-0596-4aa9-8633-aada11684135" testListId="8c84fa94-04c1-424b-9868-57a2d4851a1d" />
    <TestEntry testId="2df55b6a-7f8e-4661-6944-b0470eb1dba0" executionId="6a6fc6ff-95b6-4c0c-9a2b-4275ab81a2b7" testListId="8c84fa94-04c1-424b-9868-57a2d4851a1d" />
    <TestEntry testId="cbbd54a8-23c5-bdbf-e886-a4608bb79c6c" executionId="d9abc541-0fc6-47f2-b21f-f97726f22111" testListId="8c84fa94-04c1-424b-9868-57a2d4851a1d" />
    <TestEntry testId="bb7382a3-6637-b15c-0d67-0f751ff2787f" executionId="43a4749e-a665-48b2-8b64-39de641affd1" testListId="8c84fa94-04c1-424b-9868-57a2d4851a1d" />
    <TestEntry testId="1afc4212-9e34-5bf9-c93c-a664cbc7d83d" executionId="ca5edc83-f65e-4607-b5ba-360b7078582e" testListId="8c84fa94-04c1-424b-9868-57a2d4851a1d" />
  </TestEntries>
  <TestLists>
    <TestList name="Results Not in a List" id="8c84fa94-04c1-424b-9868-57a2d4851a1d" />
    <TestList name="All Loaded Results" id="19431567-8539-422a-85d7-44ee4e166bda" />
  </TestLists>
  <ResultSummary outcome="Completed">
    <Counters total="34" executed="34" passed="34" failed="0" error="0" timeout="0" aborted="0" inconclusive="0" passedButRunAborted="0" notRunnable="0" notExecuted="0" disconnected="0" warning="0" completed="0" inProgress="0" pending="0" />
    <Output>
      <StdOut>[xUnit.net 00:00:00.00] xUnit.net VSTest Adapter v3.1.4+50e68bbb8b (64-bit .NET 10.0.10)
[xUnit.net 00:00:00.05]   Discovering: SecureFlow.Tests
[xUnit.net 00:00:00.07]   Discovered:  SecureFlow.Tests
[xUnit.net 00:00:00.08]   Starting:    SecureFlow.Tests
[xUnit.net 00:00:00.14]   Finished:    SecureFlow.Tests
</StdOut>
    </Output>
  </ResultSummary>
</TestRun>